13:12:53  login
13:12:56  getlinelist
13:12:56  getdatalist
13:12:57  getdatalist
13:18:19  getlinelist
13:18:19  getdatalist
13:18:45  getdatalist
13:18:49  getdatalist
13:18:49  getdatalist
13:19:00  getdatalist
13:19:00  getdatalist
13:19:16  getdatalist
13:19:16  getdatalist
13:19:56  getdatalist
13:19:56  getdatalist
13:19:58  getdatalist
13:19:58  getdatalist
13:19:59  getdatalist
13:19:59  getdatalist
13:20:01  getdatalist
13:20:01  getdatalist
13:26:08  getlinelist
13:26:08  getdatalist
13:26:08  getdatalist
13:28:15  getlinelist
13:28:15  getdatalist
13:28:16  getdatalist
13:28:20  getdatalist
13:28:20  getdatalist
13:28:25  getdatalist
13:28:25  getdatalist
13:28:30  getdatalist
13:28:30  getdatalist
13:28:35  getdatalist
13:28:35  getdatalist
13:28:40  getdatalist
13:28:40  getdatalist
13:28:45  getdatalist
13:28:45  getdatalist
13:28:50  getdatalist
13:28:51  getdatalist
13:28:55  getdatalist
13:28:55  getdatalist
13:29:00  getdatalist
13:29:00  getdatalist
13:29:05  getdatalist
13:29:05  getdatalist
13:29:10  getdatalist
13:29:10  getdatalist
13:29:15  getdatalist
13:29:15  getdatalist
13:29:20  getdatalist
13:29:20  getdatalist
13:29:25  getdatalist
13:29:25  getdatalist
13:29:30  getdatalist
13:29:30  getdatalist
13:29:35  getdatalist
13:29:35  getdatalist
13:29:40  getdatalist
13:29:40  getdatalist
13:29:45  getdatalist
13:29:46  getdatalist
13:29:50  getdatalist
13:29:50  getdatalist
13:29:55  getdatalist
13:29:55  getdatalist
13:30:00  getdatalist
13:30:00  getdatalist
13:30:05  getdatalist
13:30:05  getdatalist
13:30:10  getdatalist
13:30:11  getdatalist
13:30:15  getdatalist
13:30:15  getdatalist
13:30:20  getdatalist
13:30:20  getdatalist
13:30:25  getdatalist
13:30:25  getdatalist
13:30:30  getdatalist
13:30:30  getdatalist
13:30:35  getdatalist
13:30:35  getdatalist
13:30:40  getdatalist
13:30:40  getdatalist
13:30:45  getdatalist
13:30:45  getdatalist
13:30:50  getdatalist
13:30:50  getdatalist
13:30:55  getdatalist
13:30:55  getdatalist
13:31:00  getdatalist
13:31:00  getdatalist
13:31:05  getdatalist
13:31:05  getdatalist
13:31:10  getdatalist
13:31:10  getdatalist
13:31:15  getdatalist
13:31:15  getdatalist
13:31:20  getdatalist
13:31:20  getdatalist
13:31:25  getdatalist
13:31:25  getdatalist
13:31:30  getdatalist
13:31:30  getdatalist
13:31:35  getdatalist
13:31:35  getdatalist
13:31:40  getdatalist
13:31:40  getdatalist
13:31:44  getlinelist
13:31:44  getdatalist
13:31:45  getdatalist
13:31:51  getdatalist
13:31:51  getdatalist
13:31:54  getdatalist
13:31:55  getdatalist
13:32:01  getdatalist
13:32:01  参数不正确
13:32:01  getdatalist
13:32:04  getdatalist
13:32:04  参数不正确
13:32:04  getdatalist
13:32:11  getdatalist
13:32:11  参数不正确
13:32:11  getdatalist
13:32:15  getdatalist
13:32:15  参数不正确
13:32:15  getdatalist
13:32:21  getdatalist
13:32:21  getdatalist
13:32:24  getdatalist
13:32:25  getdatalist
13:32:26  getdatalist
13:32:26  getdatalist
13:32:31  getdatalist
13:32:31  getdatalist
13:32:34  getdatalist
13:32:35  getdatalist
13:32:36  getdatalist
13:32:36  getdatalist
13:32:41  getdatalist
13:32:41  getdatalist
13:32:45  getdatalist
13:32:45  getdatalist
13:32:46  getdatalist
13:32:46  getdatalist
13:32:51  getdatalist
13:32:51  getdatalist
13:32:54  getdatalist
13:32:55  getdatalist
13:32:56  getdatalist
13:32:56  getdatalist
13:33:01  getdatalist
13:33:01  getdatalist
13:33:04  getdatalist
13:33:05  getdatalist
13:33:06  getdatalist
13:33:06  getdatalist
13:33:11  getdatalist
13:33:11  getdatalist
13:33:14  getdatalist
13:33:15  getdatalist
13:33:16  getdatalist
13:33:16  getdatalist
13:33:21  getdatalist
13:33:21  getdatalist
13:33:24  getdatalist
13:33:25  getdatalist
13:33:26  getdatalist
13:33:26  getdatalist
13:33:29  getlinelist
13:33:29  getdatalist
13:33:29  getdatalist
13:33:48  getdatalist
13:33:49  getdatalist
13:34:24  getdatalist
13:34:24  getdatalist
13:34:34  getdatalist
13:34:34  getdatalist
13:34:44  getdatalist
13:34:44  getdatalist
13:34:54  getdatalist
13:34:54  getdatalist
13:35:04  getdatalist
13:35:04  getdatalist
13:35:14  getdatalist
13:35:14  getdatalist
13:35:24  getdatalist
13:35:24  getdatalist
13:35:34  getdatalist
13:35:34  getdatalist
13:35:37  getdatalist
13:35:37  getdatalist
13:35:41  getdatalist
13:35:42  getdatalist
13:35:43  getdatalist
13:35:43  getdatalist
13:35:44  getdatalist
13:35:44  getdatalist
13:35:47  getdatalist
13:35:47  getdatalist
13:35:52  getdatalist
13:35:52  getdatalist
13:35:53  getdatalist
13:35:53  getdatalist
13:35:54  getdatalist
13:35:54  getdatalist
13:35:57  getdatalist
13:35:57  getdatalist
13:36:02  getdatalist
13:36:02  getdatalist
13:36:03  getdatalist
13:36:03  getdatalist
13:36:04  getdatalist
13:36:04  getdatalist
13:36:07  getdatalist
13:36:07  getdatalist
13:36:12  getdatalist
13:36:12  getdatalist
13:36:13  getdatalist
13:36:13  getdatalist
13:36:16  getdatalist
13:36:17  getdatalist
13:36:19  getdatalist
13:36:19  getdatalist
13:36:20  getdatalist
13:36:20  getdatalist
13:36:20  getdatalist
13:36:20  getdatalist
13:36:22  getdatalist
13:36:22  getdatalist
13:36:23  getdatalist
13:36:23  getdatalist
13:36:26  getdatalist
13:36:26  getdatalist
13:36:27  getdatalist
13:36:27  getdatalist
13:36:29  getdatalist
13:36:29  getdatalist
13:36:31  getdatalist
13:36:32  getdatalist
13:36:33  getdatalist
13:36:33  getdatalist
13:36:39  getdatalist
13:36:39  getdatalist
13:36:40  getdatalist
13:36:40  getdatalist
13:36:40  getdatalist
13:36:40  getdatalist
13:36:40  getdatalist
13:36:40  getdatalist
13:36:51  getdatalist
13:36:52  getdatalist
13:36:52  getdatalist
13:36:52  getdatalist
13:36:52  getdatalist
13:36:52  getdatalist
13:36:53  getdatalist
13:36:53  getdatalist
13:36:53  getdatalist
13:36:53  getdatalist
13:36:53  getdatalist
13:36:53  getdatalist
13:37:37  getdatalist
13:37:37  getdatalist
13:37:37  getdatalist
13:37:37  getdatalist
13:37:38  getdatalist
13:37:38  getdatalist
13:37:38  getdatalist
13:37:38  getdatalist
13:37:39  getdatalist
13:37:39  getdatalist
13:37:39  getdatalist
13:37:39  getdatalist
13:37:47  getdatalist
13:37:47  getdatalist
13:37:47  getdatalist
13:37:47  getdatalist
13:37:48  getdatalist
13:37:48  getdatalist
13:37:48  getdatalist
13:37:48  getdatalist
13:37:49  getdatalist
13:37:49  getdatalist
13:37:49  getdatalist
13:37:49  getdatalist
13:37:57  getdatalist
13:37:57  getdatalist
13:37:57  getdatalist
13:37:57  getdatalist
13:37:58  getdatalist
13:37:58  getdatalist
13:37:58  getdatalist
13:37:58  getdatalist
13:37:59  getdatalist
13:37:59  getdatalist
13:37:59  getdatalist
13:37:59  getdatalist
13:38:07  getdatalist
13:38:07  getdatalist
13:38:07  getdatalist
13:38:07  getdatalist
13:38:08  getdatalist
13:38:08  getdatalist
13:38:08  getdatalist
13:38:08  getdatalist
13:38:09  getdatalist
13:38:09  getdatalist
13:38:09  getdatalist
13:38:09  getdatalist
13:38:17  getdatalist
13:38:17  getdatalist
13:38:17  getdatalist
13:38:17  getdatalist
13:38:18  getdatalist
13:38:18  getdatalist
13:38:18  getdatalist
13:38:18  getdatalist
13:38:19  getdatalist
13:38:19  getdatalist
13:38:19  getdatalist
13:38:19  getdatalist
13:38:27  getdatalist
13:38:27  getdatalist
13:38:27  getdatalist
13:38:27  getdatalist
13:38:28  getdatalist
13:38:28  getdatalist
13:38:28  getdatalist
13:38:28  getdatalist
13:38:29  getdatalist
13:38:29  getdatalist
13:38:29  getdatalist
13:38:29  getdatalist
13:38:37  getdatalist
13:38:37  getdatalist
13:38:37  getdatalist
13:38:37  getdatalist
13:38:38  getdatalist
13:38:38  getdatalist
13:38:38  getdatalist
13:38:38  getdatalist
13:38:39  getdatalist
13:38:39  getdatalist
13:38:39  getdatalist
13:38:39  getdatalist
13:38:47  getdatalist
13:38:47  getdatalist
13:38:47  getdatalist
13:38:47  getdatalist
13:38:48  getdatalist
13:38:48  getdatalist
13:38:48  getdatalist
13:38:48  getdatalist
13:38:49  getdatalist
13:38:49  getdatalist
13:38:49  getdatalist
13:38:49  getdatalist
13:38:57  getdatalist
13:38:57  getdatalist
13:38:57  getdatalist
13:38:57  getdatalist
13:38:58  getdatalist
13:38:58  getdatalist
13:38:58  getdatalist
13:38:58  getdatalist
13:38:59  getdatalist
13:38:59  getdatalist
13:38:59  getdatalist
13:38:59  getdatalist
13:42:06  getlinelist
13:42:06  getdatalist
13:42:06  getdatalist
13:42:08  getdatalist
13:42:08  getdatalist
13:42:16  getdatalist
13:42:16  getdatalist
13:42:18  getdatalist
13:42:18  getdatalist
13:42:26  getdatalist
13:42:26  getdatalist
13:42:28  getdatalist
13:42:28  getdatalist
13:42:36  getdatalist
13:42:36  getdatalist
13:42:38  getdatalist
13:42:38  getdatalist
13:42:47  getlinelist
13:42:48  getdatalist
13:42:48  getdatalist
13:42:54  getdatalist
13:42:54  getdatalist
13:42:59  getdatalist
13:42:59  getdatalist
13:43:05  getdatalist
13:43:05  getdatalist
13:43:10  getdatalist
13:43:10  getdatalist
13:43:17  getdatalist
13:43:17  getdatalist
13:43:22  getdatalist
13:43:22  getdatalist
13:43:27  getdatalist
13:43:27  getdatalist
13:43:32  getdatalist
13:43:32  getdatalist
13:43:36  getlinelist
13:43:36  getdatalist
13:43:36  getdatalist
13:43:46  getdatalist
13:43:46  getdatalist
13:43:56  getdatalist
13:43:56  getdatalist
13:44:06  getdatalist
13:44:06  getdatalist
13:44:16  getdatalist
13:44:16  getdatalist
13:44:26  getdatalist
13:44:26  getdatalist
13:44:36  getdatalist
13:44:36  getdatalist
13:44:46  getdatalist
13:44:46  getdatalist
13:44:56  getdatalist
13:44:56  getdatalist
13:45:06  getdatalist
13:45:06  getdatalist
13:45:16  getdatalist
13:45:16  getdatalist
13:45:26  getdatalist
13:45:26  getdatalist
13:45:36  getdatalist
13:45:36  getdatalist
13:45:46  getdatalist
13:45:46  getdatalist
13:45:56  getdatalist
13:45:56  getdatalist
13:46:06  getdatalist
13:46:06  getdatalist
13:46:16  getdatalist
13:46:16  getdatalist
13:46:26  getdatalist
13:46:26  getdatalist
13:46:36  getdatalist
13:46:36  getdatalist
13:46:46  getdatalist
13:46:46  getdatalist
13:46:56  getdatalist
13:46:56  getdatalist
13:47:06  getdatalist
13:47:06  getdatalist
13:47:16  getdatalist
13:47:16  getdatalist
13:47:26  getdatalist
13:47:26  getdatalist
14:06:56  login
14:06:58  getlinelist
14:07:07  
14:07:07  getdatalist
14:07:11  getlinelist
14:08:43  
14:08:43  getdatalist
14:08:49  
14:08:49  getdatalist
14:08:53  getdatalist
14:08:53  getdatalist
14:08:55  getlinelist
14:08:55  getdatalist
14:09:01  
14:09:01  getdatalist
14:09:09  login
14:09:12  getlinelist
14:09:12  getdatalist
14:09:17  
14:09:17  getdatalist
14:09:22  getdatalist
14:09:27  getdatalist
14:13:49  login
14:13:52  getlinelist
14:13:52  getdatalist
14:14:22  getdatalist
14:19:11  login
14:19:13  getlinelist
14:20:07  getlinelist
14:20:07  getdatalist
14:20:11  getdatalist
14:20:12  getdatalist
14:20:12  getdatalist
14:20:13  getdatalist
14:20:13  getdatalist
14:20:21  getdatalist
14:20:21  getdatalist
14:20:21  getdatalist
14:20:22  getdatalist
14:20:23  getdatalist
14:20:32  getdatalist
14:21:02  getdatalist
15:39:11  login
15:39:14  getlinelist
15:39:15  getdatalist
15:39:16  getdatalist
15:39:18  getdatalist
15:41:24  login
15:41:26  getlinelist
15:41:26  getdatalist
15:41:28  getdatalist
15:41:30  getdatalist
15:42:00  getdatalist
15:42:30  getdatalist
15:43:00  getdatalist
15:43:30  getdatalist
15:44:00  getdatalist
15:44:30  getdatalist
15:45:00  getdatalist
15:45:30  getdatalist
15:46:00  getdatalist
15:46:30  getdatalist
15:47:00  getdatalist
15:47:30  getdatalist
15:48:00  getdatalist
15:48:30  getdatalist
15:49:00  getdatalist
15:49:30  getdatalist
15:50:00  getdatalist
15:50:30  getdatalist
15:51:00  getdatalist
15:51:30  getdatalist
15:51:58  getlinelist
15:51:58  getdatalist
15:52:17  getdatalist
15:52:36  getdatalist
15:53:01  getdatalist
15:53:06  getdatalist
15:53:36  getdatalist
15:54:06  getdatalist
15:54:36  getdatalist
16:00:30  login
16:00:32  getlinelist
16:00:33  getdatalist
16:00:44  getdatalist
16:01:14  getdatalist
16:01:44  getdatalist
16:02:14  getdatalist
16:02:29  getlinelist
16:02:30  getdatalist
16:02:41  getdatalist
16:02:44  getdatalist
16:03:07  getdatalist
16:03:10  getdatalist
16:03:12  getdatalist
16:03:42  getdatalist
16:04:11  getdatalist
16:04:19  getdatalist
16:04:21  getdatalist
16:04:24  getdatalist
16:04:25  getdatalist
16:04:26  getdatalist
16:04:29  getlinelist
16:04:33  getlinelist
16:04:33  getnumberlist
16:04:39  getlinelist
16:08:22  login
16:08:25  getlinelist
16:08:25  getdatalist
16:08:37  getlinelist
16:08:37  getdatalist
16:08:46  getlinelist
16:08:46  getdatalist
16:08:47  getlinelist
16:08:47  getdatalist
16:08:50  getdatalist
16:08:58  getlinelist
16:08:58  getdatalist
16:09:28  getdatalist
16:09:58  getdatalist
16:10:00  getdatalist
16:10:06  getlinelist
16:10:07  getlinelist
16:10:07  getnumberlist
16:10:10  getuserlist
16:10:15  getlinelist
16:10:15  getdatalist
16:10:18  getlinelist
16:10:19  getlinelist
16:10:20  getnumberlist
16:10:24  getlinelist
16:10:24  getdatalist
16:10:54  getdatalist
16:11:24  getdatalist
16:11:35  getdatalist
16:12:05  getdatalist
16:12:35  getdatalist
16:13:05  getdatalist
16:13:14  getlinelist
16:13:14  getdatalist
16:13:15  getlinelist
16:14:38  getlinelist
16:14:40  getlinelist
16:14:40  getdatalist
16:14:41  getlinelist
16:14:48  getlinelist
16:14:48  getdatalist
16:14:49  getlinelist
16:14:50  getlinelist
16:14:52  getlinelist
16:14:52  getnumberlist
16:14:56  getlinelist
16:14:56  getdatalist
16:14:57  getlinelist
16:14:58  getlinelist
16:14:58  getdatalist
16:15:00  getlinelist
16:15:02  getlinelist
16:16:00  getlinelist
16:16:02  getlinelist
16:16:02  getnumberlist
16:16:13  getuserlist
16:16:17  getlinelist
16:16:18  getlinelist
16:16:18  getnumberlist
16:16:19  getlinelist
16:16:20  getlinelist
16:16:20  getdatalist
16:16:22  getlinelist
16:24:39  getbusparklist
16:26:15  login
16:26:18  getlinelist
16:26:18  getdatalist
16:26:20  getbusparklist
16:26:50  getbusparklist
16:27:34  getbusparklist
16:27:48  getbusparklist
16:33:13  addbuspark
16:33:57  getbusparklist
16:34:00  addbuspark
16:44:21  login
16:44:24  getlinelist
16:44:24  getdatalist
16:45:08  getbusparklist
16:51:10  login
16:51:12  getlinelist
16:51:12  getdatalist
16:51:13  getbusparklist
16:51:19  addbuspark
16:52:55  getbusparklist
16:53:00  addbuspark
16:53:26  getbusparklist
17:06:15  addbuspark
17:06:15  getbusparklist
17:06:24  addbuspark
17:06:31  addbuspark
