00:00:01  进入a
00:00:01  addline
00:00:01  addline
00:00:02  进入a
00:00:02  getlinelist
00:00:02  getlinelist
00:00:05  进入a
00:00:05  addline
00:00:05  addline
00:00:05  进入a
00:00:05  getlinelist
00:00:05  getlinelist
00:00:08  进入a
00:00:08  addline
00:00:08  addline
00:00:08  进入a
00:00:08  getlinelist
00:00:08  getlinelist
00:00:10  进入a
00:00:10  addline
00:00:10  addline
00:00:13  进入a
00:00:13  getlinelist
00:00:13  getlinelist
00:00:17  进入a
00:00:17  addline
00:00:17  addline
00:00:18  进入a
00:00:18  getlinelist
00:00:18  getlinelist
00:01:18  进入a
00:01:18  getlinelist
00:01:18  getlinelist
00:01:20  进入a
00:01:20  addline
00:01:21  addline
00:01:21  进入a
00:01:21  getlinelist
00:01:21  getlinelist
00:02:49  进入a
00:02:49  getlinelist
00:02:49  getlinelist
00:02:51  进入a
00:02:51  addline
00:02:51  addline
00:02:51  进入a
00:02:51  getlinelist
00:02:51  getlinelist
00:02:57  进入a
00:02:57  addline
00:02:57  addline
00:02:57  进入a
00:02:57  getlinelist
00:02:57  getlinelist
00:03:15  进入a
00:03:15  getlinelist
00:03:15  getlinelist
00:03:17  进入a
00:03:17  addline
00:03:17  addline
00:03:17  进入a
00:03:17  getlinelist
00:03:17  getlinelist
00:03:22  进入a
00:03:22  addline
00:03:22  addline
00:03:22  进入a
00:03:22  getlinelist
00:03:22  getlinelist
00:03:52  进入a
00:03:52  getlinelist
00:03:52  getlinelist
00:03:53  进入a
00:03:53  addline
00:03:53  addline
00:04:16  进入a
00:04:16  getlinelist
00:04:16  getlinelist
00:04:21  进入a
00:04:21  addline
00:04:21  addline
00:04:23  进入a
00:04:23  addline
00:04:23  addline
00:04:26  进入a
00:04:26  addline
00:04:26  addline
00:04:28  进入a
00:04:28  addline
00:04:28  addline
00:04:32  进入a
00:04:32  addline
00:04:32  addline
00:05:23  进入a
00:05:23  getlinelist
00:05:23  getlinelist
00:05:24  进入a
00:05:24  addline
00:05:24  addline
00:05:38  进入a
00:05:38  getlinelist
00:05:38  getlinelist
00:05:41  进入a
00:05:41  addline
00:05:41  addline
00:05:46  进入a
00:05:46  addline
00:05:46  addline
00:06:29  进入a
00:06:29  getlinelist
00:06:29  getlinelist
00:06:31  进入a
00:06:31  addline
00:06:31  addline
00:07:05  进入a
00:07:05  getlinelist
00:07:05  getlinelist
00:07:08  进入a
00:07:08  getlinelist
00:07:08  getlinelist
00:07:13  进入a
00:07:13  addline
00:07:13  addline
00:07:27  进入a
00:07:27  getlinelist
00:07:27  getlinelist
00:07:29  进入a
00:07:29  addline
00:07:29  addline
00:07:40  进入a
00:07:40  getlinelist
00:07:40  getlinelist
00:07:43  进入a
00:07:43  addline
00:07:43  addline
00:07:47  进入a
00:07:47  delline
00:07:47  delline
00:07:50  进入a
00:07:50  delline
00:07:50  delline
00:07:59  进入a
00:07:59  delline
00:07:59  delline
00:08:10  进入a
00:08:10  delline
00:08:30  delline
00:08:32  进入a
00:08:32  delline
00:08:37  delline
00:08:37  进入a
00:08:37  getlinelist
00:08:37  getlinelist
00:08:43  进入a
00:08:43  delline
00:08:43  delline
00:08:43  进入a
00:08:43  getlinelist
00:08:43  getlinelist
00:08:46  进入a
00:08:46  delline
00:08:46  delline
00:08:46  进入a
00:08:46  getlinelist
00:08:46  getlinelist
00:08:48  进入a
00:08:48  delline
00:08:48  delline
00:08:48  进入a
00:08:48  getlinelist
00:08:48  getlinelist
00:08:50  进入a
00:08:50  delline
00:08:50  delline
00:08:50  进入a
00:08:50  getlinelist
00:08:50  getlinelist
00:08:52  进入a
00:08:52  delline
00:08:52  delline
00:08:52  进入a
00:08:52  getlinelist
00:08:52  getlinelist
00:08:53  进入a
00:08:53  delline
00:08:53  delline
00:08:53  进入a
00:08:53  getlinelist
00:08:54  getlinelist
00:08:55  进入a
00:08:55  delline
00:08:55  delline
00:08:55  进入a
00:08:55  getlinelist
00:08:55  getlinelist
00:08:57  进入a
00:08:57  delline
00:08:57  delline
00:08:57  进入a
00:08:57  getlinelist
00:08:57  getlinelist
00:08:58  进入a
00:08:58  delline
00:08:58  delline
00:08:58  进入a
00:08:58  getlinelist
00:08:58  getlinelist
00:09:13  进入a
00:09:13  getlinelist
00:09:13  getlinelist
00:09:20  进入a
00:09:20  addline
00:09:20  addline
00:09:26  进入a
00:09:26  addline
00:09:26  addline
00:09:29  进入a
00:09:29  getlinelist
00:09:29  getlinelist
00:09:50  进入a
00:09:50  getlinelist
00:09:50  getlinelist
00:09:51  进入a
00:09:51  delline
00:09:51  delline
00:09:52  进入a
00:09:52  getlinelist
00:09:52  getlinelist
00:09:53  进入a
00:09:53  delline
00:09:53  delline
00:09:54  进入a
00:09:54  getlinelist
00:09:54  getlinelist
00:10:04  进入a
00:10:04  addline
00:10:04  addline
00:10:04  进入a
00:10:04  getlinelist
00:10:04  getlinelist
00:11:36  进入a
00:11:36  进入getdatalist
00:11:36  getdatalist
00:11:36  getdatalist
00:19:22  进入a
00:19:22  进入getdatalist
00:19:22  getdatalist
00:19:22  getdatalist
00:23:38  进入a
00:23:38  addline
00:23:38  addline
00:25:09  进入a
00:25:09  addline
00:25:09  addline
00:33:04  进入a
00:33:04  getlinelist
00:33:04  getlinelist
00:33:27  进入a
00:33:27  getlinelist
00:33:27  getlinelist
00:33:49  进入a
00:33:49  getlinelist
00:33:49  getlinelist
00:33:53  进入a
00:33:53  getlinelist
00:33:53  getlinelist
00:35:33  进入a
00:35:33  getlinelist
00:35:33  getlinelist
00:36:14  进入a
00:36:14  getlinelist
00:36:14  getlinelist
00:36:19  进入a
00:36:19  getlinelist
00:36:19  getlinelist
00:36:26  进入a
00:36:26  getlinelist
00:36:26  getlinelist
00:54:49  进入a
00:54:49  getlinelist
00:54:50  getlinelist
00:54:51  进入a
00:54:51  getlinelist
00:54:51  getlinelist
00:54:58  进入a
00:54:58  addnumber
00:54:58  addnumber
00:55:01  进入a
00:55:01  addnumber
00:55:01  addnumber
00:57:33  进入a
00:57:33  addnumber
00:57:33  addnumber
00:58:16  进入a
00:58:16  addnumber
00:58:16  addnumber
00:58:38  进入a
00:58:38  getlinelist
00:58:38  getlinelist
00:58:46  进入a
00:58:46  addnumber
00:58:46  addnumber
00:58:50  进入a
00:58:50  getlinelist
00:58:50  getlinelist
00:59:00  进入a
00:59:00  getlinelist
00:59:00  getlinelist
00:59:03  进入a
00:59:03  addline
00:59:03  addline
00:59:03  进入a
00:59:03  getlinelist
00:59:03  getlinelist
00:59:42  进入a
00:59:42  getlinelist
00:59:42  getlinelist
00:59:45  进入a
00:59:45  addline
00:59:45  addline
00:59:45  进入a
00:59:45  getlinelist
00:59:45  getlinelist
01:04:05  进入a
01:04:05  getlinelist
01:04:05  getlinelist
01:04:09  进入a
01:04:09  getlinelist
01:04:09  getlinelist
01:04:11  进入a
01:04:11  getlinelist
01:04:11  getlinelist
01:04:14  进入a
01:04:14  addnumber
01:04:14  addnumber
01:04:14  进入a
01:04:14  getlinelist
01:04:14  getlinelist
01:04:37  进入a
01:04:37  getlinelist
01:04:37  进入a
01:04:37  getlinelist
01:04:37  getlinelist
01:04:37  getlinelist
01:04:42  进入a
01:04:42  getlinelist
01:04:42  getlinelist
01:05:07  进入a
01:05:07  getlinelist
01:05:07  getlinelist
01:05:36  进入a
01:05:36  getlinelist
01:05:36  进入a
01:05:36  getlinelist
01:05:36  getlinelist
01:05:41  进入a
01:05:41  getlinelist
01:05:41  进入a
01:05:41  getnumberlist
01:05:41  getlinelist
01:05:41  getnumberlist
01:06:57  进入a
01:06:57  getnumberlist
01:06:57  进入a
01:06:57  getlinelist
01:06:58  getnumberlist
01:06:58  getlinelist
01:07:03  进入a
01:07:03  addnumber
01:07:03  addnumber
01:07:03  进入a
01:07:03  getnumberlist
01:07:03  getnumberlist
01:07:51  进入a
01:07:51  addnumber
01:08:35  addnumber
01:08:35  进入a
01:08:35  getnumberlist
01:08:35  getnumberlist
01:08:38  进入a
01:08:38  getlinelist
01:08:38  进入a
01:08:38  getnumberlist
01:08:38  getlinelist
01:08:38  getnumberlist
01:08:42  进入a
01:08:42  addnumber
01:08:46  addnumber
01:08:47  进入a
01:08:47  getnumberlist
01:08:47  getnumberlist
01:09:25  进入a
01:09:25  addnumber
01:09:35  addnumber
01:09:38  进入a
01:09:38  addnumber
01:09:38  addnumber
01:09:40  进入a
01:09:40  addnumber
01:09:40  addnumber
01:09:42  进入a
01:09:42  addnumber
01:09:42  addnumber
01:10:00  进入a
01:10:00  addnumber
01:10:00  addnumber
01:10:02  进入a
01:10:02  addnumber
01:10:02  addnumber
01:10:04  进入a
01:10:04  addnumber
01:10:04  addnumber
01:10:06  进入a
01:10:06  addnumber
01:10:06  addnumber
01:10:17  进入a
01:10:17  addnumber
01:10:35  addnumber
01:10:37  进入a
01:10:37  addnumber
01:10:37  addnumber
01:11:36  进入a
01:11:36  进入a
01:11:36  getlinelist
01:11:36  getnumberlist
01:11:36  getlinelist
01:11:39  进入a
01:11:39  addnumber
01:11:39  addnumber
01:11:43  进入a
01:11:43  addnumber
01:11:43  addnumber
01:12:49  进入a
01:12:49  addnumber
01:12:49  addnumber
01:13:12  进入a
01:13:12  addnumber
01:13:12  addnumber
01:13:15  进入a
01:13:15  addnumber
01:13:15  addnumber
01:13:15  进入a
01:13:15  getnumberlist
01:13:15  getnumberlist
01:13:28  进入a
01:13:28  addnumber
01:13:28  addnumber
01:13:31  进入a
01:13:31  getnumberlist
01:13:31  进入a
01:13:31  getlinelist
01:13:31  getnumberlist
01:13:31  getlinelist
01:13:38  进入a
01:13:38  getlinelist
01:13:38  getlinelist
01:13:38  getnumberlist
01:14:08  进入a
01:14:08  getlinelist
01:14:08  进入a
01:14:08  getnumberlist
01:14:08  getlinelist
01:14:08  getnumberlist
01:14:26  进入a
01:14:26  getnumberlist
01:14:26  进入a
01:14:26  getlinelist
01:14:26  getnumberlist
01:14:26  getlinelist
01:14:36  进入a
01:14:36  getlinelist
01:14:44  getlinelist
01:14:44  getnumberlist
01:14:46  getnumberlist
01:14:54  进入a
01:14:54  getlinelist
01:14:54  进入a
01:14:55  getlinelist
01:14:55  getnumberlist
01:15:32  getnumberlist
01:16:06  进入a
01:16:06  getnumberlist
01:16:06  getlinelist
01:16:06  getnumberlist
01:16:06  getlinelist
01:16:36  进入a
01:16:36  进入a
01:16:36  getnumberlist
01:16:36  getlinelist
01:16:47  getnumberlist
01:16:56  进入a
01:16:56  getlinelist
01:16:56  进入a
01:16:56  getnumberlist
01:16:56  getlinelist
01:16:56  getnumberlist
01:17:45  进入a
01:17:45  进入a
01:17:45  getnumberlist
01:18:03  getlinelist
01:18:04  getnumberlist
01:18:08  进入a
01:18:08  getlinelist
01:18:08  进入a
01:18:08  getnumberlist
01:18:08  getlinelist
01:18:11  getnumberlist
01:18:14  进入a
01:18:14  进入a
01:18:14  getnumberlist
01:18:14  getnumberlist
01:18:14  getlinelist
01:18:17  进入a
01:18:17  进入a
01:18:17  getlinelist
01:18:17  getnumberlist
01:18:22  进入a
01:18:22  getlinelist
01:18:23  getnumberlist
01:18:23  getlinelist
01:18:23  getnumberlist
01:18:29  进入a
01:18:29  getlinelist
01:18:29  getnumberlist
01:18:36  getlinelist
01:18:36  getnumberlist
01:21:07  进入a
01:21:07  getlinelist
01:21:07  getnumberlist
01:21:10  getlinelist
01:21:10  getnumberlist
01:21:44  进入a
01:21:44  getlinelist
01:21:44  getlinelist
01:21:44  getnumberlist
01:22:25  进入a
01:22:25  getlinelist
01:22:25  getlinelist
01:22:25  进入a
01:22:25  getnumberlist
01:22:25  getnumberlist
01:22:58  进入a
01:22:58  getlinelist
01:22:58  getlinelist
01:22:58  进入a
01:22:58  getnumberlist
01:22:58  getnumberlist
01:23:36  进入a
01:23:36  getlinelist
01:23:36  getlinelist
01:23:36  进入a
01:23:36  getnumberlist
01:23:36  getnumberlist
01:25:24  进入a
01:25:24  getlinelist
01:25:24  getlinelist
01:25:25  进入a
01:25:25  getnumberlist
01:25:25  getnumberlist
01:26:00  进入a
01:26:00  getlinelist
01:26:00  getlinelist
01:26:01  进入a
01:26:01  getnumberlist
01:26:01  getnumberlist
01:26:22  进入a
01:26:22  getlinelist
01:26:22  getlinelist
01:26:23  进入a
01:26:23  getnumberlist
01:26:23  getnumberlist
01:26:37  进入a
01:26:37  getlinelist
01:26:38  getlinelist
01:26:38  getlinelist
01:26:38  进入a
01:26:38  getnumberlist
01:26:38  getnumberlist
01:28:45  进入a
01:28:45  getlinelist
01:28:45  getlinelist
01:28:46  进入a
01:28:46  getnumberlist
01:28:46  getnumberlist
01:30:40  进入a
01:30:40  getlinelist
01:30:40  getlinelist
01:30:55  进入a
01:30:55  getnumberlist
01:30:55  getnumberlist
01:32:20  进入a
01:32:20  getlinelist
01:32:20  getlinelist
01:32:21  进入a
01:32:21  getnumberlist
01:32:21  getnumberlist
01:32:49  进入a
01:32:49  getlinelist
01:32:49  getlinelist
01:32:51  进入a
01:32:51  getlinelist
01:32:51  getlinelist
01:32:51  进入a
01:32:51  getnumberlist
01:32:51  getnumberlist
01:34:48  进入a
01:34:48  getlinelist
01:34:48  getlinelist
01:34:59  进入a
01:34:59  getlinelist
01:34:59  getlinelist
01:35:00  进入a
01:35:00  getnumberlist
01:35:00  getnumberlist
01:36:06  进入a
01:36:06  getlinelist
01:36:06  getlinelist
01:36:06  进入a
01:36:06  getnumberlist
01:36:06  getnumberlist
01:36:07  进入a
01:36:07  getnumberlist
01:36:07  getnumberlist
01:36:09  进入a
01:36:09  getnumberlist
01:36:09  getnumberlist
01:36:11  进入a
01:36:11  getnumberlist
01:36:11  getnumberlist
01:36:12  进入a
01:36:12  getnumberlist
01:36:12  getnumberlist
01:36:15  进入a
01:36:15  getnumberlist
01:36:15  getnumberlist
01:36:19  进入a
01:36:19  getnumberlist
01:36:19  getnumberlist
01:36:23  进入a
01:36:23  addnumber
01:36:23  addnumber
01:36:23  进入a
01:36:23  getnumberlist
01:36:23  getnumberlist
01:36:26  进入a
01:36:26  getnumberlist
01:36:26  getnumberlist
01:36:28  进入a
01:36:28  getnumberlist
01:36:28  getnumberlist
01:36:30  进入a
01:36:30  getnumberlist
01:36:30  getnumberlist
01:36:33  进入a
01:36:33  getnumberlist
01:36:33  getnumberlist
01:36:36  进入a
01:36:36  addnumber
01:36:36  addnumber
01:36:36  进入a
01:36:36  getnumberlist
01:36:36  getnumberlist
01:36:40  进入a
01:36:40  addnumber
01:36:40  addnumber
01:36:43  进入a
01:36:43  addnumber
01:36:43  addnumber
01:36:45  进入a
01:36:45  addnumber
01:36:45  addnumber
01:36:45  进入a
01:36:45  getnumberlist
01:36:45  getnumberlist
01:36:49  进入a
01:36:49  getnumberlist
01:36:49  getnumberlist
01:37:35  进入a
01:37:35  getlinelist
01:37:35  getlinelist
01:37:35  进入a
01:37:35  getnumberlist
01:37:35  getnumberlist
01:37:41  进入a
01:37:41  addnumber
01:37:41  addnumber
01:37:47  进入a
01:37:47  addnumber
01:37:47  addnumber
01:37:47  进入a
01:37:47  getnumberlist
01:37:47  getnumberlist
01:37:52  进入a
01:37:52  getnumberlist
01:37:52  getnumberlist
01:37:54  进入a
01:37:54  getnumberlist
01:37:54  getnumberlist
01:37:55  进入a
01:37:55  getnumberlist
01:37:55  getnumberlist
01:37:57  进入a
01:37:57  getnumberlist
01:37:57  getnumberlist
01:37:58  进入a
01:37:58  getnumberlist
01:37:58  getnumberlist
01:38:06  进入a
01:38:06  进入getdatalist
01:38:06  getdatalist
01:38:06  getdatalist
01:38:14  进入a
01:38:14  进入getdatalist
01:38:14  getdatalist
01:38:14  getdatalist
01:38:20  进入a
01:38:20  进入getdatalist
01:38:20  getdatalist
01:38:20  getdatalist
01:38:55  进入a
01:38:55  进入getdatalist
01:38:55  getdatalist
01:38:55  getdatalist
01:40:30  进入a
01:40:30  进入getdatalist
01:40:30  getdatalist
01:40:30  进入a
01:40:30  getlinelist
01:40:31  getdatalist
01:40:31  getlinelist
01:40:47  进入a
01:40:47  进入getdatalist
01:40:47  getdatalist
01:40:47  进入a
01:40:47  getlinelist
01:40:47  getdatalist
01:40:47  getlinelist
01:41:52  进入a
01:41:52  进入getdatalist
01:41:52  getdatalist
01:41:52  getlinelist
01:41:52  getlinelist
01:41:52  getdatalist
01:42:14  进入a
01:42:14  进入getdatalist
01:42:14  getdatalist
01:42:14  进入a
01:42:14  getlinelist
01:42:14  getlinelist
01:42:14  getdatalist
01:42:20  进入a
01:42:20  进入getdatalist
01:42:20  getdatalist
01:42:21  getdatalist
01:50:53  进入a
01:50:53  getlinelist
01:50:53  getlinelist
01:50:55  进入a
01:50:55  getlinelist
01:50:55  进入a
01:50:55  进入getdatalist
01:50:55  getlinelist
01:50:55  列名 'id' 不明确。
01:50:55  getdatalist
01:51:03  进入a
01:51:03  进入getdatalist
01:51:03  getdatalist
01:51:03  进入a
01:51:03  getlinelist
01:51:11  getlinelist
01:51:11  列名 'id' 不明确。
01:51:11  getdatalist
01:51:14  进入a
01:51:14  进入getdatalist
01:51:14  getdatalist
01:51:14  进入a
01:51:14  getlinelist
01:51:14  getdatalist
01:51:15  getlinelist
01:51:21  进入a
01:51:21  getlinelist
01:51:21  进入a
01:51:21  进入getdatalist
01:51:21  getdatalist
01:51:21  getlinelist
01:52:07  getdatalist
01:52:10  进入a
01:52:10  进入getdatalist
01:52:10  getdatalist
01:52:10  进入a
01:52:10  getlinelist
01:52:10  getlinelist
01:53:39  getdatalist
01:53:43  进入a
01:53:43  进入getdatalist
01:53:43  进入a
01:53:43  getdatalist
01:53:43  getlinelist
01:53:43  getlinelist
01:53:46  getdatalist
01:54:34  进入a
01:54:34  getlinelist
01:54:34  进入getdatalist
01:55:28  进入a
01:55:28  getlinelist
01:55:28  getlinelist
01:55:54  进入a
01:55:54  getlinelist
01:55:54  getlinelist
01:55:56  进入a
01:55:56  进入getdatalist
01:56:19  进入a
01:56:19  getlinelist
01:56:20  getlinelist
01:56:22  进入a
01:56:22  进入getdatalist
01:56:22  进入a
01:56:22  getlinelist
01:56:22  getlinelist
01:57:20  进入a
01:57:20  getlinelist
01:57:20  getlinelist
01:57:22  进入a
01:57:22  getlinelist
01:57:22  getlinelist
01:57:22  进入a
01:57:22  进入getdatalist
01:57:22  getdatalist
01:57:28  getdatalist
01:57:39  进入a
01:57:39  getlinelist
01:57:39  getlinelist
01:57:39  进入a
01:57:39  进入getdatalist
01:57:39  getdatalist
01:59:21  getdatalist
01:59:23  进入a
01:59:23  getlinelist
01:59:23  getlinelist
01:59:23  进入a
01:59:23  进入getdatalist
01:59:23  getdatalist
01:59:25  getdatalist
01:59:39  进入a
01:59:39  getlinelist
01:59:39  getlinelist
01:59:39  进入a
01:59:39  进入getdatalist
01:59:39  getdatalist
01:59:45  getdatalist
02:01:16  进入a
02:01:16  getlinelist
02:01:16  getlinelist
02:01:16  进入a
02:01:16  进入getdatalist
02:01:16  getdatalist
02:01:22  getdatalist
02:01:39  进入a
02:01:39  getlinelist
02:01:39  getlinelist
02:01:39  进入a
02:01:39  进入getdatalist
02:01:39  getdatalist
02:01:48  getdatalist
02:01:52  进入a
02:01:52  进入getdatalist
02:01:52  getdatalist
02:01:52  getdatalist
02:01:59  进入a
02:01:59  getlinelist
02:01:59  getlinelist
02:01:59  进入a
02:01:59  getnumberlist
02:01:59  getnumberlist
02:02:16  进入a
02:02:16  addnumber
02:02:16  addnumber
02:02:16  进入a
02:02:16  getnumberlist
02:02:16  getnumberlist
02:02:21  进入a
02:02:21  getlinelist
02:02:21  getlinelist
02:02:21  进入a
02:02:21  进入getdatalist
02:02:21  getdatalist
02:03:02  进入a
02:03:02  getlinelist
02:03:03  getlinelist
02:03:03  进入a
02:03:03  getlinelist
02:03:03  getlinelist
02:03:04  进入a
02:03:04  进入getdatalist
02:03:04  getdatalist
02:03:04  getdatalist
02:03:20  进入a
02:03:20  getlinelist
02:03:20  getlinelist
02:03:20  进入a
02:03:20  getnumberlist
02:03:20  getnumberlist
02:03:43  进入a
02:03:43  getnumberlist
02:03:44  getnumberlist
02:03:44  进入a
02:03:44  addnumber
02:03:44  addnumber
02:03:44  进入a
02:03:44  getnumberlist
02:03:44  getnumberlist
02:03:48  进入a
02:03:48  getlinelist
02:03:48  getlinelist
02:03:49  进入a
02:03:49  进入getdatalist
02:03:49  getdatalist
02:03:49  getdatalist
02:04:02  进入a
02:04:02  getlinelist
02:04:03  getlinelist
02:04:03  进入a
02:04:03  getnumberlist
02:04:03  getnumberlist
02:04:12  进入a
02:04:12  getnumberlist
02:04:12  getnumberlist
02:04:22  进入a
02:04:22  addnumber
02:04:23  addnumber
02:04:23  进入a
02:04:23  getnumberlist
02:04:23  getnumberlist
02:04:39  进入a
02:04:39  getlinelist
02:04:39  getlinelist
02:04:39  进入a
02:04:39  getnumberlist
02:04:39  getnumberlist
02:04:41  进入a
02:04:41  getnumberlist
02:04:41  getnumberlist
02:04:56  进入a
02:04:56  addnumber
02:04:56  addnumber
02:04:56  进入a
02:04:56  getnumberlist
02:04:56  getnumberlist
02:04:59  进入a
02:04:59  getlinelist
02:04:59  getlinelist
02:04:59  进入a
02:04:59  进入getdatalist
02:04:59  getdatalist
02:04:59  getdatalist
02:05:30  进入a
02:05:30  getlinelist
02:05:30  getlinelist
02:05:30  进入a
02:05:30  进入getdatalist
02:05:30  getdatalist
02:05:38  getdatalist
02:05:43  进入a
02:05:43  进入getdatalist
02:05:43  getdatalist
02:05:43  getdatalist
02:06:04  进入a
02:06:04  进入getdatalist
02:06:04  getdatalist
02:06:04  getdatalist
02:06:06  进入a
02:06:06  进入getdatalist
02:06:06  getdatalist
02:06:06  getdatalist
02:06:08  进入a
02:06:08  进入getdatalist
02:06:08  getdatalist
02:06:08  getdatalist
02:07:08  进入a
02:07:08  getlinelist
02:07:08  getlinelist
02:07:09  进入a
02:07:09  进入getdatalist
02:07:09  getdatalist
02:07:09  getdatalist
02:07:20  进入a
02:07:20  进入getdatalist
02:07:20  getdatalist
02:07:20  getdatalist
02:07:58  进入a
02:07:58  getlinelist
02:07:58  getlinelist
02:07:58  进入a
02:07:58  进入getdatalist
02:07:58  getdatalist
02:07:58  getdatalist
02:07:59  进入a
02:07:59  进入getdatalist
02:07:59  getdatalist
02:07:59  getdatalist
02:08:01  进入a
02:08:01  进入getdatalist
02:08:01  getdatalist
02:08:01  getdatalist
02:08:02  进入a
02:08:02  进入getdatalist
02:08:02  getdatalist
02:08:02  getdatalist
02:08:03  进入a
02:08:03  进入getdatalist
02:08:03  getdatalist
02:08:03  getdatalist
02:08:05  进入a
02:08:05  进入getdatalist
02:08:05  getdatalist
02:08:05  getdatalist
02:08:17  进入a
02:08:17  getlinelist
02:08:17  getlinelist
02:08:17  进入a
02:08:17  getnumberlist
02:08:17  getnumberlist
02:08:19  进入a
02:08:19  getnumberlist
02:08:19  getnumberlist
02:08:27  进入a
02:08:27  addnumber
02:08:27  addnumber
02:08:27  进入a
02:08:27  getnumberlist
02:08:27  getnumberlist
02:08:38  进入a
02:08:38  addnumber
02:08:38  addnumber
02:08:38  进入a
02:08:38  getnumberlist
02:08:38  getnumberlist
02:08:43  进入a
02:08:43  getlinelist
02:08:43  getlinelist
02:08:43  进入a
02:08:43  进入getdatalist
02:08:43  getdatalist
02:08:43  getdatalist
02:08:47  进入a
02:08:47  进入getdatalist
02:08:47  getdatalist
02:08:47  getdatalist
02:09:01  进入a
02:09:01  进入getdatalist
02:09:01  getdatalist
02:09:01  getdatalist
02:09:03  进入a
02:09:03  进入getdatalist
02:09:03  getdatalist
02:09:03  getdatalist
02:09:06  进入a
02:09:06  进入getdatalist
02:09:06  getdatalist
02:09:06  getdatalist
02:09:17  进入a
02:09:17  进入getdatalist
02:09:17  getdatalist
02:09:17  getdatalist
02:09:22  进入a
02:09:22  进入getdatalist
02:09:22  getdatalist
02:09:22  getdatalist
02:09:54  进入a
02:09:54  getlinelist
02:09:54  getlinelist
02:09:54  进入a
02:09:54  getnumberlist
02:09:54  getnumberlist
02:09:57  进入a
02:09:57  getnumberlist
02:09:57  getnumberlist
02:09:59  进入a
02:09:59  getnumberlist
02:09:59  getnumberlist
02:10:01  进入a
02:10:01  getnumberlist
02:10:01  getnumberlist
02:10:04  进入a
02:10:04  getnumberlist
02:10:04  getnumberlist
02:10:06  进入a
02:10:06  getnumberlist
02:10:06  getnumberlist
02:10:08  进入a
02:10:08  getlinelist
02:10:08  getlinelist
02:10:10  进入a
02:10:10  getlinelist
02:10:10  getlinelist
02:10:10  进入a
02:10:10  getnumberlist
02:10:10  getnumberlist
02:10:12  进入a
02:10:12  getnumberlist
02:10:12  getnumberlist
02:10:14  进入a
02:10:14  getnumberlist
02:10:14  getnumberlist
02:10:31  进入a
02:10:31  getnumberlist
02:10:31  getnumberlist
02:12:48  进入a
02:12:48  getlinelist
02:12:49  getlinelist
02:12:53  进入a
02:12:53  getlinelist
02:12:53  getlinelist
02:12:53  进入a
02:12:53  getnumberlist
02:12:53  getnumberlist
02:13:00  进入a
02:13:00  delline
02:13:00  delline
02:13:01  进入a
02:13:01  getnumberlist
02:13:01  getnumberlist
02:13:04  进入a
02:13:04  delline
02:13:04  delline
02:13:04  进入a
02:13:04  getnumberlist
02:13:04  getnumberlist
02:13:22  进入a
02:13:22  delline
02:13:22  delline
02:13:25  进入a
02:13:25  getnumberlist
02:13:26  getnumberlist
02:13:38  进入a
02:13:38  delline
02:13:38  delline
02:13:38  进入a
02:13:38  getnumberlist
02:13:38  getnumberlist
02:14:06  进入a
02:14:06  getlinelist
02:14:06  getlinelist
02:14:06  进入a
02:14:06  getnumberlist
02:14:06  getnumberlist
02:14:12  进入a
02:14:12  delnumber
02:14:15  delnumber
02:14:15  进入a
02:14:15  getnumberlist
02:14:15  getnumberlist
02:14:18  进入a
02:14:18  delnumber
02:14:18  delnumber
02:14:18  进入a
02:14:18  getnumberlist
02:14:18  getnumberlist
02:14:21  进入a
02:14:21  delnumber
02:14:21  delnumber
02:14:21  进入a
02:14:21  getnumberlist
02:14:21  getnumberlist
02:14:23  进入a
02:14:23  delnumber
02:14:23  delnumber
02:14:23  进入a
02:14:23  getnumberlist
02:14:23  getnumberlist
02:14:26  进入a
02:14:26  getnumberlist
02:14:26  getnumberlist
02:14:27  进入a
02:14:27  getnumberlist
02:14:27  getnumberlist
02:15:02  进入a
02:15:02  getlinelist
02:15:02  getlinelist
02:15:02  进入a
02:15:02  getnumberlist
02:15:02  getnumberlist
02:15:04  进入a
02:15:04  getnumberlist
02:15:04  getnumberlist
02:15:38  进入a
02:15:38  getnumberlist
02:15:38  getnumberlist
02:15:40  进入a
02:15:40  getnumberlist
02:15:40  getnumberlist
02:15:46  进入a
02:15:46  delnumber
02:15:46  delnumber
02:15:46  进入a
02:15:46  getnumberlist
02:15:46  getnumberlist
02:15:48  进入a
02:15:48  delnumber
02:15:48  delnumber
02:15:48  进入a
02:15:48  getnumberlist
02:15:48  getnumberlist
02:15:57  进入a
02:15:57  getnumberlist
02:15:57  getnumberlist
02:15:59  进入a
02:15:59  getnumberlist
02:15:59  getnumberlist
02:16:01  进入a
02:16:01  getnumberlist
02:16:01  getnumberlist
02:16:02  进入a
02:16:02  getnumberlist
02:16:02  getnumberlist
02:16:04  进入a
02:16:04  getnumberlist
02:16:04  getnumberlist
02:16:06  进入a
02:16:06  getlinelist
02:16:06  getlinelist
02:16:08  进入a
02:16:08  delline
02:16:08  delline
02:16:08  进入a
02:16:08  getlinelist
02:16:08  getlinelist
02:16:09  进入a
02:16:09  delline
02:16:09  delline
02:16:10  进入a
02:16:10  getlinelist
02:16:10  getlinelist
02:16:11  进入a
02:16:11  delline
02:16:11  delline
02:16:11  进入a
02:16:11  getlinelist
02:16:11  getlinelist
02:20:06  进入a
02:20:06  getlinelist
02:20:06  getlinelist
02:20:06  进入a
02:20:06  进入getdatalist
02:20:06  getdatalist
02:20:06  getdatalist
02:20:08  进入a
02:20:08  getlinelist
02:20:08  getlinelist
02:20:08  进入a
02:20:08  getnumberlist
02:20:08  getnumberlist
02:26:56  进入a
02:26:56  getlinelist
02:26:56  getlinelist
02:26:56  进入a
02:26:56  getnumberlist
02:26:56  getnumberlist
02:26:58  进入a
02:26:58  getlinelist
02:26:58  getlinelist
02:26:59  进入a
02:26:59  getnumberlist
02:26:59  getnumberlist
02:34:05  进入a
02:34:05  getlinelist
02:34:05  getlinelist
02:34:05  进入a
02:34:05  getnumberlist
02:34:05  getnumberlist
02:34:08  进入a
02:34:08  getlinelist
02:34:08  getlinelist
02:34:08  进入a
02:34:08  进入getdatalist
02:34:08  getdatalist
02:34:08  getdatalist
02:34:09  进入a
02:34:09  getlinelist
02:34:09  getlinelist
02:34:43  进入a
02:34:43  getlinelist
02:34:43  getlinelist
