10:20:57  进入a
10:20:57  getlinelist
10:20:58  getlinelist
10:21:29  进入a
10:21:29  getlinelist
10:21:29  getlinelist
10:21:29  进入a
10:21:29  getnumberlist
10:21:29  getnumberlist
10:21:33  进入a
10:21:33  getnumberlist
10:21:33  getnumberlist
10:21:35  进入a
10:21:35  getnumberlist
10:21:35  getnumberlist
10:21:37  进入a
10:21:37  getnumberlist
10:21:37  getnumberlist
10:21:40  进入a
10:21:40  getnumberlist
10:21:40  getnumberlist
10:21:41  进入a
10:21:41  getnumberlist
10:21:41  getnumberlist
10:40:07  进入a
10:40:08  getlinelist
10:40:11  getlinelist
10:40:11  进入a
10:40:11  getnumberlist
10:40:11  getnumberlist
12:32:24  进入a
12:32:24  getuserlist
12:32:24  getuserlist
12:32:47  进入a
12:32:47  getuserlist
12:33:00  getuserlist
12:33:55  进入a
12:33:55  getuserlist
12:34:11  getuserlist
12:34:22  进入a
12:34:22  getuserlist
12:34:24  getuserlist
12:34:35  进入a
12:34:35  adduser
12:34:36  adduser
12:34:36  进入a
12:34:36  getuserlist
12:35:06  进入a
12:35:06  getuserlist
12:35:06  getuserlist
12:35:25  进入a
12:35:25  adduser
12:35:25  adduser
12:35:25  进入a
12:35:25  getuserlist
12:35:25  getuserlist
12:36:44  进入a
12:36:44  getuserlist
12:36:44  getuserlist
12:36:48  进入a
12:36:48  getuserlist
12:36:48  getuserlist
12:36:57  进入a
12:36:57  adduser
12:36:57  adduser
12:36:58  进入a
12:36:58  getuserlist
12:36:58  getuserlist
12:37:04  进入a
12:37:04  getuserlist
12:37:04  getuserlist
12:37:06  进入a
12:37:06  deluser
12:37:06  deluser
12:37:06  进入a
12:37:06  getuserlist
12:37:06  getuserlist
12:37:10  进入a
12:37:10  deluser
12:37:10  deluser
12:37:10  进入a
12:37:10  getuserlist
12:37:10  getuserlist
12:37:14  进入a
12:37:14  deluser
12:37:14  deluser
12:37:14  进入a
12:37:14  getuserlist
12:37:14  getuserlist
12:37:29  进入a
12:37:29  deluser
12:37:52  deluser
12:37:52  进入a
12:37:52  getuserlist
12:37:52  getuserlist
12:38:47  进入a
12:38:47  adduser
12:38:47  adduser
12:38:48  进入a
12:38:48  getuserlist
12:38:48  getuserlist
12:38:56  进入a
12:38:56  adduser
12:38:56  adduser
12:38:56  进入a
12:38:56  getuserlist
12:38:56  getuserlist
12:39:02  进入a
12:39:02  deluser
12:39:05  deluser
12:39:05  进入a
12:39:05  getuserlist
12:39:05  getuserlist
12:40:41  进入a
12:40:41  getuserlist
12:40:41  getuserlist
12:40:45  进入a
12:40:45  getuserlist
12:40:45  getuserlist
12:40:56  进入a
12:40:56  getuserlist
12:40:56  getuserlist
12:40:57  进入a
12:40:57  adduser
12:40:57  adduser
12:40:57  进入a
12:40:57  getuserlist
12:40:57  getuserlist
12:41:01  进入a
12:41:01  getuserlist
12:41:01  getuserlist
12:41:02  进入a
12:41:02  getuserlist
12:41:02  getuserlist
12:41:05  进入a
12:41:05  adduser
12:41:05  adduser
12:41:05  进入a
12:41:05  getuserlist
12:41:05  getuserlist
12:41:09  进入a
12:41:09  getuserlist
12:41:09  getuserlist
12:41:12  进入a
12:41:12  getuserlist
12:41:12  getuserlist
12:42:42  进入a
12:42:42  getuserlist
12:42:42  getuserlist
12:42:46  进入a
12:42:46  adduser
12:42:46  adduser
12:42:50  进入a
12:42:50  adduser
12:42:50  adduser
12:42:50  进入a
12:42:50  getuserlist
12:42:51  getuserlist
12:42:55  进入a
12:42:55  getuserlist
12:42:55  getuserlist
12:45:30  进入a
12:45:30  getuserlist
12:45:30  getuserlist
12:45:35  进入a
12:45:35  getuserlist
12:45:35  getuserlist
12:45:38  进入a
12:45:38  getuserlist
12:45:38  getuserlist
12:52:40  进入a
12:52:40  getuserlist
12:52:40  getuserlist
12:52:45  进入a
12:52:45  deluser
12:52:45  deluser
12:52:46  进入a
12:52:46  getuserlist
12:52:46  getuserlist
12:54:09  进入a
12:54:09  getuserlist
12:54:09  getuserlist
12:54:11  进入a
12:54:11  getlinelist
12:54:11  getlinelist
12:54:11  进入a
12:54:11  getnumberlist
12:54:11  getnumberlist
12:54:14  进入a
12:54:14  getnumberlist
12:54:14  getnumberlist
12:54:18  进入a
12:54:18  delnumber
12:54:18  delnumber
12:54:18  进入a
12:54:18  getnumberlist
12:54:18  getnumberlist
12:55:11  进入a
12:55:11  getlinelist
12:55:11  getlinelist
12:55:11  进入a
12:55:11  getnumberlist
12:55:11  getnumberlist
12:55:19  进入a
12:55:19  getlinelist
12:55:19  getlinelist
12:55:19  进入a
12:55:19  进入getdatalist
12:55:19  getdatalist
12:55:20  getdatalist
12:55:21  进入a
12:55:21  getlinelist
12:55:21  getlinelist
12:55:24  进入a
12:55:24  getlinelist
12:55:24  getlinelist
12:55:24  进入a
12:55:25  getnumberlist
12:55:25  getnumberlist
12:55:52  进入a
12:55:52  getnumberlist
12:55:52  getnumberlist
12:55:56  进入a
12:55:56  getlinelist
12:55:56  getlinelist
12:55:56  进入a
12:55:56  getnumberlist
12:55:56  getnumberlist
12:55:57  进入a
12:55:57  getlinelist
12:55:57  getlinelist
12:55:59  进入a
12:55:59  getlinelist
12:55:59  getlinelist
12:56:00  进入a
12:56:00  进入getdatalist
12:56:00  getdatalist
12:56:00  getdatalist
12:56:02  进入a
12:56:02  getlinelist
12:56:02  getlinelist
12:56:02  进入a
12:56:02  getnumberlist
12:56:02  getnumberlist
12:56:06  进入a
12:56:06  getlinelist
12:56:06  getlinelist
12:56:09  进入a
12:56:09  getlinelist
12:56:09  getlinelist
12:56:09  进入a
12:56:09  进入getdatalist
12:56:09  getdatalist
12:56:09  getdatalist
12:56:42  进入a
12:56:42  getlinelist
12:56:42  getlinelist
12:56:42  进入a
12:56:42  进入getdatalist
12:56:42  getdatalist
12:56:42  getdatalist
12:57:24  进入a
12:57:24  getlinelist
12:57:24  getlinelist
12:57:24  进入a
12:57:24  进入getdatalist
12:57:24  getdatalist
12:57:24  getdatalist
12:57:26  进入a
12:57:26  getlinelist
12:57:26  getlinelist
12:57:27  进入a
12:57:27  进入getdatalist
12:57:27  getdatalist
12:57:27  getdatalist
12:57:39  进入a
12:57:39  getlinelist
12:57:39  getlinelist
12:57:39  进入a
12:57:39  进入getdatalist
12:57:39  getdatalist
12:57:39  getdatalist
12:57:40  进入a
12:57:40  getlinelist
12:57:40  getlinelist
12:57:40  进入a
12:57:40  进入getdatalist
12:57:40  getdatalist
12:57:40  getdatalist
13:00:38  进入a
13:00:38  getuserlist
13:00:38  getuserlist
13:00:40  进入a
13:00:40  getlinelist
13:00:40  getlinelist
13:00:41  进入a
13:00:41  getnumberlist
13:00:41  getnumberlist
13:00:42  进入a
13:00:42  getuserlist
13:00:42  getuserlist
13:00:45  进入a
13:00:45  getlinelist
13:00:45  getlinelist
13:00:46  进入a
13:00:46  getnumberlist
13:00:46  getnumberlist
13:01:13  进入a
13:01:13  getlinelist
13:01:13  getlinelist
13:01:13  进入a
13:01:13  getnumberlist
13:01:13  getnumberlist
13:01:15  进入a
13:01:15  getuserlist
13:01:15  getuserlist
13:01:16  进入a
13:01:16  getlinelist
13:01:16  getlinelist
13:01:17  进入a
13:01:17  getnumberlist
13:01:17  getnumberlist
13:01:18  进入a
13:01:18  getlinelist
13:01:18  getlinelist
13:01:20  进入a
13:01:20  getlinelist
13:01:20  getlinelist
13:01:20  进入a
13:01:20  进入getdatalist
13:01:20  getdatalist
13:01:20  getdatalist
13:03:06  进入a
13:03:06  getlinelist
13:03:06  getlinelist
13:03:07  进入a
13:03:07  getlinelist
13:03:07  getlinelist
13:03:07  进入a
13:03:07  进入getdatalist
13:03:07  getdatalist
13:03:07  getdatalist
13:03:09  进入a
13:03:09  getlinelist
13:03:09  getlinelist
13:03:10  进入a
13:03:10  getlinelist
13:03:10  getlinelist
13:03:10  进入a
13:03:10  进入getdatalist
13:03:10  getdatalist
13:03:10  getdatalist
13:03:12  进入a
13:03:12  getlinelist
13:03:12  getlinelist
13:03:13  进入a
13:03:13  getlinelist
13:03:13  getlinelist
13:03:13  进入a
13:03:13  getnumberlist
13:03:13  getnumberlist
13:03:15  进入a
13:03:15  getuserlist
13:03:15  getuserlist
13:03:17  进入a
13:03:17  getlinelist
13:03:17  getlinelist
13:03:17  进入a
13:03:17  进入getdatalist
13:03:17  getdatalist
13:03:17  getdatalist
13:03:18  进入a
13:03:18  getlinelist
13:03:18  getlinelist
13:03:19  进入a
13:03:19  getlinelist
13:03:19  getlinelist
13:03:19  进入a
13:03:19  getnumberlist
13:03:19  getnumberlist
13:03:23  进入a
13:03:23  getuserlist
13:03:23  getuserlist
13:11:06  进入a
13:11:06  getlinelist
13:11:06  getlinelist
13:11:06  进入a
13:11:06  getnumberlist
13:11:06  getnumberlist
13:11:11  进入a
13:11:11  getuserlist
13:11:11  getuserlist
13:11:12  进入a
13:11:12  getlinelist
13:11:12  getlinelist
13:11:12  进入a
13:11:12  getnumberlist
13:11:12  getnumberlist
13:11:18  进入a
13:11:18  getlinelist
13:11:18  getlinelist
13:11:20  进入a
13:11:20  getuserlist
13:11:20  getuserlist
13:11:22  进入a
13:11:22  getlinelist
13:11:22  getlinelist
13:11:35  进入a
13:11:35  getlinelist
13:11:35  getlinelist
13:11:35  进入a
13:11:35  getnumberlist
13:11:35  getnumberlist
13:11:39  进入a
13:11:39  getnumberlist
13:11:39  getnumberlist
13:11:42  进入a
13:11:42  getnumberlist
13:11:42  getnumberlist
13:11:43  进入a
13:11:43  getnumberlist
13:11:43  getnumberlist
13:11:45  进入a
13:11:45  getuserlist
13:11:45  getuserlist
13:11:52  进入a
13:11:52  getlinelist
13:11:52  getlinelist
13:11:52  进入a
13:11:52  getnumberlist
13:11:52  getnumberlist
13:12:00  进入a
13:12:00  getlinelist
13:12:00  getlinelist
13:12:00  进入a
13:12:00  进入getdatalist
13:12:00  getdatalist
13:12:00  getdatalist
13:12:01  进入a
13:12:01  getlinelist
13:12:01  getlinelist
13:12:01  进入a
13:12:01  进入getdatalist
13:12:01  getdatalist
13:12:01  getdatalist
13:12:04  进入a
13:12:04  getlinelist
13:12:04  getlinelist
13:12:10  进入a
13:12:10  getlinelist
13:12:10  getlinelist
13:12:10  进入a
13:12:10  进入getdatalist
13:12:10  getdatalist
13:12:11  getdatalist
13:12:56  进入a
13:12:56  进入getdatalist
13:12:56  getdatalist
13:12:56  getdatalist
13:12:59  进入a
13:12:59  进入getdatalist
13:12:59  getdatalist
13:12:59  getdatalist
13:13:00  进入a
13:13:00  进入getdatalist
13:13:00  getdatalist
13:13:00  getdatalist
13:13:07  进入a
13:13:07  进入getdatalist
13:13:07  getdatalist
13:13:07  getdatalist
13:13:09  进入a
13:13:09  进入getdatalist
13:13:09  getdatalist
13:13:09  getdatalist
13:13:56  进入a
13:13:56  getlinelist
13:13:56  getlinelist
13:13:58  进入a
13:13:58  getlinelist
13:13:58  getlinelist
13:13:58  进入a
13:13:58  getnumberlist
13:13:58  getnumberlist
13:14:00  进入a
13:14:00  getuserlist
13:14:00  getuserlist
13:14:02  进入a
13:14:02  getlinelist
13:14:02  getlinelist
13:14:04  进入a
13:14:04  getlinelist
13:14:04  getlinelist
13:14:04  进入a
13:14:04  getnumberlist
13:14:04  getnumberlist
13:14:06  进入a
13:14:06  getuserlist
13:14:06  getuserlist
13:14:18  进入a
13:14:18  getlinelist
13:14:18  getlinelist
13:14:18  进入a
13:14:18  getnumberlist
13:14:18  getnumberlist
13:14:20  进入a
13:14:20  getnumberlist
13:14:20  getnumberlist
13:14:29  进入a
13:14:29  getlinelist
13:14:29  getlinelist
13:14:29  进入a
13:14:29  进入getdatalist
13:14:29  getdatalist
13:14:29  getdatalist
13:14:53  进入a
13:14:53  getuserlist
13:14:53  getuserlist
13:15:11  进入a
13:15:11  getlinelist
13:15:11  getlinelist
13:15:12  进入a
13:15:12  getlinelist
13:15:12  getlinelist
13:15:12  进入a
13:15:12  getnumberlist
13:15:12  getnumberlist
13:15:13  进入a
13:15:13  getuserlist
13:15:13  getuserlist
13:15:26  进入a
13:15:26  getlinelist
13:15:26  getlinelist
13:15:26  进入a
13:15:26  进入getdatalist
13:15:26  getdatalist
13:15:26  getdatalist
13:15:28  进入a
13:15:28  getuserlist
13:15:28  getuserlist
13:16:53  进入a
13:16:53  getlinelist
13:16:53  getlinelist
13:16:53  进入a
13:16:53  进入getdatalist
13:16:53  getdatalist
13:16:53  getdatalist
15:58:49  进入a
15:58:50  getlinelist
15:58:52  getlinelist
16:13:46  进入a
16:13:46  getlinelist
16:13:46  getlinelist
16:14:34  进入a
16:14:34  getlinelist
16:14:34  getlinelist
16:15:02  进入a
16:15:02  getlinelist
16:15:02  getlinelist
16:36:51  进入a
16:36:51  getlinelist
16:36:51  getlinelist
16:39:22  进入a
16:39:22  getlinelist
16:39:22  getlinelist
16:39:38  进入a
16:39:38  getlinelist
16:39:38  getlinelist
16:39:45  进入a
16:39:45  getlinelist
16:39:46  getlinelist
16:40:59  进入a
16:40:59  getlinelist
16:40:59  getlinelist
16:41:32  进入a
16:41:32  getlinelist
16:41:32  getlinelist
16:41:55  进入a
16:41:55  getlinelist
16:41:55  getlinelist
16:42:07  进入a
16:42:07  getlinelist
16:42:07  getlinelist
16:44:09  进入a
16:44:09  getlinelist
16:44:09  getlinelist
16:44:17  进入a
16:44:17  getlinelist
16:44:17  getlinelist
16:51:38  进入a
16:51:38  getlinelist
16:52:16  getlinelist
16:52:39  进入a
16:52:39  getlinelist
16:52:51  进入a
16:52:51  getlinelist
16:52:51  getlinelist
16:53:15  getlinelist
16:53:25  进入a
16:53:25  getlinelist
16:53:25  getlinelist
16:53:35  进入a
16:53:35  getlinelist
16:53:35  getlinelist
16:54:12  进入a
16:54:12  getlinelist
16:54:12  getlinelist
16:54:34  进入a
16:54:34  getlinelist
16:54:34  getlinelist
16:54:49  进入a
16:54:49  getlinelist
16:54:49  getlinelist
16:55:10  进入a
16:55:10  getlinelist
16:55:10  getlinelist
16:55:27  进入a
16:55:27  getlinelist
16:55:27  getlinelist
16:55:52  进入a
16:55:52  getlinelist
16:55:52  getlinelist
16:56:46  进入a
16:56:46  getlinelist
16:56:46  getlinelist
16:57:11  进入a
16:57:11  getlinelist
16:57:11  getlinelist
