13:54:48  getlinelist
13:56:51  getlinelist
13:57:15  getlinelist
13:57:56  getlinelist
14:11:55  delalldata
14:12:02  delalldata
14:12:37  delalldata
14:13:53  login
14:13:56  getbusparklist
14:13:56  getlinelist
14:13:56  getdatalist
14:14:03  getdatalist
14:14:11  
14:14:11  getdatalist
14:14:12  getdatalist
14:14:20  getdatalist
14:15:20  getdatalist
14:16:20  getdatalist
14:17:20  getdatalist
14:18:05  delalldata
14:18:22  delalldata
14:18:25  delalldata
14:18:30  getbusparklist
14:18:31  getlinelist
14:18:31  getdatalist
14:19:31  getdatalist
14:20:00  getbusparklist
14:20:01  getlinelist
14:20:01  getdatalist
14:20:06  getdatalist
14:20:26  getbusparklist
14:20:28  getlinelist
14:20:28  getdatalist
14:20:28  getbusparklist
14:20:29  getbusparklist
14:23:47  getbusparklist
14:23:49  getlinelist
14:23:49  getdatalist
14:23:49  getbusparklist
14:23:50  getbusparklist
14:23:53  getlinelist
14:23:55  getlinelist
14:23:55  getnumberlist
14:23:57  getuserlist
14:24:22  getbusparklist
14:24:22  getlinelist
14:24:22  getdatalist
14:24:24  getdatalist
14:24:30  getdatalist
14:24:33  getdatalist
14:24:39  getdatalist
14:24:40  getdatalist
14:24:44  getdatalist
