09:11:56  进入a
09:11:56  login
09:12:07  进入a
09:12:07  login
09:12:29  进入a
09:12:29  login
09:15:45  进入a
09:15:45  login
09:18:15  进入a
09:18:15  login
09:18:52  进入a
09:18:52  login
09:18:55  进入a
09:18:55  login
09:18:57  进入a
09:18:57  login
09:22:47  进入a
09:22:47  login
09:23:03  进入a
09:23:03  login
09:23:21  进入a
09:23:21  login
09:23:32  进入a
09:23:32  login
09:29:50  进入a
09:29:50  login
09:45:01  进入a
09:45:01  login
09:45:12  进入a
09:45:53  login
09:46:02  进入a
09:46:10  login
09:46:13  进入a
09:46:13  login
09:52:38  进入a
09:52:38  login
09:52:46  进入a
09:52:46  login
09:52:50  进入a
09:52:50  getlinelist
09:52:50  getlinelist
09:52:50  进入a
09:52:50  进入getdatalist
09:52:50  getdatalist
09:52:50  getdatalist
09:53:00  进入a
09:53:00  getuserlist
09:53:00  getuserlist
09:53:41  进入a
09:53:41  getuserlist
09:53:41  getuserlist
09:53:46  进入a
09:53:46  getuserlist
09:53:46  getuserlist
09:53:48  进入a
09:53:48  getuserlist
09:53:48  getuserlist
09:53:57  进入a
09:53:57  getlinelist
09:53:57  getlinelist
09:53:57  进入a
09:53:57  进入getdatalist
09:53:57  getdatalist
09:53:57  getdatalist
09:54:32  进入a
09:54:32  进入getdatalist
09:54:32  getdatalist
09:54:32  getdatalist
09:54:33  进入a
09:54:33  进入getdatalist
09:54:33  getdatalist
09:54:33  getdatalist
09:55:22  进入a
09:55:22  进入getdatalist
09:55:22  getdatalist
09:55:22  getdatalist
09:55:25  进入a
09:55:25  进入getdatalist
09:55:25  getdatalist
09:55:25  getdatalist
09:55:54  进入a
09:55:54  进入getdatalist
09:55:54  getdatalist
09:55:54  getdatalist
10:20:42  进入a
10:20:42  login
10:20:46  进入a
10:20:46  getlinelist
10:20:46  getlinelist
10:20:46  进入a
10:20:46  进入getdatalist
10:20:46  getdatalist
10:20:46  getdatalist
10:20:52  进入a
10:20:52  getlinelist
10:20:52  getlinelist
10:20:54  进入a
10:20:54  getlinelist
10:20:54  getlinelist
10:20:54  进入a
10:20:54  getnumberlist
10:20:54  getnumberlist
10:29:34  进入a
10:29:34  login
10:29:37  进入a
10:29:37  getlinelist
10:29:37  getlinelist
10:29:37  进入a
10:29:37  进入getdatalist
10:29:37  getdatalist
10:29:38  getdatalist
10:29:55  进入a
10:29:55  getuserlist
10:29:55  getuserlist
10:29:57  进入a
10:29:57  getlinelist
10:29:57  getlinelist
10:29:57  进入a
10:29:57  getnumberlist
10:29:57  getnumberlist
10:29:58  进入a
10:29:58  getlinelist
10:29:58  getlinelist
10:29:59  进入a
10:29:59  getlinelist
10:29:59  getlinelist
10:29:59  进入a
10:29:59  进入getdatalist
10:29:59  getdatalist
10:29:59  getdatalist
10:30:01  进入a
10:30:01  getuserlist
10:30:01  getuserlist
10:30:03  进入a
10:30:03  getuserlist
10:30:03  getuserlist
10:30:06  进入a
10:30:06  getuserlist
10:30:06  getuserlist
10:36:43  进入a
10:36:44  login
10:36:47  进入a
10:36:47  getlinelist
10:36:47  getlinelist
10:36:47  进入a
10:36:47  进入getdatalist
10:36:47  getdatalist
10:36:47  getdatalist
10:36:51  进入a
10:36:51  getuserlist
10:36:51  getuserlist
10:36:52  进入a
10:36:52  getuserlist
10:36:52  getuserlist
10:37:04  进入a
10:37:04  adduser
10:37:04  adduser
10:37:04  进入a
10:37:04  getuserlist
10:37:04  getuserlist
10:39:43  进入a
10:39:43  login
10:39:46  进入a
10:39:46  getlinelist
10:39:46  getlinelist
10:39:46  进入a
10:39:46  进入getdatalist
10:39:46  getdatalist
10:39:46  getdatalist
10:39:49  进入a
10:39:49  getlinelist
10:39:49  getlinelist
10:39:49  进入a
10:39:49  进入getdatalist
10:39:49  getdatalist
10:39:49  getdatalist
10:39:51  进入a
10:39:51  getlinelist
10:39:51  getlinelist
10:39:51  进入a
10:39:51  进入getdatalist
10:39:51  getdatalist
10:39:51  getdatalist
10:39:52  进入a
10:39:52  getlinelist
10:39:52  getlinelist
10:39:52  进入a
10:39:52  进入getdatalist
10:39:52  getdatalist
10:39:52  getdatalist
10:42:31  进入a
10:42:31  login
10:42:34  进入a
10:42:34  getlinelist
10:42:34  getlinelist
10:42:34  进入a
10:42:34  进入getdatalist
10:42:34  getdatalist
10:42:34  getdatalist
10:43:07  进入a
10:43:07  getlinelist
10:43:07  getlinelist
10:43:07  进入a
10:43:07  进入getdatalist
10:43:07  getdatalist
10:43:07  getdatalist
10:44:48  进入a
10:44:48  getlinelist
10:44:48  getlinelist
10:44:48  进入a
10:44:48  进入getdatalist
10:44:48  getdatalist
10:44:48  getdatalist
10:44:49  进入a
10:44:49  getlinelist
10:44:49  getlinelist
10:44:49  进入a
10:44:49  进入getdatalist
10:44:49  getdatalist
10:44:49  getdatalist
10:45:09  进入a
10:45:09  getlinelist
10:45:09  getlinelist
10:45:09  进入a
10:45:09  进入getdatalist
10:45:09  getdatalist
10:45:09  getdatalist
10:45:27  进入a
10:45:27  getlinelist
10:45:27  getlinelist
10:45:27  进入a
10:45:27  进入getdatalist
10:45:27  getdatalist
10:45:27  getdatalist
10:51:45  进入a
10:51:45  login
10:51:48  进入a
10:51:48  getlinelist
10:51:48  getlinelist
10:51:48  进入a
10:51:48  进入getdatalist
10:51:48  getdatalist
10:51:48  getdatalist
10:51:51  进入a
10:51:51  getlinelist
10:51:51  getlinelist
10:51:51  进入a
10:51:51  进入getdatalist
10:51:51  getdatalist
10:51:51  getdatalist
10:55:40  进入a
10:55:40  login
10:55:44  进入a
10:55:44  getlinelist
10:55:44  getlinelist
10:55:44  进入a
10:55:44  进入getdatalist
10:55:44  getdatalist
10:55:44  getdatalist
10:57:41  进入a
10:57:41  login
10:57:47  进入a
10:57:47  login
10:57:50  进入a
10:57:50  getlinelist
10:57:50  getlinelist
10:57:50  进入a
10:57:50  进入getdatalist
10:57:50  getdatalist
10:57:50  getdatalist
10:58:42  进入a
10:58:42  进入getdatalist
10:58:42  getdatalist
10:58:42  getdatalist
10:58:43  进入a
10:58:43  进入getdatalist
10:58:43  getdatalist
10:58:43  getdatalist
10:58:46  进入a
10:58:46  进入getdatalist
10:58:46  getdatalist
10:58:46  getdatalist
10:58:47  进入a
10:58:47  进入getdatalist
10:58:47  getdatalist
10:58:47  getdatalist
10:58:49  进入a
10:58:49  进入getdatalist
10:58:49  getdatalist
10:58:49  getdatalist
10:58:50  进入a
10:58:50  进入getdatalist
10:58:50  getdatalist
10:58:50  getdatalist
11:01:06  进入a
11:01:06  getlinelist
11:01:06  getlinelist
11:01:07  进入a
11:01:07  getnumberlist
11:01:07  getnumberlist
11:01:40  进入a
11:01:40  login
11:01:43  进入a
11:01:43  getlinelist
11:01:43  getlinelist
11:01:43  进入a
11:01:43  进入getdatalist
11:01:43  getdatalist
11:01:47  getdatalist
11:03:23  进入a
11:03:23  login
11:04:46  进入a
11:04:46  login
11:05:09  进入a
11:05:09  getlinelist
11:05:09  getlinelist
11:05:09  进入a
11:05:09  进入getdatalist
11:05:09  getdatalist
11:05:09  getdatalist
11:05:19  进入a
11:05:19  getlinelist
11:05:19  getlinelist
11:05:19  进入a
11:05:19  进入getdatalist
11:05:19  getdatalist
11:05:19  getdatalist
11:05:25  进入a
11:05:25  getlinelist
11:05:25  getlinelist
11:05:26  进入a
11:05:26  getlinelist
11:05:26  getlinelist
11:05:26  进入a
11:05:26  getnumberlist
11:05:26  getnumberlist
11:05:28  进入a
11:05:28  getuserlist
11:05:28  getuserlist
11:05:32  进入a
11:05:32  getuserlist
11:05:32  getuserlist
11:05:34  进入a
11:05:34  getlinelist
11:05:34  getlinelist
11:05:34  进入a
11:05:34  getnumberlist
11:05:34  getnumberlist
11:05:59  进入a
11:05:59  getnumberlist
11:05:59  getnumberlist
11:06:00  进入a
11:06:00  getnumberlist
11:06:00  getnumberlist
11:06:01  进入a
11:06:01  getnumberlist
11:06:01  getnumberlist
11:06:03  进入a
11:06:03  getnumberlist
11:06:03  getnumberlist
11:06:04  进入a
11:06:04  getlinelist
11:06:04  getlinelist
11:06:05  进入a
11:06:05  getlinelist
11:06:05  getlinelist
11:06:05  进入a
11:06:05  getnumberlist
11:06:05  getnumberlist
11:06:07  进入a
11:06:07  getuserlist
11:06:07  getuserlist
11:06:29  进入a
11:06:29  login
11:06:34  进入a
11:06:34  getlinelist
11:06:34  getlinelist
11:06:34  进入a
11:06:34  进入getdatalist
11:06:34  getdatalist
11:06:34  getdatalist
11:07:09  进入a
11:07:09  getlinelist
11:07:09  getlinelist
11:07:09  进入a
11:07:09  进入getdatalist
11:07:09  getdatalist
11:07:09  getdatalist
11:07:12  进入a
11:07:12  getlinelist
11:07:12  getlinelist
11:07:14  进入a
11:07:14  getlinelist
11:07:14  getlinelist
11:07:17  进入a
11:07:17  getlinelist
11:07:17  getlinelist
11:07:17  进入a
11:07:17  getnumberlist
11:07:17  getnumberlist
11:07:18  进入a
11:07:18  getuserlist
11:07:18  getuserlist
11:08:48  进入a
11:08:48  getuserlist
11:08:48  getuserlist
11:09:11  进入a
11:09:11  login
11:09:14  进入a
11:09:14  getlinelist
11:09:14  getlinelist
11:09:14  进入a
11:09:14  进入getdatalist
11:09:14  getdatalist
11:09:14  getdatalist
11:43:03  进入a
11:43:03  login
11:43:05  进入a
11:43:05  getlinelist
11:43:05  getlinelist
11:43:05  进入a
11:43:05  进入getdatalist
11:43:05  getdatalist
11:43:05  getdatalist
11:43:13  进入a
11:43:13  login
11:43:15  进入a
11:43:15  getlinelist
11:43:15  getlinelist
11:43:15  进入a
11:43:15  进入getdatalist
11:43:15  getdatalist
11:43:16  getdatalist
11:43:18  进入a
11:43:18  getlinelist
11:43:18  getlinelist
11:43:19  进入a
11:43:19  getlinelist
11:43:19  getlinelist
11:43:19  进入a
11:43:19  getnumberlist
11:43:19  getnumberlist
11:43:20  进入a
11:43:20  getuserlist
11:43:20  getuserlist
11:47:09  进入a
11:47:09  login
11:47:12  进入a
11:47:12  getlinelist
11:47:12  getlinelist
11:47:12  进入a
11:47:12  进入getdatalist
11:47:12  getdatalist
11:47:12  getdatalist
11:52:29  进入a
11:52:29  getlinelist
11:52:29  getlinelist
11:52:29  进入a
11:52:29  进入getdatalist
11:52:29  getdatalist
11:52:29  getdatalist
11:53:30  进入a
11:53:30  getlinelist
11:53:30  getlinelist
11:53:30  进入a
11:53:30  进入getdatalist
11:53:30  getdatalist
11:53:30  getdatalist
11:55:24  进入a
11:55:24  login
11:55:26  进入a
11:55:26  getlinelist
11:55:26  getlinelist
11:55:26  进入a
11:55:26  进入getdatalist
11:55:26  getdatalist
11:55:26  getdatalist
11:55:28  进入a
11:55:28  getlinelist
11:55:28  getlinelist
11:55:32  进入a
11:55:32  getlinelist
11:55:32  getlinelist
11:55:32  进入a
11:55:32  getnumberlist
11:55:32  getnumberlist
11:55:45  进入a
11:55:45  login
11:55:47  进入a
11:55:47  getlinelist
11:55:47  getlinelist
11:55:48  进入a
11:55:48  进入getdatalist
11:55:48  getdatalist
11:55:48  getdatalist
11:58:16  进入a
11:58:16  login
11:58:19  进入a
11:58:19  getlinelist
11:58:19  getlinelist
11:58:19  进入a
11:58:19  进入getdatalist
11:58:19  getdatalist
11:58:19  getdatalist
12:52:04  进入a
12:52:04  进入getdatalist
12:52:04  getdatalist
12:52:07  getdatalist
12:52:07  进入a
12:52:07  进入getdatalist
12:52:07  getdatalist
12:52:07  getdatalist
12:52:07  进入a
12:52:07  进入getdatalist
12:52:07  getdatalist
12:52:07  getdatalist
12:52:14  进入a
12:52:14  login
12:52:17  进入a
12:52:17  getlinelist
12:52:17  getlinelist
12:52:17  进入a
12:52:17  进入getdatalist
12:52:17  getdatalist
12:52:17  getdatalist
12:52:30  进入a
12:52:30  getlinelist
12:52:30  getlinelist
12:52:32  进入a
12:52:32  getlinelist
12:52:32  getlinelist
12:52:32  进入a
12:52:32  进入getdatalist
12:52:32  getdatalist
12:52:32  getdatalist
12:52:36  进入a
12:52:36  进入getdatalist
12:52:36  getdatalist
12:52:36  getdatalist
12:55:47  login
12:55:49  getlinelist
12:55:50  getdatalist
12:55:50  getdatalist
12:56:06  login
12:56:09  getlinelist
12:56:09  getdatalist
12:56:09  getdatalist
12:56:20  login
12:56:22  getlinelist
12:56:22  getdatalist
12:56:23  getdatalist
12:56:38  login
12:56:40  getlinelist
12:56:40  getdatalist
12:56:40  getdatalist
12:56:42  getdatalist
12:56:42  getdatalist
12:58:28  login
12:58:31  getlinelist
12:58:31  getdatalist
12:58:31  getdatalist
12:58:39  getlinelist
12:58:39  getdatalist
12:58:39  getdatalist
12:58:53  getlinelist
12:58:53  getdatalist
12:58:53  getdatalist
12:59:19  getlinelist
12:59:19  getdatalist
12:59:19  getdatalist
12:59:20  getlinelist
12:59:20  getdatalist
12:59:20  getdatalist
13:00:35  getlinelist
13:00:35  getdatalist
13:00:35  getdatalist
13:02:20  getlinelist
13:02:20  getdatalist
13:02:20  getdatalist
13:03:48  getlinelist
13:03:48  getdatalist
13:03:48  getdatalist
13:03:56  getdatalist
13:03:56  getdatalist
13:03:58  getdatalist
13:03:58  getdatalist
13:03:59  getdatalist
13:03:59  getdatalist
13:04:01  getdatalist
13:04:01  getdatalist
13:04:03  getdatalist
13:04:03  getdatalist
13:04:04  getlinelist
13:04:05  getlinelist
13:04:05  getnumberlist
13:04:06  getuserlist
13:11:09  login
13:11:11  getlinelist
13:11:11  getdatalist
13:11:12  getdatalist
13:11:13  getlinelist
13:11:13  getnumberlist
13:11:58  getlinelist
13:11:59  getnumberlist
13:12:01  getlinelist
13:12:03  getlinelist
13:12:03  getnumberlist
13:12:05  getlinelist
13:12:05  getdatalist
13:12:05  getdatalist
13:12:07  getlinelist
13:12:09  getlinelist
13:12:09  getnumberlist
13:12:10  getuserlist
13:12:12  getlinelist
13:12:12  getnumberlist
13:12:44  getlinelist
13:12:44  getnumberlist
13:13:23  getlinelist
13:13:23  getnumberlist
13:14:29  getlinelist
13:14:29  getnumberlist
13:15:33  getlinelist
13:15:33  getnumberlist
13:16:08  getlinelist
13:16:08  getnumberlist
13:16:11  getnumberlist
13:16:13  getnumberlist
13:16:16  getlinelist
13:16:16  getnumberlist
13:16:17  getlinelist
13:16:17  getdatalist
13:16:17  getdatalist
13:16:19  getlinelist
13:16:20  getlinelist
13:16:20  getnumberlist
13:17:08  getlinelist
13:17:08  getnumberlist
13:17:13  getlinelist
13:17:13  getnumberlist
13:18:17  login
13:18:19  getlinelist
13:18:19  getdatalist
13:18:19  getdatalist
13:18:22  getlinelist
13:18:22  getnumberlist
13:19:10  getlinelist
13:19:10  getnumberlist
13:19:25  getlinelist
13:19:25  getdatalist
13:19:25  getdatalist
13:19:27  getlinelist
13:19:27  getnumberlist
13:19:58  getlinelist
13:19:58  getnumberlist
13:20:27  getlinelist
13:20:27  getnumberlist
13:20:54  getlinelist
13:20:54  getnumberlist
13:21:13  getlinelist
13:21:13  getdatalist
13:21:13  getdatalist
13:21:16  getlinelist
13:21:19  getlinelist
13:21:19  getnumberlist
13:21:22  getlinelist
13:21:22  getdatalist
13:21:22  getdatalist
13:21:25  getlinelist
13:21:28  getlinelist
13:21:28  getnumberlist
13:22:44  getlinelist
13:22:44  getnumberlist
13:23:34  addnumber
13:23:34  getnumberlist
13:23:40  delnumber
13:23:41  getnumberlist
13:33:44  login
13:33:46  getlinelist
13:33:46  getdatalist
13:33:48  getdatalist
13:36:06  getlinelist
13:36:06  getdatalist
13:36:06  getdatalist
13:36:26  login
13:36:29  getlinelist
13:36:29  getdatalist
13:36:29  getdatalist
13:37:09  getlinelist
13:37:09  getdatalist
13:37:09  getdatalist
13:37:25  getlinelist
13:37:25  getdatalist
13:37:25  getdatalist
13:37:52  getlinelist
13:37:52  getdatalist
13:37:52  getdatalist
13:38:21  getlinelist
13:38:21  getdatalist
13:38:21  getdatalist
13:38:34  getlinelist
13:38:34  getdatalist
13:38:34  getdatalist
13:39:04  getlinelist
13:39:04  getdatalist
13:39:04  getdatalist
13:39:47  getlinelist
13:39:47  getdatalist
13:39:47  getdatalist
13:39:59  login
13:40:01  getlinelist
13:40:02  getdatalist
13:40:02  getdatalist
13:40:06  getuserlist
13:40:08  getlinelist
13:40:08  getnumberlist
13:40:10  getlinelist
13:40:11  getlinelist
13:40:11  getdatalist
13:40:11  getdatalist
13:40:12  getlinelist
13:40:15  getlinelist
13:40:16  getlinelist
13:40:17  getlinelist
13:40:17  getnumberlist
13:40:18  getlinelist
13:40:18  getnumberlist
13:40:19  getlinelist
13:40:19  getnumberlist
13:40:20  getuserlist
13:40:21  getuserlist
13:40:32  getlinelist
13:40:32  getnumberlist
13:40:33  getlinelist
13:40:33  getnumberlist
13:40:34  getlinelist
13:40:48  getlinelist
13:40:49  getlinelist
13:40:49  getdatalist
13:40:49  getdatalist
13:40:50  getlinelist
13:40:51  getlinelist
13:40:51  getnumberlist
13:40:52  getuserlist
13:41:29  login
13:41:32  getlinelist
13:41:32  getdatalist
13:41:32  getdatalist
13:41:39  login
13:41:41  getlinelist
13:41:42  getdatalist
13:41:42  getdatalist
13:42:38  login
13:42:41  getlinelist
13:42:41  getdatalist
13:42:41  getdatalist
13:45:18  getlinelist
13:45:18  getdatalist
13:45:18  getdatalist
13:45:21  getlinelist
13:45:21  getnumberlist
13:45:25  getlinelist
13:45:25  getnumberlist
13:46:24  login
13:46:26  getlinelist
13:46:26  getdatalist
13:46:26  getdatalist
13:46:28  getlinelist
13:46:28  getnumberlist
13:46:38  getlinelist
13:46:38  getnumberlist
13:46:46  getnumberlist
13:46:48  getnumberlist
13:46:50  getnumberlist
13:46:53  getnumberlist
13:46:55  getlinelist
13:46:55  getnumberlist
