08:46:52  login
08:46:55  getlinelist
08:46:55  getdatalist
08:46:59  getdatalist
08:47:16  getdatalist
08:47:18  getdatalist
08:47:32  getdatalist
08:48:04  getdatalist
08:48:09  getdatalist
08:48:20  getlinelist
08:48:20  getnumberlist
09:01:13  login
09:01:15  getlinelist
09:01:15  getdatalist
09:01:19  getlinelist
09:01:19  getnumberlist
09:01:30  getlinelist
09:01:30  getnumberlist
09:02:06  getlinelist
09:02:12  getnumberlist
09:03:12  getlinelist
09:03:36  getnumberlist
09:03:44  getlinelist
09:03:44  getnumberlist
09:04:07  getlinelist
09:04:22  getnumberlist
09:04:50  getlinelist
09:05:06  getnumberlist
09:07:33  getlinelist
09:07:33  getnumberlist
09:08:13  getlinelist
09:08:13  getnumberlist
09:08:46  getlinelist
09:08:46  getnumberlist
09:09:26  addnumber
09:09:30  addnumber
09:09:45  addnumber
09:10:41  getlinelist
09:10:41  getnumberlist
09:11:52  addnumber
09:11:58  addnumber
09:12:06  getlinelist
09:12:06  getnumberlist
09:12:10  addnumber
09:12:10  getnumberlist
09:12:14  delnumber
09:12:14  getnumberlist
09:14:49  getlinelist
09:21:34  getdatalist
09:21:35  getdatalist
09:21:45  login
09:21:47  getlinelist
09:21:47  getdatalist
09:21:54  getbusparklist
09:21:56  getlinelist
09:21:57  getlinelist
09:21:57  getnumberlist
09:26:29  login
09:26:32  getlinelist
09:26:32  getdatalist
09:26:50  getlinelist
09:26:51  getnumberlist
09:27:55  getlinelist
09:27:55  getnumberlist
09:29:51  login
09:29:53  getlinelist
09:29:53  getdatalist
09:30:13  getlinelist
09:30:13  getnumberlist
09:30:14  getlinelist
09:30:14  getnumberlist
09:30:19  addnumber
09:30:54  getlinelist
09:30:54  getnumberlist
09:30:57  addnumber
09:30:57  getnumberlist
09:31:05  delnumber
09:31:05  getnumberlist
09:35:55  getlinelist
09:35:55  getdatalist
09:35:59  getbusparklist
09:36:02  getlinelist
09:36:03  getbusparklist
09:36:11  addbuspark
09:37:02  getlinelist
09:37:04  getuserlist
09:37:06  getlinelist
09:37:06  getnumberlist
09:37:35  getlinelist
09:37:35  getdatalist
09:37:37  getbusparklist
09:41:59  login
09:42:02  getlinelist
09:42:02  getdatalist
09:42:05  getbusparklist
09:45:04  getbusparklist
09:45:33  getbusparklist
09:46:00  getbusparklist
09:46:10  getbusparklist
09:46:19  getbusparklist
10:01:36  login
10:01:38  getlinelist
10:01:38  getdatalist
10:01:39  getlinelist
10:01:41  getbusparklist
10:03:13  login
10:03:16  getlinelist
10:03:16  getdatalist
10:03:18  getbusparklist
10:04:02  getbusparklist
10:05:42  login
10:05:44  getlinelist
10:05:44  getdatalist
10:06:05  getbusparklist
10:06:54  getlinelist
10:06:54  getnumberlist
10:07:00  getbusparklist
10:12:03  getbusparklist
10:12:23  getbusparklist
10:12:58  addbuspark
10:12:58  getbusparklist
10:13:58  getbusparklist
10:14:10  getbusparklist
10:14:27  getbusparklist
10:14:31  delbuspark
10:14:31  getbusparklist
10:14:46  getlinelist
10:14:46  getdatalist
10:15:18  getlinelist
10:15:18  getdatalist
10:15:19  getbusparklist
10:15:36  getbusparklist
10:16:10  getbusparklist
10:16:19  getbusparklist
10:16:53  getlinelist
10:16:53  getdatalist
10:16:55  getbusparklist
10:17:31  getlinelist
10:17:31  getnumberlist
10:17:32  getlinelist
10:17:34  getlinelist
10:17:34  getnumberlist
10:17:36  getlinelist
10:17:38  getuserlist
10:17:39  getbusparklist
10:17:49  getlinelist
10:17:50  getdatalist
10:17:52  getbusparklist
10:18:28  addbuspark
10:18:28  getbusparklist
10:18:31  delbuspark
10:18:32  getbusparklist
10:18:35  getlinelist
10:18:35  getdatalist
10:19:35  getdatalist
10:20:35  getdatalist
10:21:35  getdatalist
10:22:35  getdatalist
10:23:35  getdatalist
10:24:35  getdatalist
10:25:35  getdatalist
10:26:35  getdatalist
10:27:06  getlinelist
10:27:25  列名 'Sum_in' 无效。 列名 'Sum_out' 无效。
10:27:25  getdatalist
10:28:05  getlinelist
10:28:06  getdatalist
10:29:05  getdatalist
10:29:15  getlinelist
10:29:51  getdatalist
10:31:16  getdatalist
10:31:16  getdatalist
10:31:19  getdatalist
10:31:22  getdatalist
10:32:22  getdatalist
10:32:36  getlinelist
10:32:36  getdatalist
10:33:36  getdatalist
10:34:36  getdatalist
10:35:36  getdatalist
10:36:36  getdatalist
10:37:36  getdatalist
10:38:36  getdatalist
10:39:36  getdatalist
10:40:36  getdatalist
10:41:36  getdatalist
10:42:33  getlinelist
10:42:33  getdatalist
10:42:34  getbusparklist
10:42:37  getlinelist
10:42:39  getlinelist
10:42:39  getnumberlist
10:42:41  getlinelist
10:42:41  getnumberlist
10:42:43  getuserlist
10:42:45  getlinelist
10:42:45  getdatalist
10:42:49  getbusparklist
10:43:01  getlinelist
10:43:01  getdatalist
10:44:01  getdatalist
10:45:01  getdatalist
10:46:01  getdatalist
10:47:01  getdatalist
10:48:01  getdatalist
10:49:01  getdatalist
10:50:01  getdatalist
10:51:01  getdatalist
10:52:01  getdatalist
10:52:42  getlinelist
10:52:42  getdatalist
10:52:44  getlinelist
10:52:44  getdatalist
10:52:45  getdatalist
10:52:47  getdatalist
10:52:49  getdatalist
10:52:53  getlinelist
10:52:53  getdatalist
10:53:02  getbusparklist
10:53:03  getbusparklist
10:53:09  getlinelist
10:53:09  getdatalist
10:53:10  getbusparklist
10:53:12  getlinelist
10:53:13  getlinelist
10:53:13  getnumberlist
10:53:14  getuserlist
10:53:16  getlinelist
10:53:16  getdatalist
10:53:17  getbusparklist
10:53:20  getlinelist
10:53:22  getlinelist
10:53:22  getnumberlist
10:53:24  getlinelist
10:53:24  getdatalist
10:53:25  getlinelist
10:53:25  getdatalist
10:54:25  getdatalist
10:55:25  getdatalist
10:56:25  getdatalist
10:57:25  getdatalist
10:58:25  getdatalist
10:59:25  getdatalist
10:59:37  getlinelist
10:59:37  getdatalist
11:00:13  getlinelist
11:00:13  getdatalist
11:00:15  getlinelist
11:00:15  getdatalist
11:00:34  getlinelist
11:00:34  getdatalist
11:00:38  getlinelist
11:00:38  getdatalist
11:00:43  getlinelist
11:00:43  getdatalist
11:01:43  getdatalist
11:02:20  getlinelist
11:02:20  getdatalist
11:02:22  getlinelist
11:02:22  getdatalist
11:02:23  getlinelist
11:02:23  getdatalist
11:02:43  getbusparklist
11:02:50  getlinelist
11:02:50  getdatalist
11:02:52  getlinelist
11:02:52  getdatalist
11:03:52  getdatalist
11:03:55  getlinelist
11:03:56  getdatalist
11:03:57  getlinelist
11:03:57  getdatalist
11:04:57  getdatalist
11:05:57  getdatalist
13:53:42  login
13:53:45  getlinelist
13:53:45  getdatalist
13:53:47  getbusparklist
13:53:52  addbuspark
13:53:53  getbusparklist
13:54:08  delbuspark
13:54:08  getbusparklist
13:54:22  getlinelist
13:54:25  addline
13:54:25  getlinelist
13:54:30  delline
13:54:30  getlinelist
13:54:33  getlinelist
13:54:33  getnumberlist
13:54:36  addnumber
13:54:36  getnumberlist
13:54:39  delnumber
13:54:39  getnumberlist
13:56:07  getlinelist
13:56:08  getlinelist
13:56:10  addline
13:56:10  getlinelist
13:56:14  delline
13:56:14  getlinelist
13:56:33  getlinelist
13:56:35  addline
13:56:35  getlinelist
13:56:39  delline
13:56:39  getlinelist
13:57:09  getlinelist
13:57:11  addline
13:57:11  getlinelist
13:57:14  delline
13:57:14  getlinelist
13:57:30  getlinelist
13:57:33  addline
13:57:33  getlinelist
13:57:36  delline
13:57:36  getlinelist
13:57:42  getlinelist
13:57:42  getdatalist
13:57:44  getbusparklist
13:57:45  getlinelist
13:57:46  getlinelist
13:57:46  getnumberlist
13:57:47  getuserlist
13:57:50  getlinelist
13:57:50  getdatalist
13:58:01  getbusparklist
14:01:42  getlinelist
14:01:42  getdatalist
14:02:19  getlinelist
14:02:20  getdatalist
14:02:40  getlinelist
14:02:40  getdatalist
14:02:49  getlinelist
14:02:50  getdatalist
14:02:53  getdatalist
14:02:55  getdatalist
14:02:57  getdatalist
14:03:57  getdatalist
14:04:57  getdatalist
14:05:57  getdatalist
14:06:57  getdatalist
14:07:57  getdatalist
14:08:57  getdatalist
14:09:57  getdatalist
14:10:54  getdatalist
14:10:57  getlinelist
14:10:57  getdatalist
14:11:08  getdatalist
14:11:09  getdatalist
14:11:18  getbusparklist
14:11:29  getlinelist
14:11:30  getdatalist
14:12:30  getdatalist
14:13:30  getdatalist
14:14:30  getdatalist
14:14:56  getbusparklist
14:15:13  getlinelist
14:15:14  getdatalist
14:15:17  getlinelist
14:15:17  getdatalist
14:15:17  getbusparklist
14:16:12  getbusparklist
14:16:13  getlinelist
14:16:13  getdatalist
14:17:13  getdatalist
14:17:35  getbusparklist
14:17:35  getlinelist
14:17:35  getdatalist
14:18:35  getdatalist
14:19:35  getdatalist
14:20:35  getdatalist
14:21:15  getbusparklist
14:21:15  getlinelist
14:21:16  getdatalist
14:21:22  
14:21:22  getdatalist
14:21:26  getbusparklist
14:21:27  getbusparklist
14:21:28  getlinelist
14:21:28  getdatalist
14:21:37  
14:21:37  getdatalist
14:21:47  getdatalist
14:22:17  getdatalist
14:22:18  getbusparklist
14:22:20  getbusparklist
14:22:20  getlinelist
14:22:20  getdatalist
14:22:23  getbusparklist
14:22:28  getlinelist
14:22:30  getlinelist
14:22:30  getnumberlist
14:22:31  getuserlist
14:22:34  getbusparklist
14:22:35  getlinelist
14:22:35  getdatalist
14:22:41  getdatalist
14:23:41  getdatalist
14:24:41  getdatalist
14:25:41  getdatalist
14:26:41  getdatalist
14:27:41  getdatalist
14:28:41  getdatalist
14:29:41  getdatalist
14:30:41  getdatalist
14:31:41  getdatalist
14:32:41  getdatalist
14:33:41  getdatalist
14:33:46  login
14:33:49  getbusparklist
14:33:49  getlinelist
14:33:49  getdatalist
14:33:51  getbusparklist
14:33:52  getlinelist
14:33:54  getlinelist
14:33:54  getnumberlist
14:33:55  getbusparklist
14:33:56  getlinelist
14:34:34  getlinelist
14:35:51  getlinelist
14:35:52  getbusparklist
14:35:53  getlinelist
14:35:53  getdatalist
14:35:53  getbusparklist
14:35:54  getlinelist
14:35:55  getlinelist
14:35:55  getnumberlist
14:35:56  getuserlist
14:36:00  getlinelist
14:36:00  getdatalist
14:36:00  getbusparklist
14:36:05  getdatalist
14:36:07  getdatalist
14:37:07  getdatalist
14:37:13  getbusparklist
14:37:15  getbusparklist
14:37:36  getbusparklist
14:37:36  getlinelist
14:37:36  getdatalist
14:38:36  getdatalist
14:39:36  getdatalist
14:40:36  getdatalist
14:41:36  getdatalist
14:42:36  getdatalist
14:43:36  getdatalist
14:44:36  getdatalist
14:45:36  getdatalist
14:46:36  getdatalist
14:47:36  getdatalist
14:48:36  getdatalist
14:49:36  getdatalist
14:50:36  getdatalist
14:51:36  getdatalist
14:52:36  getdatalist
14:53:36  getdatalist
14:54:36  getdatalist
14:55:36  getdatalist
14:56:36  getdatalist
14:57:36  getdatalist
14:58:36  getdatalist
14:59:36  getdatalist
15:00:36  getdatalist
15:01:36  getdatalist
15:02:36  getdatalist
15:03:36  getdatalist
15:04:36  getdatalist
15:05:36  getdatalist
15:06:36  getdatalist
15:07:36  getdatalist
15:08:36  getdatalist
15:09:36  getdatalist
15:10:36  getdatalist
15:11:36  getdatalist
15:12:36  getdatalist
15:13:36  getdatalist
15:14:36  getdatalist
15:15:36  getdatalist
15:16:36  getdatalist
15:17:36  getdatalist
15:18:36  getdatalist
15:19:36  getdatalist
15:20:36  getdatalist
15:21:36  getdatalist
15:22:36  getdatalist
15:23:36  getdatalist
15:24:36  getdatalist
15:25:36  getdatalist
15:26:36  getdatalist
15:27:36  getdatalist
15:28:36  getdatalist
15:29:36  getdatalist
15:30:36  getdatalist
15:31:36  getdatalist
15:32:36  getdatalist
15:33:36  getdatalist
15:34:36  getdatalist
15:35:36  getdatalist
15:36:36  getdatalist
15:37:36  getdatalist
15:38:36  getdatalist
15:39:36  getdatalist
15:40:36  getdatalist
15:41:36  getdatalist
15:42:36  getdatalist
15:43:36  getdatalist
15:44:36  getdatalist
15:45:36  getdatalist
15:46:36  getdatalist
15:47:36  getdatalist
15:48:36  getdatalist
15:49:36  getdatalist
15:50:36  getdatalist
15:51:36  getdatalist
15:52:36  getdatalist
15:53:36  getdatalist
15:54:36  getdatalist
15:55:36  getdatalist
15:56:36  getdatalist
15:57:36  getdatalist
15:58:36  getdatalist
15:59:36  getdatalist
16:00:36  getdatalist
16:01:36  getdatalist
16:02:36  getdatalist
16:03:36  getdatalist
16:04:36  getdatalist
16:05:36  getdatalist
