13:41:45  进入a
13:41:45  进入getdatalist
13:41:45  getdatalist
13:41:46  getdatalist
14:08:07  进入a
14:08:07  进入getdatalist
14:08:07  getdatalist
14:08:07  getdatalist
14:09:31  进入a
14:09:31  进入getdatalist
14:09:31  getdatalist
14:09:57  getdatalist
14:10:00  进入a
14:10:00  进入getdatalist
14:10:00  getdatalist
14:10:00  getdatalist
14:10:29  进入a
14:10:29  进入getdatalist
14:10:29  getdatalist
14:10:40  getdatalist
14:50:43  进入a
14:50:43  进入getdatalist
14:50:43  getdatalist
14:50:44  getdatalist
15:59:51  进入a
15:59:51  addline
15:59:52  addline
16:01:10  进入a
16:01:10  addline
16:01:10  addline
16:27:51  进入a
16:27:51  addline
16:27:51  getlinelist
16:27:51  addline
16:27:51  getlinelist
16:28:07  进入a
16:28:07  addline
16:28:07  进入a
16:28:07  getlinelist
16:28:07  addline
16:28:07  getlinelist
16:28:57  进入a
16:28:57  getlinelist
16:28:57  进入a
16:28:57  addline
16:28:57  getlinelist
16:28:57  addline
16:50:58  进入a
16:50:58  addline
16:50:58  进入a
16:50:58  getlinelist
16:51:02  getlinelist
16:51:02  addline
16:51:04  进入a
16:51:04  addline
16:51:04  getlinelist
16:51:04  addline
16:51:04  getlinelist
16:54:04  进入a
16:54:04  addline
16:54:04  getlinelist
16:54:04  getlinelist
16:54:04  addline
16:54:26  进入a
16:54:26  addline
16:54:26  getlinelist
16:54:26  进入a
16:54:26  getlinelist
16:54:26  进入a
16:54:26  addline
16:54:26  getlinelist
16:54:26  getlinelist
16:54:26  addline
16:54:26  addline
16:54:32  进入a
16:54:32  addline
16:54:32  getlinelist
16:54:32  addline
16:54:32  getlinelist
16:54:37  进入a
16:54:37  getlinelist
16:54:37  进入a
16:54:37  addline
16:54:37  getlinelist
16:54:37  addline
16:55:00  进入a
16:55:00  addline
16:55:00  getlinelist
16:55:00  addline
16:55:00  getlinelist
16:57:28  进入a
16:57:28  getlinelist
16:57:28  getlinelist
16:57:28  addline
16:58:27  进入a
16:58:27  addline
16:58:27  getlinelist
16:58:27  addline
16:58:27  getlinelist
16:58:51  进入a
16:58:51  addline
16:58:51  进入a
16:58:51  getlinelist
16:58:51  getlinelist
16:58:51  addline
17:06:45  进入a
17:06:45  addline
17:06:45  getlinelist
17:06:46  addline
17:06:46  getlinelist
17:08:40  进入a
17:08:40  getlinelist
17:08:40  进入a
17:08:40  addline
17:08:40  getlinelist
17:08:40  addline
17:08:58  进入a
17:08:58  addline
17:08:58  进入a
17:08:58  getlinelist
17:08:58  getlinelist
17:08:58  addline
17:09:30  进入a
17:09:30  getlinelist
17:09:30  进入a
17:09:30  addline
17:09:30  getlinelist
17:09:30  addline
17:09:50  进入a
17:09:50  addline
17:09:50  进入a
17:09:50  getlinelist
17:09:50  getlinelist
17:09:50  addline
17:10:24  进入a
17:10:24  getlinelist
17:10:24  进入a
17:10:24  addline
17:10:38  addline
17:11:31  getlinelist
17:11:38  进入a
17:11:38  addline
17:11:38  进入a
17:11:38  getlinelist
17:11:41  addline
17:11:48  进入a
17:11:48  进入a
17:11:48  getlinelist
17:11:48  addline
17:11:48  getlinelist
17:11:49  addline
17:12:34  进入a
17:12:34  getlinelist
17:12:34  进入a
17:12:34  addline
17:13:24  addline
17:13:31  getlinelist
17:13:36  进入a
17:13:36  addline
17:13:36  getlinelist
17:13:36  addline
17:13:36  getlinelist
17:19:44  进入a
17:19:44  addline
17:19:44  进入a
17:19:44  getlinelist
17:19:45  addline
17:19:45  getlinelist
17:25:34  进入a
17:25:34  addline
17:25:34  getlinelist
17:25:34  addline
17:25:34  getlinelist
17:26:02  进入a
17:26:02  addline
17:26:02  进入a
17:26:02  getlinelist
17:26:02  getlinelist
17:26:02  addline
17:26:27  进入a
17:26:27  进入a
17:26:27  addline
17:26:27  addline
17:26:29  getlinelist
17:26:36  进入a
17:26:36  addline
17:26:36  getlinelist
17:26:53  addline
17:27:15  进入a
17:27:15  getlinelist
17:27:15  进入a
17:27:15  addline
17:27:35  getlinelist
17:27:35  addline
17:28:18  进入a
17:28:18  getlinelist
17:28:18  addline
17:28:18  getlinelist
17:28:18  addline
17:29:09  进入a
17:29:09  addline
17:29:09  进入a
17:29:09  getlinelist
17:29:16  addline
17:29:16  getlinelist
