15:04:27  getbusparklist
15:04:27  getdatalist
15:04:41  getbusparklist
15:04:41  getdatalist
15:04:49  getdatalist
15:04:58  getlinelist
15:04:58  getdatalist
15:04:59  getbusparklist
15:05:09  getbusparklist
15:05:09  getdatalist
15:05:18  getbusparklist
15:05:18  getdatalist
15:05:24  getlinelist
15:06:53  getdatalist
15:07:04  getdatalist
15:07:04  getdatalist
15:07:08  getdatalist
15:07:08  getdatalist
15:07:08  getdatalist
15:07:09  getdatalist
15:07:09  getdatalist
15:07:09  getdatalist
15:07:09  getdatalist
15:07:09  getdatalist
15:07:12  getdatalist
15:07:14  getdatalist
15:07:19  getdatalist
15:07:26  getdatalist
15:07:26  getdatalist
15:07:26  getdatalist
15:07:27  getdatalist
15:07:42  getdatalist
15:07:44  getdatalist
15:07:44  getdatalist
15:07:59  getdatalist
15:08:02  getdatalist
15:18:41  getlinelist
15:18:41  getdatalist
15:18:45  getdatalist
15:18:46  getdatalist
15:18:47  getdatalist
15:18:47  getdatalist
15:18:57  getdatalist
15:19:40  getdatalist
15:19:49  getdatalist
15:20:18  getdatalist
15:20:18  getdatalist
15:20:37  getdatalist
15:21:52  getdatalist
15:22:05  getdatalist
15:22:15  getdatalist
15:23:39  getdatalist
15:23:55  getdatalist
15:23:57  getdatalist
15:24:04  getdatalist
15:24:05  getdatalist
15:24:06  getdatalist
15:24:07  getdatalist
15:24:08  getdatalist
15:33:05  getdatalist
15:33:05  getdatalist
15:33:06  getdatalist
15:33:06  getdatalist
15:33:07  getdatalist
15:33:07  getdatalist
15:33:08  getdatalist
15:33:09  getdatalist
15:33:10  getdatalist
15:33:11  getdatalist
15:33:12  getdatalist
15:33:13  getdatalist
15:33:24  getdatalist
15:33:25  getdatalist
15:34:03  getdatalist
15:34:04  getdatalist
15:34:05  getdatalist
15:36:36  getdatalist
15:49:46  getdatalist
15:49:47  getdatalist
15:49:47  getdatalist
15:49:47  getdatalist
15:49:47  getdatalist
15:49:48  getdatalist
15:49:50  getdatalist
15:49:56  getdatalist
15:49:57  getdatalist
15:54:31  getdatalist
15:54:31  getdatalist
15:54:32  getdatalist
15:54:32  getdatalist
15:54:34  getdatalist
15:54:34  getdatalist
15:54:34  getdatalist
15:54:35  getdatalist
15:54:35  getdatalist
15:54:35  getdatalist
15:54:36  getdatalist
15:54:37  getdatalist
15:54:37  getdatalist
15:54:37  getdatalist
15:54:38  getdatalist
15:54:38  getdatalist
15:54:39  getdatalist
15:54:39  getdatalist
15:54:40  getdatalist
15:54:41  getdatalist
16:00:01  getdatalist
16:03:30  如果该语句包含 UNION、INTERSECT 或 EXCEPT 运算符，则 ORDER BY 项必须出现在选择列表中。
16:03:30  getdatalist
16:03:33  如果该语句包含 UNION、INTERSECT 或 EXCEPT 运算符，则 ORDER BY 项必须出现在选择列表中。
16:03:33  getdatalist
16:03:39  如果该语句包含 UNION、INTERSECT 或 EXCEPT 运算符，则 ORDER BY 项必须出现在选择列表中。
16:03:39  getdatalist
17:41:21  getlinelist
17:41:21  getdatalist
17:41:30  getlinelist
17:41:31  getdatalist
17:41:37  getbusparklist
18:43:04  getbusparklist
18:43:04  getdatalist
18:43:32  getdatalist
18:44:19  getdatalist
18:46:09  getbusparklist
18:46:09  getlinelist
18:46:09  getdatalist
18:46:32  getdatalist
18:49:48  getdatalist
18:49:57  getdatalist
18:50:09  getdatalist
18:50:19  getdatalist
18:50:36  getdatalist
18:50:45  getdatalist
18:51:24  getdatalist
18:51:34  getdatalist
19:43:17  如果该语句包含 UNION、INTERSECT 或 EXCEPT 运算符，则 ORDER BY 项必须出现在选择列表中。
19:43:17  getdatalist
19:44:17  如果该语句包含 UNION、INTERSECT 或 EXCEPT 运算符，则 ORDER BY 项必须出现在选择列表中。
19:44:17  getdatalist
19:44:19  如果该语句包含 UNION、INTERSECT 或 EXCEPT 运算符，则 ORDER BY 项必须出现在选择列表中。
19:44:19  getdatalist
19:44:54  如果该语句包含 UNION、INTERSECT 或 EXCEPT 运算符，则 ORDER BY 项必须出现在选择列表中。
19:44:54  getdatalist
19:45:43  从 varchar 数据类型到 datetime 数据类型的转换产生一个超出范围的值。
19:45:43  getdatalist
19:45:46  从 varchar 数据类型到 datetime 数据类型的转换产生一个超出范围的值。
19:45:46  getdatalist
19:45:49  从 varchar 数据类型到 datetime 数据类型的转换产生一个超出范围的值。
19:45:49  getdatalist
19:46:05  从 varchar 数据类型到 datetime 数据类型的转换产生一个超出范围的值。
19:46:05  getdatalist
19:46:11  从 varchar 数据类型到 datetime 数据类型的转换产生一个超出范围的值。
19:46:11  getdatalist
19:55:19  getdatalist
