00:00:22  日期或时间不正确
00:00:22  getdatalist
00:01:22  日期或时间不正确
00:01:22  getdatalist
00:02:22  日期或时间不正确
00:02:22  getdatalist
00:03:22  日期或时间不正确
00:03:22  getdatalist
00:04:22  日期或时间不正确
00:04:22  getdatalist
00:05:22  日期或时间不正确
00:05:22  getdatalist
00:06:22  日期或时间不正确
00:06:22  getdatalist
00:07:22  日期或时间不正确
00:07:22  getdatalist
00:08:22  日期或时间不正确
00:08:22  getdatalist
00:09:22  日期或时间不正确
00:09:22  getdatalist
00:10:22  日期或时间不正确
00:10:22  getdatalist
00:11:22  日期或时间不正确
00:11:22  getdatalist
00:12:22  日期或时间不正确
00:12:22  getdatalist
00:13:22  日期或时间不正确
00:13:22  getdatalist
00:14:22  日期或时间不正确
00:14:22  getdatalist
00:15:22  日期或时间不正确
00:15:22  getdatalist
00:16:22  日期或时间不正确
00:16:22  getdatalist
00:17:22  日期或时间不正确
00:17:22  getdatalist
00:18:22  日期或时间不正确
00:18:22  getdatalist
00:19:22  日期或时间不正确
00:19:22  getdatalist
00:20:22  日期或时间不正确
00:20:22  getdatalist
00:21:22  日期或时间不正确
00:21:22  getdatalist
00:22:22  日期或时间不正确
00:22:22  getdatalist
00:23:22  日期或时间不正确
00:23:22  getdatalist
00:24:22  日期或时间不正确
00:24:22  getdatalist
00:25:22  日期或时间不正确
00:25:22  getdatalist
00:26:22  日期或时间不正确
00:26:22  getdatalist
00:27:22  日期或时间不正确
00:27:22  getdatalist
00:28:22  日期或时间不正确
00:28:22  getdatalist
00:29:22  日期或时间不正确
00:29:22  getdatalist
00:30:22  日期或时间不正确
00:30:22  getdatalist
00:31:22  日期或时间不正确
00:31:22  getdatalist
00:32:22  日期或时间不正确
00:32:22  getdatalist
00:33:22  日期或时间不正确
00:33:22  getdatalist
00:34:22  日期或时间不正确
00:34:22  getdatalist
00:35:22  日期或时间不正确
00:35:22  getdatalist
00:36:22  日期或时间不正确
00:36:22  getdatalist
00:37:22  日期或时间不正确
00:37:22  getdatalist
00:38:22  日期或时间不正确
00:38:22  getdatalist
00:39:22  日期或时间不正确
00:39:22  getdatalist
00:40:22  日期或时间不正确
00:40:22  getdatalist
00:41:22  日期或时间不正确
00:41:22  getdatalist
00:42:22  日期或时间不正确
00:42:22  getdatalist
00:43:22  日期或时间不正确
00:43:22  getdatalist
00:44:22  日期或时间不正确
00:44:22  getdatalist
00:45:22  日期或时间不正确
00:45:22  getdatalist
00:46:22  日期或时间不正确
00:46:22  getdatalist
00:47:22  日期或时间不正确
00:47:22  getdatalist
00:48:22  日期或时间不正确
00:48:22  getdatalist
00:49:22  日期或时间不正确
00:49:22  getdatalist
00:50:22  日期或时间不正确
00:50:22  getdatalist
00:51:22  日期或时间不正确
00:51:22  getdatalist
00:52:22  日期或时间不正确
00:52:22  getdatalist
00:53:22  日期或时间不正确
00:53:22  getdatalist
00:54:22  日期或时间不正确
00:54:22  getdatalist
00:55:22  日期或时间不正确
00:55:22  getdatalist
00:56:22  日期或时间不正确
00:56:22  getdatalist
00:57:22  日期或时间不正确
00:57:22  getdatalist
00:58:22  日期或时间不正确
00:58:22  getdatalist
00:59:22  日期或时间不正确
00:59:22  getdatalist
01:00:22  日期或时间不正确
01:00:22  getdatalist
01:01:22  日期或时间不正确
01:01:22  getdatalist
01:02:22  日期或时间不正确
01:02:22  getdatalist
01:03:22  日期或时间不正确
01:03:22  getdatalist
01:04:22  日期或时间不正确
01:04:22  getdatalist
01:05:22  日期或时间不正确
01:05:22  getdatalist
01:06:22  日期或时间不正确
01:06:22  getdatalist
01:07:22  日期或时间不正确
01:07:22  getdatalist
01:08:22  日期或时间不正确
01:08:22  getdatalist
01:09:22  日期或时间不正确
01:09:22  getdatalist
01:10:22  日期或时间不正确
01:10:22  getdatalist
01:11:22  日期或时间不正确
01:11:22  getdatalist
01:12:22  日期或时间不正确
01:12:22  getdatalist
01:13:22  日期或时间不正确
01:13:22  getdatalist
01:14:22  日期或时间不正确
01:14:22  getdatalist
01:15:22  日期或时间不正确
01:15:22  getdatalist
01:16:22  日期或时间不正确
01:16:22  getdatalist
01:17:22  日期或时间不正确
01:17:22  getdatalist
01:18:22  日期或时间不正确
01:18:22  getdatalist
01:19:22  日期或时间不正确
01:19:22  getdatalist
01:20:22  日期或时间不正确
01:20:22  getdatalist
01:21:22  日期或时间不正确
01:21:22  getdatalist
01:22:22  日期或时间不正确
01:22:22  getdatalist
01:23:22  日期或时间不正确
01:23:22  getdatalist
01:24:22  日期或时间不正确
01:24:22  getdatalist
01:25:22  日期或时间不正确
01:25:22  getdatalist
01:26:22  日期或时间不正确
01:26:22  getdatalist
01:27:22  日期或时间不正确
01:27:22  getdatalist
01:28:22  日期或时间不正确
01:28:22  getdatalist
01:29:22  日期或时间不正确
01:29:22  getdatalist
01:30:22  日期或时间不正确
01:30:22  getdatalist
01:31:22  日期或时间不正确
01:31:22  getdatalist
01:32:22  日期或时间不正确
01:32:22  getdatalist
01:33:22  日期或时间不正确
01:33:22  getdatalist
01:34:22  日期或时间不正确
01:34:22  getdatalist
01:35:22  日期或时间不正确
01:35:22  getdatalist
01:36:22  日期或时间不正确
01:36:22  getdatalist
01:37:22  日期或时间不正确
01:37:22  getdatalist
01:38:22  日期或时间不正确
01:38:22  getdatalist
01:39:22  日期或时间不正确
01:39:22  getdatalist
01:40:22  日期或时间不正确
01:40:22  getdatalist
01:41:22  日期或时间不正确
01:41:22  getdatalist
01:42:22  日期或时间不正确
01:42:22  getdatalist
01:43:22  日期或时间不正确
01:43:22  getdatalist
01:44:22  日期或时间不正确
01:44:22  getdatalist
01:45:22  日期或时间不正确
01:45:22  getdatalist
01:46:22  日期或时间不正确
01:46:22  getdatalist
01:47:22  日期或时间不正确
01:47:22  getdatalist
01:48:22  日期或时间不正确
01:48:22  getdatalist
01:49:22  日期或时间不正确
01:49:22  getdatalist
01:50:22  日期或时间不正确
01:50:22  getdatalist
01:51:22  日期或时间不正确
01:51:22  getdatalist
01:52:22  日期或时间不正确
01:52:22  getdatalist
01:53:22  日期或时间不正确
01:53:22  getdatalist
01:54:22  日期或时间不正确
01:54:22  getdatalist
01:55:22  日期或时间不正确
01:55:22  getdatalist
01:56:22  日期或时间不正确
01:56:22  getdatalist
01:57:22  日期或时间不正确
01:57:22  getdatalist
01:58:22  日期或时间不正确
01:58:22  getdatalist
01:59:22  日期或时间不正确
01:59:22  getdatalist
02:00:22  日期或时间不正确
02:00:22  getdatalist
02:01:22  日期或时间不正确
02:01:22  getdatalist
02:02:22  日期或时间不正确
02:02:22  getdatalist
02:03:22  日期或时间不正确
02:03:22  getdatalist
02:04:22  日期或时间不正确
02:04:22  getdatalist
02:05:22  日期或时间不正确
02:05:22  getdatalist
02:06:22  日期或时间不正确
02:06:22  getdatalist
02:07:22  日期或时间不正确
02:07:22  getdatalist
02:08:22  日期或时间不正确
02:08:22  getdatalist
02:09:22  日期或时间不正确
02:09:22  getdatalist
02:10:22  日期或时间不正确
02:10:22  getdatalist
02:11:22  日期或时间不正确
02:11:22  getdatalist
02:12:22  日期或时间不正确
02:12:22  getdatalist
02:13:22  日期或时间不正确
02:13:22  getdatalist
02:14:22  日期或时间不正确
02:14:22  getdatalist
02:15:22  日期或时间不正确
02:15:22  getdatalist
02:16:22  日期或时间不正确
02:16:22  getdatalist
02:17:22  日期或时间不正确
02:17:22  getdatalist
02:18:22  日期或时间不正确
02:18:22  getdatalist
02:19:22  日期或时间不正确
02:19:22  getdatalist
02:20:22  日期或时间不正确
02:20:22  getdatalist
02:21:22  日期或时间不正确
02:21:22  getdatalist
02:22:22  日期或时间不正确
02:22:22  getdatalist
02:23:22  日期或时间不正确
02:23:22  getdatalist
02:24:22  日期或时间不正确
02:24:22  getdatalist
02:25:22  日期或时间不正确
02:25:22  getdatalist
02:26:22  日期或时间不正确
02:26:22  getdatalist
02:27:22  日期或时间不正确
02:27:22  getdatalist
02:28:22  日期或时间不正确
02:28:22  getdatalist
02:29:22  日期或时间不正确
02:29:22  getdatalist
02:30:22  日期或时间不正确
02:30:22  getdatalist
02:31:22  日期或时间不正确
02:31:22  getdatalist
02:32:22  日期或时间不正确
02:32:22  getdatalist
02:33:22  日期或时间不正确
02:33:22  getdatalist
02:34:22  日期或时间不正确
02:34:22  getdatalist
02:35:22  日期或时间不正确
02:35:22  getdatalist
02:36:22  日期或时间不正确
02:36:22  getdatalist
02:37:22  日期或时间不正确
02:37:22  getdatalist
02:38:22  日期或时间不正确
02:38:22  getdatalist
02:39:22  日期或时间不正确
02:39:22  getdatalist
02:40:22  日期或时间不正确
02:40:22  getdatalist
02:41:22  日期或时间不正确
02:41:22  getdatalist
02:42:22  日期或时间不正确
02:42:22  getdatalist
02:43:22  日期或时间不正确
02:43:22  getdatalist
02:44:22  日期或时间不正确
02:44:22  getdatalist
02:45:22  日期或时间不正确
02:45:22  getdatalist
02:46:22  日期或时间不正确
02:46:22  getdatalist
02:47:22  日期或时间不正确
02:47:22  getdatalist
02:48:22  日期或时间不正确
02:48:22  getdatalist
02:49:22  日期或时间不正确
02:49:22  getdatalist
02:50:22  日期或时间不正确
02:50:22  getdatalist
02:51:22  日期或时间不正确
02:51:22  getdatalist
02:52:22  日期或时间不正确
02:52:22  getdatalist
02:53:22  日期或时间不正确
02:53:22  getdatalist
02:54:22  日期或时间不正确
02:54:22  getdatalist
02:55:22  日期或时间不正确
02:55:22  getdatalist
02:56:22  日期或时间不正确
02:56:22  getdatalist
02:57:22  日期或时间不正确
02:57:22  getdatalist
02:58:22  日期或时间不正确
02:58:22  getdatalist
02:59:22  日期或时间不正确
02:59:22  getdatalist
03:00:22  日期或时间不正确
03:00:22  getdatalist
03:01:22  日期或时间不正确
03:01:22  getdatalist
03:02:22  日期或时间不正确
03:02:22  getdatalist
03:03:22  日期或时间不正确
03:03:22  getdatalist
03:04:22  日期或时间不正确
03:04:22  getdatalist
03:05:22  日期或时间不正确
03:05:22  getdatalist
03:06:22  日期或时间不正确
03:06:22  getdatalist
03:07:22  日期或时间不正确
03:07:22  getdatalist
03:08:22  日期或时间不正确
03:08:22  getdatalist
03:09:22  日期或时间不正确
03:09:22  getdatalist
03:10:22  日期或时间不正确
03:10:22  getdatalist
03:11:22  日期或时间不正确
03:11:22  getdatalist
03:12:22  日期或时间不正确
03:12:22  getdatalist
03:13:22  日期或时间不正确
03:13:22  getdatalist
03:14:22  日期或时间不正确
03:14:22  getdatalist
03:15:22  日期或时间不正确
03:15:22  getdatalist
03:16:22  日期或时间不正确
03:16:22  getdatalist
03:17:22  日期或时间不正确
03:17:22  getdatalist
03:18:22  日期或时间不正确
03:18:22  getdatalist
03:19:22  日期或时间不正确
03:19:22  getdatalist
03:20:22  日期或时间不正确
03:20:22  getdatalist
03:21:22  日期或时间不正确
03:21:22  getdatalist
03:22:22  日期或时间不正确
03:22:22  getdatalist
03:23:22  日期或时间不正确
03:23:22  getdatalist
03:24:22  日期或时间不正确
03:24:22  getdatalist
03:25:22  日期或时间不正确
03:25:22  getdatalist
03:26:22  日期或时间不正确
03:26:22  getdatalist
03:27:22  日期或时间不正确
03:27:22  getdatalist
03:28:22  日期或时间不正确
03:28:22  getdatalist
03:29:22  日期或时间不正确
03:29:22  getdatalist
03:30:22  日期或时间不正确
03:30:22  getdatalist
03:31:22  日期或时间不正确
03:31:22  getdatalist
03:32:22  日期或时间不正确
03:32:22  getdatalist
03:33:22  日期或时间不正确
03:33:22  getdatalist
03:34:22  日期或时间不正确
03:34:22  getdatalist
03:35:22  日期或时间不正确
03:35:22  getdatalist
03:36:22  日期或时间不正确
03:36:22  getdatalist
03:37:22  日期或时间不正确
03:37:22  getdatalist
03:38:22  日期或时间不正确
03:38:22  getdatalist
03:39:22  日期或时间不正确
03:39:22  getdatalist
03:40:22  日期或时间不正确
03:40:22  getdatalist
03:41:22  日期或时间不正确
03:41:22  getdatalist
03:42:22  日期或时间不正确
03:42:22  getdatalist
03:43:22  日期或时间不正确
03:43:22  getdatalist
03:44:22  日期或时间不正确
03:44:22  getdatalist
03:45:22  日期或时间不正确
03:45:22  getdatalist
03:46:22  日期或时间不正确
03:46:22  getdatalist
03:47:22  日期或时间不正确
03:47:22  getdatalist
03:48:22  日期或时间不正确
03:48:22  getdatalist
03:49:22  日期或时间不正确
03:49:22  getdatalist
03:50:22  日期或时间不正确
03:50:22  getdatalist
03:51:22  日期或时间不正确
03:51:22  getdatalist
03:52:22  日期或时间不正确
03:52:22  getdatalist
03:53:22  日期或时间不正确
03:53:22  getdatalist
03:54:22  日期或时间不正确
03:54:22  getdatalist
03:55:22  日期或时间不正确
03:55:22  getdatalist
03:56:22  日期或时间不正确
03:56:22  getdatalist
03:57:22  日期或时间不正确
03:57:22  getdatalist
03:58:22  日期或时间不正确
03:58:22  getdatalist
03:59:22  日期或时间不正确
03:59:22  getdatalist
04:00:22  日期或时间不正确
04:00:22  getdatalist
04:01:22  日期或时间不正确
04:01:22  getdatalist
04:02:22  日期或时间不正确
04:02:22  getdatalist
04:03:22  日期或时间不正确
04:03:22  getdatalist
04:04:22  日期或时间不正确
04:04:22  getdatalist
04:05:22  日期或时间不正确
04:05:22  getdatalist
04:06:22  日期或时间不正确
04:06:22  getdatalist
04:07:22  日期或时间不正确
04:07:22  getdatalist
04:08:22  日期或时间不正确
04:08:22  getdatalist
04:09:22  日期或时间不正确
04:09:22  getdatalist
04:10:22  日期或时间不正确
04:10:22  getdatalist
04:11:22  日期或时间不正确
04:11:22  getdatalist
04:12:22  日期或时间不正确
04:12:22  getdatalist
04:13:22  日期或时间不正确
04:13:22  getdatalist
04:14:22  日期或时间不正确
04:14:22  getdatalist
04:15:22  日期或时间不正确
04:15:22  getdatalist
04:16:22  日期或时间不正确
04:16:22  getdatalist
04:17:22  日期或时间不正确
04:17:22  getdatalist
04:18:22  日期或时间不正确
04:18:22  getdatalist
04:19:22  日期或时间不正确
04:19:22  getdatalist
04:20:22  日期或时间不正确
04:20:22  getdatalist
04:21:22  日期或时间不正确
04:21:22  getdatalist
04:22:22  日期或时间不正确
04:22:22  getdatalist
04:23:22  日期或时间不正确
04:23:22  getdatalist
04:24:22  日期或时间不正确
04:24:22  getdatalist
04:25:22  日期或时间不正确
04:25:22  getdatalist
04:26:22  日期或时间不正确
04:26:22  getdatalist
04:27:22  日期或时间不正确
04:27:22  getdatalist
04:28:22  日期或时间不正确
04:28:22  getdatalist
04:29:22  日期或时间不正确
04:29:22  getdatalist
04:30:22  日期或时间不正确
04:30:22  getdatalist
04:31:22  日期或时间不正确
04:31:22  getdatalist
04:32:22  日期或时间不正确
04:32:22  getdatalist
04:33:22  日期或时间不正确
04:33:22  getdatalist
04:34:22  日期或时间不正确
04:34:22  getdatalist
04:35:22  日期或时间不正确
04:35:22  getdatalist
04:36:22  日期或时间不正确
04:36:22  getdatalist
04:37:22  日期或时间不正确
04:37:22  getdatalist
04:38:22  日期或时间不正确
04:38:22  getdatalist
04:39:22  日期或时间不正确
04:39:22  getdatalist
04:40:22  日期或时间不正确
04:40:22  getdatalist
04:41:22  日期或时间不正确
04:41:22  getdatalist
04:42:22  日期或时间不正确
04:42:22  getdatalist
04:43:22  日期或时间不正确
04:43:22  getdatalist
04:44:22  日期或时间不正确
04:44:22  getdatalist
04:45:22  日期或时间不正确
04:45:22  getdatalist
04:46:22  日期或时间不正确
04:46:22  getdatalist
04:47:22  日期或时间不正确
04:47:22  getdatalist
04:48:22  日期或时间不正确
04:48:22  getdatalist
04:49:22  日期或时间不正确
04:49:22  getdatalist
04:50:22  日期或时间不正确
04:50:22  getdatalist
04:51:22  日期或时间不正确
04:51:22  getdatalist
04:52:22  日期或时间不正确
04:52:22  getdatalist
04:53:22  日期或时间不正确
04:53:22  getdatalist
04:54:22  日期或时间不正确
04:54:22  getdatalist
04:55:22  日期或时间不正确
04:55:22  getdatalist
04:56:22  日期或时间不正确
04:56:22  getdatalist
04:57:22  日期或时间不正确
04:57:22  getdatalist
04:58:22  日期或时间不正确
04:58:22  getdatalist
04:59:22  日期或时间不正确
04:59:22  getdatalist
05:00:22  日期或时间不正确
05:00:22  getdatalist
05:01:22  日期或时间不正确
05:01:22  getdatalist
05:02:22  日期或时间不正确
05:02:22  getdatalist
05:03:22  日期或时间不正确
05:03:22  getdatalist
05:04:22  日期或时间不正确
05:04:22  getdatalist
05:05:22  日期或时间不正确
05:05:22  getdatalist
05:06:22  日期或时间不正确
05:06:22  getdatalist
05:07:22  日期或时间不正确
05:07:22  getdatalist
05:08:22  日期或时间不正确
05:08:22  getdatalist
05:09:22  日期或时间不正确
05:09:22  getdatalist
05:10:22  日期或时间不正确
05:10:22  getdatalist
05:11:22  日期或时间不正确
05:11:22  getdatalist
05:12:22  日期或时间不正确
05:12:22  getdatalist
05:13:22  日期或时间不正确
05:13:22  getdatalist
05:14:22  日期或时间不正确
05:14:22  getdatalist
05:15:22  日期或时间不正确
05:15:22  getdatalist
05:16:22  日期或时间不正确
05:16:22  getdatalist
05:17:22  日期或时间不正确
05:17:22  getdatalist
05:18:22  日期或时间不正确
05:18:22  getdatalist
05:19:22  日期或时间不正确
05:19:22  getdatalist
05:20:22  日期或时间不正确
05:20:22  getdatalist
05:21:22  日期或时间不正确
05:21:22  getdatalist
05:22:22  日期或时间不正确
05:22:22  getdatalist
05:23:22  日期或时间不正确
05:23:22  getdatalist
05:24:22  日期或时间不正确
05:24:22  getdatalist
05:25:22  日期或时间不正确
05:25:22  getdatalist
05:26:22  日期或时间不正确
05:26:22  getdatalist
05:27:22  日期或时间不正确
05:27:22  getdatalist
05:28:22  日期或时间不正确
05:28:22  getdatalist
05:29:22  日期或时间不正确
05:29:22  getdatalist
05:30:22  日期或时间不正确
05:30:22  getdatalist
05:31:22  日期或时间不正确
05:31:22  getdatalist
05:32:22  日期或时间不正确
05:32:22  getdatalist
05:33:22  日期或时间不正确
05:33:22  getdatalist
05:34:22  日期或时间不正确
05:34:22  getdatalist
05:35:22  日期或时间不正确
05:35:22  getdatalist
05:36:22  日期或时间不正确
05:36:22  getdatalist
05:37:22  日期或时间不正确
05:37:22  getdatalist
05:38:22  日期或时间不正确
05:38:22  getdatalist
05:39:22  日期或时间不正确
05:39:22  getdatalist
05:40:22  日期或时间不正确
05:40:22  getdatalist
05:41:22  日期或时间不正确
05:41:22  getdatalist
05:42:22  日期或时间不正确
05:42:22  getdatalist
05:43:22  日期或时间不正确
05:43:22  getdatalist
05:44:22  日期或时间不正确
05:44:22  getdatalist
05:45:22  日期或时间不正确
05:45:22  getdatalist
05:46:22  日期或时间不正确
05:46:22  getdatalist
05:47:22  日期或时间不正确
05:47:22  getdatalist
05:48:22  日期或时间不正确
05:48:22  getdatalist
05:49:22  日期或时间不正确
05:49:22  getdatalist
05:50:22  日期或时间不正确
05:50:22  getdatalist
05:51:22  日期或时间不正确
05:51:22  getdatalist
05:52:22  日期或时间不正确
05:52:22  getdatalist
05:53:22  日期或时间不正确
05:53:22  getdatalist
05:54:22  日期或时间不正确
05:54:22  getdatalist
05:55:22  日期或时间不正确
05:55:22  getdatalist
05:56:22  日期或时间不正确
05:56:22  getdatalist
05:57:22  日期或时间不正确
05:57:22  getdatalist
05:58:22  日期或时间不正确
05:58:22  getdatalist
05:59:22  日期或时间不正确
05:59:22  getdatalist
06:00:22  日期或时间不正确
06:00:22  getdatalist
06:01:22  日期或时间不正确
06:01:22  getdatalist
06:02:22  日期或时间不正确
06:02:22  getdatalist
06:03:22  日期或时间不正确
06:03:22  getdatalist
06:04:22  日期或时间不正确
06:04:22  getdatalist
06:05:22  日期或时间不正确
06:05:22  getdatalist
06:06:22  日期或时间不正确
06:06:22  getdatalist
06:07:22  日期或时间不正确
06:07:22  getdatalist
06:08:22  日期或时间不正确
06:08:22  getdatalist
06:09:22  日期或时间不正确
06:09:22  getdatalist
06:10:22  日期或时间不正确
06:10:22  getdatalist
06:11:22  日期或时间不正确
06:11:22  getdatalist
06:12:22  日期或时间不正确
06:12:22  getdatalist
06:13:22  日期或时间不正确
06:13:22  getdatalist
06:14:22  日期或时间不正确
06:14:22  getdatalist
06:15:22  日期或时间不正确
06:15:22  getdatalist
06:16:22  日期或时间不正确
06:16:22  getdatalist
06:17:22  日期或时间不正确
06:17:22  getdatalist
06:18:22  日期或时间不正确
06:18:22  getdatalist
06:19:22  日期或时间不正确
06:19:22  getdatalist
06:20:22  日期或时间不正确
06:20:22  getdatalist
06:21:22  日期或时间不正确
06:21:22  getdatalist
06:22:22  日期或时间不正确
06:22:22  getdatalist
06:23:22  日期或时间不正确
06:23:22  getdatalist
06:24:22  日期或时间不正确
06:24:22  getdatalist
06:25:22  日期或时间不正确
06:25:22  getdatalist
06:26:22  日期或时间不正确
06:26:22  getdatalist
06:27:22  日期或时间不正确
06:27:22  getdatalist
06:28:22  日期或时间不正确
06:28:22  getdatalist
06:29:22  日期或时间不正确
06:29:22  getdatalist
06:30:22  日期或时间不正确
06:30:22  getdatalist
06:31:22  日期或时间不正确
06:31:22  getdatalist
06:32:22  日期或时间不正确
06:32:22  getdatalist
06:33:23  日期或时间不正确
06:33:23  getdatalist
06:34:22  日期或时间不正确
06:34:22  getdatalist
06:35:22  日期或时间不正确
06:35:22  getdatalist
06:36:22  日期或时间不正确
06:36:22  getdatalist
06:37:22  日期或时间不正确
06:37:22  getdatalist
06:38:22  日期或时间不正确
06:38:22  getdatalist
06:39:22  日期或时间不正确
06:39:22  getdatalist
06:40:22  日期或时间不正确
06:40:22  getdatalist
06:41:22  日期或时间不正确
06:41:22  getdatalist
06:42:22  日期或时间不正确
06:42:22  getdatalist
06:43:22  日期或时间不正确
06:43:22  getdatalist
06:44:22  日期或时间不正确
06:44:22  getdatalist
06:45:22  日期或时间不正确
06:45:22  getdatalist
06:46:22  日期或时间不正确
06:46:22  getdatalist
06:47:22  日期或时间不正确
06:47:22  getdatalist
06:48:22  日期或时间不正确
06:48:22  getdatalist
06:49:22  日期或时间不正确
06:49:22  getdatalist
06:50:22  日期或时间不正确
06:50:22  getdatalist
06:51:22  日期或时间不正确
06:51:22  getdatalist
06:52:22  日期或时间不正确
06:52:22  getdatalist
06:53:22  日期或时间不正确
06:53:22  getdatalist
06:54:22  日期或时间不正确
06:54:22  getdatalist
06:55:22  日期或时间不正确
06:55:22  getdatalist
06:56:22  日期或时间不正确
06:56:22  getdatalist
06:57:22  日期或时间不正确
06:57:22  getdatalist
06:58:22  日期或时间不正确
06:58:22  getdatalist
06:59:22  日期或时间不正确
06:59:22  getdatalist
07:00:22  日期或时间不正确
07:00:22  getdatalist
07:01:22  日期或时间不正确
07:01:22  getdatalist
07:02:22  日期或时间不正确
07:02:22  getdatalist
07:03:22  日期或时间不正确
07:03:22  getdatalist
07:04:22  日期或时间不正确
07:04:22  getdatalist
07:05:22  日期或时间不正确
07:05:22  getdatalist
07:06:22  日期或时间不正确
07:06:22  getdatalist
07:07:22  日期或时间不正确
07:07:22  getdatalist
07:08:22  日期或时间不正确
07:08:22  getdatalist
07:09:22  日期或时间不正确
07:09:22  getdatalist
07:10:22  日期或时间不正确
07:10:22  getdatalist
07:11:22  日期或时间不正确
07:11:22  getdatalist
07:12:22  日期或时间不正确
07:12:22  getdatalist
07:13:22  日期或时间不正确
07:13:22  getdatalist
07:14:22  日期或时间不正确
07:14:22  getdatalist
07:15:22  日期或时间不正确
07:15:22  getdatalist
07:16:22  日期或时间不正确
07:16:22  getdatalist
07:17:22  日期或时间不正确
07:17:22  getdatalist
07:18:22  日期或时间不正确
07:18:22  getdatalist
07:19:22  日期或时间不正确
07:19:22  getdatalist
07:20:22  日期或时间不正确
07:20:22  getdatalist
07:21:22  日期或时间不正确
07:21:22  getdatalist
07:22:22  日期或时间不正确
07:22:22  getdatalist
07:23:22  日期或时间不正确
07:23:22  getdatalist
07:24:22  日期或时间不正确
07:24:22  getdatalist
07:25:22  日期或时间不正确
07:25:22  getdatalist
07:26:22  日期或时间不正确
07:26:22  getdatalist
07:27:22  日期或时间不正确
07:27:22  getdatalist
07:28:22  日期或时间不正确
07:28:22  getdatalist
07:29:22  日期或时间不正确
07:29:22  getdatalist
07:30:22  日期或时间不正确
07:30:22  getdatalist
07:31:22  日期或时间不正确
07:31:22  getdatalist
07:32:22  日期或时间不正确
07:32:22  getdatalist
07:33:22  日期或时间不正确
07:33:22  getdatalist
07:34:22  日期或时间不正确
07:34:22  getdatalist
07:35:22  日期或时间不正确
07:35:22  getdatalist
07:36:22  日期或时间不正确
07:36:22  getdatalist
07:37:22  日期或时间不正确
07:37:22  getdatalist
07:38:22  日期或时间不正确
07:38:22  getdatalist
07:39:22  日期或时间不正确
07:39:22  getdatalist
07:40:22  日期或时间不正确
07:40:22  getdatalist
07:41:22  日期或时间不正确
07:41:22  getdatalist
07:42:22  日期或时间不正确
07:42:22  getdatalist
07:43:22  日期或时间不正确
07:43:22  getdatalist
07:44:22  日期或时间不正确
07:44:22  getdatalist
07:45:22  日期或时间不正确
07:45:22  getdatalist
07:46:22  日期或时间不正确
07:46:22  getdatalist
07:47:22  日期或时间不正确
07:47:22  getdatalist
07:48:22  日期或时间不正确
07:48:22  getdatalist
07:49:22  日期或时间不正确
07:49:22  getdatalist
07:50:22  日期或时间不正确
07:50:22  getdatalist
07:51:22  日期或时间不正确
07:51:22  getdatalist
07:52:22  日期或时间不正确
07:52:22  getdatalist
07:53:22  日期或时间不正确
07:53:22  getdatalist
07:54:22  日期或时间不正确
07:54:22  getdatalist
07:55:22  日期或时间不正确
07:55:22  getdatalist
07:56:22  日期或时间不正确
07:56:23  getdatalist
07:57:22  日期或时间不正确
07:57:22  getdatalist
07:58:22  日期或时间不正确
07:58:22  getdatalist
07:59:22  日期或时间不正确
07:59:22  getdatalist
08:00:22  日期或时间不正确
08:00:22  getdatalist
08:01:22  日期或时间不正确
08:01:22  getdatalist
08:02:22  日期或时间不正确
08:02:22  getdatalist
08:03:22  日期或时间不正确
08:03:22  getdatalist
08:04:22  日期或时间不正确
08:04:22  getdatalist
08:05:22  日期或时间不正确
08:05:22  getdatalist
08:06:22  日期或时间不正确
08:06:22  getdatalist
08:07:22  日期或时间不正确
08:07:22  getdatalist
08:08:22  日期或时间不正确
08:08:22  getdatalist
08:09:22  日期或时间不正确
08:09:22  getdatalist
08:10:22  日期或时间不正确
08:10:22  getdatalist
08:11:22  日期或时间不正确
08:11:22  getdatalist
08:12:22  日期或时间不正确
08:12:22  getdatalist
08:13:22  日期或时间不正确
08:13:22  getdatalist
08:14:22  日期或时间不正确
08:14:22  getdatalist
08:15:22  日期或时间不正确
08:15:22  getdatalist
08:16:22  日期或时间不正确
08:16:22  getdatalist
08:17:22  日期或时间不正确
08:17:22  getdatalist
08:18:22  日期或时间不正确
08:18:22  getdatalist
08:19:22  日期或时间不正确
08:19:22  getdatalist
08:20:22  日期或时间不正确
08:20:22  getdatalist
08:21:22  日期或时间不正确
08:21:22  getdatalist
08:22:22  日期或时间不正确
08:22:22  getdatalist
08:23:22  日期或时间不正确
08:23:22  getdatalist
08:24:22  日期或时间不正确
08:24:22  getdatalist
08:25:22  日期或时间不正确
08:25:22  getdatalist
08:26:22  日期或时间不正确
08:26:22  getdatalist
08:27:22  日期或时间不正确
08:27:22  getdatalist
08:28:22  日期或时间不正确
08:28:22  getdatalist
08:29:22  日期或时间不正确
08:29:22  getdatalist
08:30:22  日期或时间不正确
08:30:22  getdatalist
08:31:22  日期或时间不正确
08:31:22  getdatalist
08:32:22  日期或时间不正确
08:32:22  getdatalist
08:33:22  日期或时间不正确
08:33:22  getdatalist
08:34:22  日期或时间不正确
08:34:22  getdatalist
08:35:22  日期或时间不正确
08:35:22  getdatalist
08:36:22  日期或时间不正确
08:36:22  getdatalist
08:37:22  日期或时间不正确
08:37:22  getdatalist
08:38:22  日期或时间不正确
08:38:22  getdatalist
08:39:22  日期或时间不正确
08:39:22  getdatalist
08:40:22  日期或时间不正确
08:40:22  getdatalist
08:41:22  日期或时间不正确
08:41:22  getdatalist
08:42:22  日期或时间不正确
08:42:22  getdatalist
08:43:22  日期或时间不正确
08:43:22  getdatalist
08:44:22  日期或时间不正确
08:44:22  getdatalist
08:45:22  日期或时间不正确
08:45:22  getdatalist
08:46:22  日期或时间不正确
08:46:22  getdatalist
08:47:22  日期或时间不正确
08:47:22  getdatalist
08:47:56  getbusparklist
08:47:56  getlinelist
08:47:56  getdatalist
08:47:57  getdatalist
08:48:22  日期或时间不正确
08:48:22  getdatalist
08:48:57  getdatalist
08:49:22  日期或时间不正确
08:49:22  getdatalist
08:49:57  getdatalist
08:50:22  日期或时间不正确
08:50:22  getdatalist
08:50:54  getbusparklist
08:50:54  getdatalist
08:51:54  getdatalist
08:52:54  getdatalist
08:53:55  getlinelist
08:53:55  getbusparklist
08:53:55  getdatalist
08:54:07  getdatalist
08:55:07  getdatalist
08:56:07  getdatalist
08:57:07  getdatalist
08:58:07  getdatalist
08:59:07  getdatalist
09:00:07  getdatalist
09:01:07  getdatalist
09:02:08  getdatalist
09:03:09  getdatalist
09:04:10  getdatalist
09:05:11  getdatalist
09:06:12  getdatalist
09:07:13  getdatalist
09:08:14  getdatalist
09:09:15  getdatalist
09:10:16  getdatalist
09:11:17  getdatalist
09:12:18  getdatalist
09:13:19  getdatalist
09:14:20  getdatalist
09:15:21  getdatalist
09:16:22  getdatalist
09:17:23  getdatalist
09:19:26  getdatalist
09:20:26  getdatalist
09:21:27  getdatalist
09:22:28  getdatalist
09:23:29  getdatalist
09:24:30  getdatalist
09:25:31  getdatalist
09:26:33  getdatalist
09:27:34  getdatalist
09:28:35  getdatalist
09:29:36  getdatalist
09:30:37  getdatalist
09:31:38  getdatalist
09:32:19  getbusparklist
09:32:19  getlinelist
09:32:19  getdatalist
09:32:24  getdatalist
09:33:25  getdatalist
09:34:26  getdatalist
09:35:27  getdatalist
09:36:28  getdatalist
09:37:29  getdatalist
09:37:47  getdatalist
09:38:47  getdatalist
09:39:47  getdatalist
09:40:47  getdatalist
09:41:47  getdatalist
09:42:47  getdatalist
09:43:47  getdatalist
09:44:47  getdatalist
09:45:47  getdatalist
09:46:47  getdatalist
09:47:47  getdatalist
09:48:48  getdatalist
09:49:49  getdatalist
09:50:50  getdatalist
09:51:51  getdatalist
09:52:52  getdatalist
09:53:53  getdatalist
09:54:54  getdatalist
09:55:55  getdatalist
09:56:56  getdatalist
09:57:57  getdatalist
09:58:58  getdatalist
09:59:59  getdatalist
10:01:00  getdatalist
10:02:01  getdatalist
10:03:02  getdatalist
10:04:03  getdatalist
10:05:04  getdatalist
10:06:05  getdatalist
10:07:06  getdatalist
10:08:07  getdatalist
10:09:08  getdatalist
10:10:09  getdatalist
10:11:10  getdatalist
10:12:11  getdatalist
10:13:12  getdatalist
10:14:13  getdatalist
10:15:14  getdatalist
10:16:15  getdatalist
10:17:16  getdatalist
10:18:17  getdatalist
10:19:18  getdatalist
10:20:19  getdatalist
10:21:20  getdatalist
10:22:21  getdatalist
10:23:22  getdatalist
10:24:23  getdatalist
10:25:24  getdatalist
10:26:25  getdatalist
10:27:26  getdatalist
10:28:27  getdatalist
10:29:28  getdatalist
10:30:29  getdatalist
10:31:30  getdatalist
10:32:31  getdatalist
10:33:32  getdatalist
10:34:33  getdatalist
10:35:34  getdatalist
10:36:35  getdatalist
10:37:36  getdatalist
10:38:37  getdatalist
10:39:38  getdatalist
10:40:39  getdatalist
10:41:40  getdatalist
10:42:41  getdatalist
10:43:42  getdatalist
10:44:43  getdatalist
10:45:44  getdatalist
10:46:45  getdatalist
10:47:46  getdatalist
10:48:47  getdatalist
10:49:48  getdatalist
10:50:49  getdatalist
10:51:50  getdatalist
10:52:51  getdatalist
10:53:52  getdatalist
10:54:53  getdatalist
10:55:54  getdatalist
10:56:55  getdatalist
10:57:56  getdatalist
10:58:57  getdatalist
10:59:58  getdatalist
11:00:59  getdatalist
11:02:00  getdatalist
11:03:02  getdatalist
11:04:02  getdatalist
11:05:03  getdatalist
11:06:04  getdatalist
11:07:06  getdatalist
11:08:06  getdatalist
11:09:07  getdatalist
11:10:08  getdatalist
11:11:09  getdatalist
11:12:10  getdatalist
11:13:11  getdatalist
11:14:12  getdatalist
11:15:14  getdatalist
11:16:14  getdatalist
11:17:16  getdatalist
11:18:17  getdatalist
11:19:17  getdatalist
11:20:19  getdatalist
11:21:19  getdatalist
11:22:21  getdatalist
11:23:22  getdatalist
11:24:22  getdatalist
11:25:23  getdatalist
11:26:24  getdatalist
11:27:25  getdatalist
11:28:27  getdatalist
11:29:28  getdatalist
11:30:28  getdatalist
11:31:29  getdatalist
11:32:30  getdatalist
11:33:31  getdatalist
11:34:32  getdatalist
11:35:33  getdatalist
11:36:35  getdatalist
11:37:36  getdatalist
11:38:37  getdatalist
11:39:38  getdatalist
11:40:39  getdatalist
11:41:40  getdatalist
11:42:41  getdatalist
11:43:41  getdatalist
11:44:43  getdatalist
11:45:44  getdatalist
11:46:45  getdatalist
11:47:45  getdatalist
11:48:46  getdatalist
11:49:48  getdatalist
11:50:49  getdatalist
11:51:49  getdatalist
11:52:51  getdatalist
11:53:52  getdatalist
11:54:53  getdatalist
11:55:54  getdatalist
11:56:55  getdatalist
11:57:56  getdatalist
11:58:56  getdatalist
11:59:58  getdatalist
12:00:59  getdatalist
12:02:00  getdatalist
12:03:01  getdatalist
12:04:01  getdatalist
12:05:03  getdatalist
12:06:03  getdatalist
12:07:05  getdatalist
12:08:06  getdatalist
12:09:07  getdatalist
12:10:08  getdatalist
12:11:09  getdatalist
12:12:10  getdatalist
12:13:11  getdatalist
12:14:12  getdatalist
12:15:13  getdatalist
12:16:14  getdatalist
12:17:15  getdatalist
12:18:16  getdatalist
12:19:17  getdatalist
12:20:18  getdatalist
12:21:19  getdatalist
12:22:20  getdatalist
12:23:21  getdatalist
12:24:22  getdatalist
12:25:23  getdatalist
12:26:24  getdatalist
12:27:25  getdatalist
12:28:26  getdatalist
12:29:27  getdatalist
12:30:28  getdatalist
12:31:29  getdatalist
12:32:30  getdatalist
12:33:31  getdatalist
12:34:32  getdatalist
12:35:33  getdatalist
12:36:34  getdatalist
12:37:35  getdatalist
12:38:36  getdatalist
12:39:37  getdatalist
12:40:38  getdatalist
12:41:39  getdatalist
12:42:40  getdatalist
12:43:41  getdatalist
12:44:42  getdatalist
12:45:43  getdatalist
12:46:44  getdatalist
12:47:45  getdatalist
12:48:46  getdatalist
12:49:47  getdatalist
12:50:48  getdatalist
12:51:49  getdatalist
12:52:50  getdatalist
12:53:51  getdatalist
12:54:52  getdatalist
12:55:53  getdatalist
12:56:54  getdatalist
12:57:55  getdatalist
12:58:56  getdatalist
12:59:57  getdatalist
13:00:58  getdatalist
13:01:59  getdatalist
13:03:00  getdatalist
13:04:01  getdatalist
13:05:02  getdatalist
13:06:03  getdatalist
13:07:04  getdatalist
13:08:05  getdatalist
13:09:06  getdatalist
13:10:07  getdatalist
13:11:08  getdatalist
13:12:09  getdatalist
13:13:10  getdatalist
13:14:11  getdatalist
13:15:12  getdatalist
13:16:13  getdatalist
13:17:14  getdatalist
13:18:15  getdatalist
13:19:16  getdatalist
13:20:17  getdatalist
13:21:18  getdatalist
13:22:19  getdatalist
13:23:20  getdatalist
13:24:21  getdatalist
13:25:22  getdatalist
13:26:23  getdatalist
13:27:24  getdatalist
13:45:33  getbusparklist
13:45:33  getlinelist
13:45:35  getdatalist
13:45:38  getdatalist
13:45:42  getdatalist
13:45:47  getdatalist
13:46:47  getdatalist
13:47:48  getdatalist
13:48:49  getdatalist
13:49:50  getdatalist
13:50:51  getdatalist
13:51:52  getdatalist
13:52:53  getdatalist
13:53:54  getdatalist
13:54:55  getdatalist
13:55:56  getdatalist
13:56:57  getdatalist
13:57:58  getdatalist
13:58:59  getdatalist
14:00:00  getdatalist
14:01:01  getdatalist
14:02:02  getdatalist
14:03:03  getdatalist
14:04:04  getdatalist
14:05:05  getdatalist
14:06:06  getdatalist
14:07:07  getdatalist
14:08:08  getdatalist
14:08:38  getdatalist
14:08:43  getdatalist
14:08:56  getdatalist
14:09:56  getdatalist
14:10:56  getdatalist
14:11:56  getdatalist
14:12:56  getdatalist
14:13:56  getdatalist
14:14:58  getdatalist
14:15:36  getdatalist
14:15:49  getdatalist
14:16:18  getdatalist
14:17:02  getdatalist
14:18:03  getdatalist
14:19:04  getdatalist
14:20:02  getdatalist
14:21:03  getdatalist
14:21:44  getdatalist
14:22:44  getdatalist
14:23:44  getdatalist
14:24:44  getdatalist
14:25:44  getdatalist
14:26:44  getdatalist
14:27:26  getdatalist
14:28:26  getdatalist
14:29:26  getdatalist
14:30:09  getdatalist
14:31:09  getdatalist
14:32:09  getdatalist
14:32:50  getdatalist
14:33:50  getdatalist
14:34:50  getdatalist
14:35:50  getdatalist
14:36:50  getdatalist
14:37:50  getdatalist
14:38:50  getdatalist
14:39:50  getdatalist
14:40:50  getdatalist
14:41:50  getdatalist
14:42:50  getdatalist
14:43:50  getdatalist
14:44:50  getdatalist
14:45:50  getdatalist
14:46:50  getdatalist
14:47:50  getdatalist
14:48:50  getdatalist
14:49:47  getdatalist
14:50:03  getbusparklist
14:50:03  getlinelist
14:50:03  getdatalist
14:50:08  getdatalist
14:50:38  getdatalist
14:50:41  getdatalist
14:51:02  getdatalist
14:51:05  getdatalist
14:51:17  getdatalist
14:52:17  getdatalist
14:52:41  getdatalist
14:53:10  getdatalist
14:54:10  getdatalist
14:55:10  getdatalist
14:55:11  getdatalist
14:55:19  getbusparklist
14:55:19  getdatalist
14:55:24  getdatalist
14:55:51  getdatalist
14:55:53  getdatalist
14:55:54  getdatalist
14:56:12  getdatalist
14:56:45  getdatalist
14:56:51  getdatalist
14:56:54  getdatalist
14:57:02  getdatalist
14:57:03  getdatalist
14:57:12  getdatalist
14:57:13  getdatalist
14:57:13  getdatalist
14:57:21  getdatalist
14:57:21  getdatalist
14:57:23  getdatalist
14:57:23  getdatalist
14:57:24  getdatalist
14:57:24  getdatalist
14:57:25  getdatalist
14:57:26  getdatalist
14:57:26  getdatalist
14:57:26  getdatalist
14:57:27  getdatalist
14:57:27  getdatalist
14:57:57  getdatalist
14:57:58  getdatalist
14:57:59  getdatalist
14:58:01  getdatalist
14:58:03  getdatalist
14:58:10  getdatalist
14:58:22  getdatalist
14:58:23  getdatalist
14:58:23  getdatalist
14:58:25  getdatalist
14:58:26  getdatalist
14:58:28  getdatalist
14:58:30  getdatalist
14:58:31  getdatalist
14:58:47  getdatalist
14:58:49  getdatalist
14:58:49  getdatalist
14:58:51  getdatalist
14:58:52  getdatalist
14:58:53  getdatalist
14:59:23  getdatalist
14:59:30  getdatalist
14:59:31  getdatalist
14:59:32  getdatalist
14:59:33  getdatalist
14:59:35  getdatalist
14:59:36  getdatalist
14:59:37  getdatalist
14:59:38  getdatalist
14:59:40  getdatalist
14:59:40  getdatalist
14:59:42  getdatalist
15:00:23  getdatalist
15:00:42  getdatalist
15:00:45  getdatalist
15:01:34  getbusparklist
15:01:34  getlinelist
15:01:34  getdatalist
15:01:36  getdatalist
15:01:38  getdatalist
15:01:38  getdatalist
15:01:40  getdatalist
15:01:40  getdatalist
15:01:41  getdatalist
15:01:42  getdatalist
15:01:56  getdatalist
15:02:24  getdatalist
15:02:53  getdatalist
15:03:02  getdatalist
15:03:23  getdatalist
15:03:54  getdatalist
15:04:23  getdatalist
15:04:32  getdatalist
15:05:23  getdatalist
15:05:35  getdatalist
15:06:10  getdatalist
15:06:31  getdatalist
15:06:35  getdatalist
15:07:31  getdatalist
15:07:35  getdatalist
15:08:24  getdatalist
15:08:28  getdatalist
15:08:35  getdatalist
15:08:37  getdatalist
15:09:11  getdatalist
15:09:37  getdatalist
15:10:10  getdatalist
15:10:14  getdatalist
15:10:38  getdatalist
15:11:10  getdatalist
15:11:39  getdatalist
15:12:07  getdatalist
15:12:40  getdatalist
15:13:10  getdatalist
15:13:41  getdatalist
15:14:03  getdatalist
15:14:42  getdatalist
15:15:03  getdatalist
15:15:43  getdatalist
15:16:03  getdatalist
15:16:44  getdatalist
15:17:04  getdatalist
15:17:45  getdatalist
15:18:00  getdatalist
15:18:46  getdatalist
15:19:03  getdatalist
15:19:06  getdatalist
15:19:08  getdatalist
15:19:09  getdatalist
15:19:12  getdatalist
15:19:47  getdatalist
15:20:10  getdatalist
15:20:14  getdatalist
15:20:15  getdatalist
15:20:17  getdatalist
15:20:20  getdatalist
15:20:23  getdatalist
15:20:24  getdatalist
15:20:25  getdatalist
15:20:28  getdatalist
15:20:48  getdatalist
15:21:22  getdatalist
15:21:49  getdatalist
15:22:22  getdatalist
15:22:50  getdatalist
15:23:22  getdatalist
15:23:51  getdatalist
15:24:05  getdatalist
15:24:23  getdatalist
15:24:33  getdatalist
15:25:22  getdatalist
15:25:33  getdatalist
15:25:59  getdatalist
15:26:16  getdatalist
15:26:23  getdatalist
15:27:16  getdatalist
15:27:23  getdatalist
15:28:17  getdatalist
15:28:18  getdatalist
15:29:15  getdatalist
15:29:16  getdatalist
15:30:17  getdatalist
15:30:18  getdatalist
15:31:17  getdatalist
15:31:19  getdatalist
15:32:08  getdatalist
15:32:16  getdatalist
15:33:08  getdatalist
15:33:16  getdatalist
15:34:02  getdatalist
15:34:04  getdatalist
15:34:16  getdatalist
15:35:02  getdatalist
15:35:16  getdatalist
15:35:59  getdatalist
15:36:16  getdatalist
15:36:43  getdatalist
15:36:48  getdatalist
15:37:16  getdatalist
15:37:43  getdatalist
15:38:16  getdatalist
15:38:43  getdatalist
15:39:16  getdatalist
15:39:26  getdatalist
15:39:43  getdatalist
15:40:09  getdatalist
15:40:14  getdatalist
15:40:44  getdatalist
15:41:14  getdatalist
15:41:43  getdatalist
15:42:14  getdatalist
15:42:40  getdatalist
15:43:14  getdatalist
15:43:33  getbusparklist
15:43:33  getlinelist
15:43:33  getdatalist
15:43:40  getdatalist
15:43:48  getbusparklist
15:43:50  getdatalist
15:43:51  getlinelist
15:43:57  getdatalist
15:44:13  getdatalist
15:44:20  getdatalist
15:44:21  getdatalist
15:44:35  getdatalist
15:44:41  getdatalist
15:44:43  getdatalist
15:45:21  getdatalist
15:45:37  getdatalist
15:45:42  getdatalist
15:45:43  getdatalist
15:46:07  getdatalist
15:46:21  getdatalist
15:46:37  getdatalist
15:46:43  getdatalist
15:47:07  getdatalist
15:47:21  getdatalist
15:47:37  getdatalist
15:47:40  getdatalist
15:48:07  getdatalist
15:48:21  getdatalist
15:48:30  getdatalist
15:48:30  getdatalist
15:48:36  getdatalist
15:48:37  getdatalist
15:48:44  getdatalist
15:49:00  getdatalist
15:49:21  getdatalist
15:49:26  getdatalist
15:49:44  getdatalist
15:50:21  getdatalist
15:50:26  getdatalist
15:50:31  getdatalist
15:50:44  getdatalist
15:51:21  getdatalist
15:51:26  getdatalist
15:51:40  getdatalist
15:51:43  getdatalist
15:52:21  getdatalist
15:52:26  getdatalist
15:52:44  getdatalist
15:53:21  getdatalist
15:53:26  getdatalist
15:53:38  getdatalist
15:53:44  getdatalist
15:54:22  getdatalist
15:54:26  getdatalist
15:54:42  getdatalist
15:54:44  getdatalist
15:55:23  getdatalist
15:55:26  getdatalist
15:55:40  getdatalist
15:55:40  getdatalist
15:56:24  getdatalist
15:56:26  getdatalist
15:56:27  getdatalist
15:56:40  getdatalist
15:56:40  getdatalist
15:56:41  getdatalist
15:57:25  getdatalist
15:57:26  getdatalist
15:57:28  getdatalist
15:57:34  getdatalist
15:57:41  getdatalist
15:57:42  getdatalist
15:57:43  getdatalist
15:58:10  getdatalist
15:58:26  getdatalist
15:58:28  getdatalist
15:58:34  getdatalist
15:58:45  getdatalist
15:58:47  getdatalist
15:59:10  getdatalist
15:59:28  getdatalist
15:59:28  getdatalist
15:59:42  getdatalist
15:59:44  getdatalist
15:59:46  getdatalist
15:59:46  getdatalist
16:00:02  getdatalist
16:00:10  getdatalist
16:00:14  getdatalist
16:00:29  getdatalist
16:00:31  getdatalist
16:00:42  getdatalist
16:00:45  getdatalist
16:00:47  getdatalist
16:00:48  getdatalist
16:00:48  getdatalist
16:01:06  getdatalist
16:01:07  getdatalist
16:01:12  getdatalist
16:01:30  getdatalist
16:01:45  getdatalist
16:02:07  getdatalist
16:02:12  getdatalist
16:02:30  getdatalist
16:02:39  getdatalist
16:03:07  getdatalist
16:03:10  getdatalist
16:03:30  getdatalist
16:03:45  getdatalist
16:04:07  getdatalist
16:04:09  getdatalist
16:04:32  getdatalist
16:04:43  getdatalist
16:04:49  getdatalist
16:05:08  getdatalist
16:05:31  getdatalist
16:05:43  getdatalist
16:06:08  getdatalist
16:06:34  getdatalist
16:06:44  getdatalist
16:06:50  getdatalist
16:07:08  getdatalist
16:07:35  getdatalist
16:07:44  getdatalist
16:07:44  getdatalist
16:08:08  getdatalist
16:08:36  getdatalist
16:08:44  getdatalist
16:08:52  getdatalist
16:09:08  getdatalist
16:09:37  getdatalist
16:09:44  getdatalist
16:09:45  getdatalist
16:10:08  getdatalist
16:10:38  getdatalist
16:10:41  getdatalist
16:10:53  getdatalist
16:11:08  getdatalist
16:11:38  getdatalist
16:11:42  getdatalist
16:11:58  getdatalist
16:12:08  getdatalist
16:12:25  getdatalist
16:12:38  getdatalist
16:12:56  getdatalist
16:13:08  getdatalist
16:13:25  getdatalist
16:13:42  getdatalist
16:14:08  getdatalist
16:14:25  getdatalist
16:14:41  getdatalist
16:14:53  getdatalist
16:14:53  getdatalist
16:15:18  getdatalist
16:15:25  getdatalist
16:15:44  getdatalist
16:16:01  getdatalist
16:16:18  getdatalist
16:16:25  getdatalist
16:16:45  getdatalist
16:17:01  getdatalist
16:17:20  getdatalist
16:17:26  getdatalist
16:17:46  getdatalist
16:18:03  getdatalist
16:18:04  getdatalist
16:18:10  getdatalist
16:18:20  getdatalist
16:18:34  getdatalist
16:18:47  getdatalist
16:19:04  getdatalist
16:19:23  getdatalist
16:19:25  getdatalist
16:19:48  getdatalist
16:20:01  getdatalist
16:20:23  getdatalist
16:20:25  getdatalist
16:20:47  getdatalist
16:21:26  getdatalist
16:21:27  getdatalist
16:21:48  getdatalist
16:22:04  getdatalist
16:22:26  getdatalist
16:22:26  getdatalist
16:22:35  getdatalist
16:22:39  getdatalist
16:22:52  getdatalist
16:23:10  getdatalist
16:23:26  getdatalist
16:23:35  getdatalist
16:23:53  getdatalist
16:24:00  getdatalist
16:24:03  getdatalist
16:24:11  getdatalist
16:24:28  getdatalist
16:24:54  getdatalist
16:24:56  getdatalist
16:25:29  getdatalist
16:25:44  getdatalist
16:25:44  getdatalist
16:25:52  getdatalist
16:26:02  getdatalist
16:26:28  getdatalist
16:26:47  getdatalist
16:26:53  getdatalist
16:27:14  getdatalist
16:27:31  getdatalist
16:27:32  getdatalist
16:27:55  getdatalist
16:27:56  getdatalist
16:28:04  getdatalist
16:28:13  getdatalist
16:28:56  getdatalist
16:28:58  getdatalist
16:29:12  getdatalist
16:29:20  getdatalist
16:29:44  getdatalist
16:29:51  getdatalist
16:29:58  getdatalist
16:30:11  getdatalist
16:30:12  getbusparklist
16:30:12  getdatalist
16:30:16  getdatalist
16:30:17  getdatalist
16:30:21  getdatalist
16:30:24  getdatalist
16:30:37  getdatalist
16:30:59  getdatalist
16:31:09  getdatalist
16:31:21  getdatalist
16:31:33  getdatalist
16:32:00  getdatalist
16:32:01  getdatalist
16:32:17  getdatalist
16:32:19  getdatalist
16:32:20  getdatalist
16:33:02  getdatalist
16:33:15  getdatalist
16:33:20  getdatalist
16:33:20  getdatalist
16:34:00  getdatalist
16:34:14  getdatalist
16:34:16  getdatalist
16:34:20  getdatalist
16:35:04  getdatalist
16:35:14  getdatalist
16:35:20  getdatalist
16:35:20  getdatalist
16:36:03  getdatalist
16:36:05  getdatalist
16:36:15  getdatalist
16:36:22  getdatalist
16:37:10  getdatalist
16:37:14  getdatalist
16:37:17  getdatalist
16:38:05  getdatalist
16:38:06  getdatalist
16:38:15  getdatalist
16:38:23  getdatalist
16:38:44  getdatalist
16:39:07  getdatalist
16:39:14  getdatalist
16:39:16  getdatalist
16:39:44  getdatalist
16:40:09  getdatalist
16:40:12  getdatalist
16:40:28  getdatalist
16:40:48  getdatalist
16:41:08  getdatalist
16:41:10  getdatalist
16:41:12  getdatalist
16:42:09  getdatalist
16:42:11  getdatalist
16:42:17  getdatalist
16:43:10  getdatalist
16:43:11  getdatalist
16:43:15  getdatalist
16:43:30  getdatalist
16:44:11  getdatalist
16:44:11  getdatalist
16:44:16  getdatalist
16:44:27  getdatalist
16:44:37  getdatalist
16:45:04  getdatalist
16:45:11  getdatalist
16:45:12  getdatalist
16:45:36  getdatalist
16:45:36  getdatalist
16:45:38  getdatalist
16:45:39  getdatalist
16:45:39  getdatalist
16:46:02  getdatalist
16:46:15  getdatalist
16:46:26  getdatalist
16:47:03  getdatalist
16:47:14  getdatalist
16:47:15  getdatalist
16:47:29  getdatalist
16:47:30  getdatalist
16:48:12  getdatalist
16:48:14  getdatalist
16:48:28  getdatalist
16:48:34  getdatalist
16:48:34  getdatalist
16:49:15  getdatalist
16:49:16  getdatalist
16:49:24  getdatalist
16:49:25  getdatalist
16:49:26  getdatalist
16:49:34  getdatalist
16:49:35  getdatalist
16:49:35  getdatalist
16:50:11  getdatalist
16:50:16  getdatalist
16:50:17  getdatalist
16:50:28  getdatalist
16:50:34  getdatalist
16:50:52  getdatalist
16:51:16  getdatalist
16:51:20  getdatalist
16:51:35  getdatalist
16:51:50  getdatalist
16:51:50  getdatalist
16:52:20  getdatalist
16:52:50  getdatalist
16:52:50  getdatalist
16:53:22  getdatalist
16:53:37  getdatalist
16:54:03  getdatalist
16:54:04  getdatalist
16:54:23  getdatalist
16:54:50  getdatalist
16:54:51  getdatalist
16:55:24  getdatalist
16:55:40  getdatalist
16:55:49  getdatalist
16:55:51  getdatalist
16:55:54  getdatalist
16:56:21  getdatalist
16:56:22  getdatalist
16:56:40  getdatalist
16:56:55  getdatalist
16:57:17  getdatalist
16:57:26  getdatalist
16:57:44  getdatalist
16:57:48  getdatalist
16:58:22  getdatalist
16:58:24  getdatalist
16:58:36  getdatalist
16:58:56  getdatalist
16:59:22  getdatalist
16:59:28  getdatalist
16:59:46  getdatalist
16:59:49  getdatalist
17:00:22  getdatalist
17:00:26  getdatalist
17:00:28  getdatalist
17:00:44  getdatalist
17:01:17  getdatalist
17:01:26  getdatalist
17:01:29  getdatalist
17:01:44  getdatalist
17:02:21  getdatalist
17:02:25  getdatalist
17:02:31  getdatalist
17:02:38  getdatalist
17:03:21  getdatalist
17:03:27  getdatalist
17:03:32  getdatalist
17:03:46  getdatalist
17:04:22  getdatalist
17:04:32  getdatalist
17:04:35  getdatalist
17:04:43  getdatalist
17:05:17  getdatalist
17:05:33  getdatalist
17:05:35  getdatalist
17:05:52  getdatalist
17:06:22  getdatalist
17:06:34  getdatalist
17:06:36  getdatalist
17:06:53  getdatalist
17:07:17  getdatalist
17:07:36  getdatalist
17:07:36  getdatalist
17:07:48  getdatalist
17:08:21  getdatalist
17:08:44  getdatalist
17:08:45  getdatalist
17:08:49  getdatalist
17:09:22  getdatalist
17:09:37  getdatalist
17:09:37  getdatalist
17:09:59  getdatalist
17:10:23  getdatalist
17:10:50  getdatalist
17:10:51  getdatalist
17:10:53  getdatalist
17:11:17  getdatalist
17:11:39  getdatalist
17:11:39  getdatalist
17:11:57  getdatalist
17:12:22  getdatalist
17:12:28  getdatalist
17:12:43  getdatalist
17:12:48  getdatalist
17:13:22  getdatalist
17:13:42  getdatalist
17:13:42  getdatalist
17:14:00  getdatalist
17:14:22  getdatalist
17:14:28  getdatalist
17:14:35  getdatalist
17:14:46  getdatalist
17:14:50  getdatalist
17:15:20  getdatalist
17:15:53  getdatalist
17:15:55  getdatalist
17:16:03  getdatalist
17:16:20  getdatalist
17:16:43  getdatalist
17:16:46  getdatalist
17:17:05  getdatalist
17:17:20  getdatalist
17:17:29  getdatalist
17:17:49  getdatalist
17:18:03  getdatalist
17:18:20  getdatalist
17:18:28  getdatalist
17:18:51  getdatalist
17:19:04  getdatalist
17:19:09  getdatalist
17:19:10  getdatalist
17:19:12  getdatalist
17:19:15  getdatalist
17:19:44  getdatalist
17:19:46  getdatalist
17:20:10  getdatalist
17:20:20  getdatalist
17:20:44  getdatalist
17:20:47  getdatalist
17:21:10  getdatalist
17:21:15  getdatalist
17:21:46  getdatalist
17:21:52  getdatalist
17:22:11  getdatalist
17:22:15  getdatalist
17:22:46  getdatalist
17:22:55  getdatalist
17:23:10  getdatalist
17:23:15  getdatalist
17:23:46  getdatalist
17:23:50  getdatalist
17:24:13  getdatalist
17:24:15  getdatalist
17:24:46  getdatalist
17:24:51  getdatalist
17:25:07  getdatalist
17:25:15  getdatalist
17:25:29  getdatalist
17:25:58  getdatalist
17:26:11  getdatalist
17:26:15  getdatalist
17:26:46  getdatalist
17:27:00  getdatalist
17:27:16  getdatalist
17:27:16  getdatalist
17:27:52  getdatalist
17:27:54  getdatalist
17:27:56  getdatalist
17:28:04  getdatalist
17:28:45  getdatalist
17:28:46  getdatalist
17:28:56  getdatalist
17:29:31  getdatalist
17:29:50  getdatalist
17:30:04  getdatalist
17:30:21  getdatalist
17:30:46  getdatalist
17:30:47  getdatalist
17:31:05  getdatalist
17:31:16  getdatalist
17:31:27  getdatalist
17:31:27  getdatalist
17:31:34  getdatalist
17:31:45  getdatalist
17:31:59  getdatalist
17:32:14  getdatalist
17:32:21  getdatalist
17:32:23  getdatalist
17:32:24  getdatalist
17:32:49  getdatalist
17:32:49  getdatalist
17:32:50  getdatalist
17:33:00  getdatalist
17:33:27  getdatalist
17:33:59  getdatalist
17:34:00  getdatalist
17:34:03  getdatalist
17:34:47  getdatalist
17:34:49  getdatalist
17:35:16  getdatalist
17:35:24  getdatalist
17:35:47  getdatalist
17:35:49  getdatalist
17:36:07  getdatalist
17:36:29  getdatalist
17:37:03  getdatalist
17:37:14  getdatalist
17:37:33  getdatalist
17:37:35  getdatalist
17:37:41  getdatalist
17:37:45  getdatalist
17:38:14  getdatalist
17:38:31  getdatalist
17:38:47  getdatalist
17:38:48  getdatalist
17:39:14  getdatalist
17:39:17  getdatalist
17:39:41  getdatalist
17:39:49  getdatalist
17:40:17  getdatalist
17:40:43  getdatalist
17:40:45  getdatalist
17:41:18  getdatalist
17:41:24  getdatalist
17:41:44  getdatalist
17:41:46  getdatalist
17:42:20  getdatalist
17:42:25  getdatalist
17:42:58  getdatalist
17:43:07  getdatalist
17:43:17  getdatalist
17:43:38  getdatalist
17:44:03  getdatalist
17:44:11  getdatalist
17:44:14  getdatalist
17:44:32  getdatalist
17:45:04  getdatalist
17:45:21  getdatalist
17:45:25  getdatalist
17:45:27  getdatalist
17:45:47  getdatalist
17:45:58  getdatalist
17:46:24  getdatalist
17:46:42  getdatalist
17:46:47  getdatalist
17:46:50  getdatalist
17:47:33  getdatalist
17:47:47  getdatalist
17:47:51  getdatalist
17:48:27  getdatalist
17:48:32  getdatalist
17:48:46  getdatalist
17:48:52  getdatalist
17:49:29  getdatalist
17:49:44  getdatalist
17:49:47  getdatalist
17:50:17  getdatalist
17:50:19  getdatalist
17:50:22  getdatalist
17:50:43  getdatalist
17:50:45  getdatalist
17:50:52  getdatalist
17:51:32  getdatalist
17:51:49  getdatalist
17:51:55  getdatalist
17:52:17  getdatalist
17:52:22  getdatalist
17:52:48  getdatalist
17:52:55  getdatalist
17:53:13  getdatalist
17:53:33  getdatalist
17:53:39  getdatalist
17:53:55  getdatalist
17:54:18  getdatalist
17:54:24  getdatalist
17:54:33  getdatalist
17:55:13  getdatalist
17:55:15  getdatalist
17:55:41  getdatalist
17:55:55  getdatalist
17:56:00  getdatalist
17:56:18  getdatalist
17:56:38  getdatalist
17:57:13  getdatalist
17:57:14  getdatalist
17:57:26  getdatalist
17:58:08  getdatalist
17:58:15  getdatalist
17:58:20  getdatalist
17:58:40  getdatalist
17:58:46  getdatalist
17:59:09  getdatalist
17:59:17  getdatalist
17:59:40  getdatalist
17:59:45  getdatalist
18:00:03  getbusparklist
18:00:03  getlinelist
18:00:14  getdatalist
18:00:20  getbusparklist
18:00:20  getdatalist
18:00:22  getdatalist
18:00:22  getlinelist
18:00:28  getdatalist
18:00:43  getdatalist
18:00:43  getdatalist
18:00:44  getdatalist
18:01:16  getdatalist
18:01:18  getdatalist
18:01:23  getdatalist
18:01:45  getdatalist
18:02:03  getdatalist
18:02:27  getdatalist
18:02:36  getdatalist
18:02:43  getdatalist
18:02:43  getdatalist
18:02:50  getdatalist
18:03:04  getdatalist
18:03:15  getdatalist
18:03:26  getdatalist
18:03:37  getdatalist
18:03:40  getdatalist
18:04:04  getdatalist
18:04:08  getdatalist
18:04:15  getdatalist
18:04:28  getdatalist
18:04:40  getdatalist
18:04:41  getdatalist
18:05:05  getdatalist
18:05:11  getdatalist
18:05:15  getdatalist
18:05:24  getdatalist
18:05:40  getdatalist
18:05:42  getdatalist
18:05:47  getdatalist
18:06:20  getdatalist
18:06:23  getdatalist
18:06:26  getdatalist
18:06:32  getdatalist
18:06:38  getdatalist
18:07:21  getdatalist
18:07:22  getdatalist
18:07:24  getdatalist
18:07:41  getdatalist
18:07:46  getdatalist
18:08:08  getdatalist
18:08:09  getdatalist
18:08:14  getdatalist
18:08:17  getdatalist
18:08:23  getdatalist
18:08:37  getdatalist
18:08:48  getdatalist
18:08:57  getdatalist
18:08:57  getdatalist
18:08:59  getdatalist
18:09:08  getdatalist
18:09:20  getdatalist
18:09:22  getdatalist
18:09:28  getdatalist
18:09:33  getdatalist
18:09:43  getdatalist
18:09:45  getdatalist
18:10:16  getdatalist
18:10:17  getdatalist
18:10:44  getdatalist
18:10:55  getdatalist
18:10:59  getdatalist
18:11:16  getdatalist
18:11:17  getdatalist
18:11:25  getdatalist
18:11:38  getdatalist
18:11:44  getdatalist
18:11:49  getdatalist
18:11:52  getdatalist
18:11:56  getdatalist
18:12:19  getdatalist
18:12:20  getdatalist
18:12:23  getdatalist
18:12:26  getdatalist
18:12:28  getdatalist
18:12:32  getdatalist
18:12:44  getdatalist
18:12:49  getdatalist
18:12:55  getdatalist
18:12:59  getdatalist
18:13:01  getdatalist
18:13:13  getdatalist
18:13:27  getdatalist
18:13:35  getdatalist
18:13:40  getdatalist
18:13:41  getdatalist
18:13:51  getdatalist
18:14:07  getdatalist
18:14:14  getdatalist
18:14:15  getdatalist
18:14:34  getdatalist
18:15:06  getdatalist
18:15:17  getdatalist
18:15:22  getdatalist
18:15:24  getdatalist
18:15:29  getdatalist
18:15:34  getbusparklist
18:15:34  getlinelist
18:15:49  getdatalist
18:15:52  getdatalist
18:16:35  getdatalist
18:16:36  getdatalist
18:16:39  getdatalist
18:16:46  getdatalist
18:16:58  getdatalist
18:17:13  getdatalist
18:17:20  getdatalist
18:17:26  getdatalist
18:17:30  getdatalist
18:17:43  getdatalist
18:17:48  getdatalist
18:17:50  getdatalist
18:18:01  getdatalist
18:18:16  getdatalist
18:18:17  getdatalist
18:18:24  getdatalist
18:18:32  getdatalist
18:18:35  getdatalist
18:18:58  getdatalist
18:19:01  getdatalist
18:19:07  getdatalist
18:19:11  getdatalist
18:19:20  getdatalist
18:19:26  getdatalist
18:19:32  getdatalist
18:19:32  getdatalist
18:19:33  getdatalist
18:19:36  getdatalist
18:19:45  getdatalist
18:19:58  getdatalist
18:20:01  getdatalist
18:20:16  getdatalist
18:20:22  getdatalist
18:20:22  getdatalist
18:20:36  getdatalist
18:20:40  getdatalist
18:20:54  getdatalist
18:20:55  getdatalist
18:21:09  getdatalist
18:21:21  getdatalist
18:21:25  getdatalist
18:21:28  getdatalist
18:21:36  getdatalist
18:21:49  getdatalist
18:22:03  getdatalist
18:22:05  getdatalist
18:22:36  getdatalist
18:22:49  getdatalist
18:23:21  getdatalist
18:23:31  getdatalist
18:23:34  getdatalist
18:23:40  getdatalist
18:23:41  getdatalist
18:24:00  getdatalist
18:24:02  getdatalist
18:24:07  getdatalist
18:24:19  getdatalist
18:24:42  getdatalist
18:24:52  getdatalist
18:24:54  getdatalist
18:25:16  getdatalist
18:25:23  getdatalist
18:25:26  getdatalist
18:25:32  getdatalist
18:25:39  getdatalist
18:25:52  getdatalist
18:26:05  getdatalist
18:26:08  getdatalist
18:26:22  getdatalist
18:26:25  getdatalist
18:26:31  getdatalist
18:26:40  getdatalist
18:26:49  getdatalist
18:27:05  getdatalist
18:27:10  getdatalist
18:27:24  getdatalist
18:27:27  getdatalist
18:27:34  getdatalist
18:27:46  getdatalist
18:28:06  getdatalist
18:28:25  getdatalist
18:28:38  getdatalist
18:28:44  getdatalist
18:28:48  getdatalist
18:29:09  getdatalist
18:29:18  getdatalist
18:29:24  getdatalist
18:29:30  getdatalist
18:29:51  getdatalist
18:29:54  getdatalist
18:30:15  getdatalist
18:30:24  getdatalist
18:30:34  getdatalist
18:30:38  getdatalist
18:30:44  getdatalist
18:30:46  getdatalist
18:31:10  getdatalist
18:31:15  getdatalist
18:31:38  getdatalist
18:31:47  getdatalist
18:32:16  getdatalist
18:32:20  getdatalist
18:32:23  getdatalist
18:32:30  getdatalist
18:32:44  getdatalist
18:32:44  getdatalist
18:32:55  getdatalist
18:33:12  getdatalist
18:33:15  getdatalist
18:33:16  getdatalist
18:33:39  getdatalist
18:34:01  getdatalist
18:34:23  getdatalist
18:34:43  getdatalist
18:35:05  getdatalist
18:35:07  getdatalist
18:35:08  getdatalist
18:35:09  getdatalist
18:35:14  getdatalist
18:35:18  getdatalist
18:35:42  getdatalist
18:35:43  getdatalist
18:35:44  getdatalist
18:36:03  getdatalist
18:36:18  getdatalist
18:36:24  getdatalist
18:36:45  getdatalist
18:36:56  getdatalist
18:36:57  getdatalist
18:37:11  getdatalist
18:37:34  getdatalist
18:37:37  getdatalist
18:37:39  getdatalist
18:37:43  getdatalist
18:37:50  getdatalist
18:37:51  getdatalist
18:37:57  getdatalist
18:38:17  getdatalist
18:38:36  getdatalist
18:38:42  getdatalist
18:38:49  getdatalist
18:38:55  getdatalist
18:39:10  getdatalist
18:39:11  getdatalist
18:39:14  getdatalist
18:39:28  getdatalist
18:39:43  getdatalist
18:39:47  getdatalist
18:39:48  getdatalist
18:39:51  getdatalist
18:40:05  getdatalist
18:40:14  getdatalist
18:40:27  getdatalist
18:40:28  getdatalist
18:40:46  getdatalist
18:40:46  getdatalist
18:40:52  getdatalist
18:40:52  getdatalist
18:40:53  getdatalist
18:41:01  getdatalist
18:41:06  getdatalist
18:41:34  getdatalist
18:41:39  getdatalist
18:41:40  getdatalist
18:41:42  getdatalist
18:42:29  getdatalist
18:42:39  getdatalist
18:42:41  getdatalist
18:42:50  getdatalist
18:43:30  getdatalist
18:44:13  getdatalist
18:44:13  getdatalist
18:44:25  getdatalist
18:44:48  getdatalist
18:44:50  getdatalist
18:44:50  getdatalist
18:44:54  getdatalist
18:45:32  getdatalist
18:45:39  getdatalist
18:45:48  getdatalist
18:45:49  getdatalist
18:45:54  getdatalist
18:46:42  getdatalist
18:46:43  getdatalist
18:46:46  getdatalist
18:46:51  getdatalist
18:47:44  getdatalist
18:47:45  getdatalist
18:47:48  getdatalist
18:47:57  getdatalist
18:47:58  getdatalist
18:48:41  getdatalist
18:48:44  getdatalist
18:48:48  getdatalist
18:49:00  getdatalist
18:49:32  getdatalist
18:49:47  getdatalist
18:49:52  getdatalist
18:49:59  getdatalist
18:50:11  getdatalist
18:50:37  getdatalist
18:50:48  getdatalist
18:50:56  getdatalist
18:50:58  getdatalist
18:51:03  getdatalist
18:51:34  getdatalist
18:51:36  getdatalist
18:51:53  getdatalist
18:52:00  getdatalist
18:52:03  getdatalist
18:52:45  getdatalist
18:52:46  getdatalist
18:52:59  getdatalist
18:53:01  getdatalist
18:53:06  getdatalist
18:53:41  getdatalist
18:53:59  getdatalist
18:54:43  getdatalist
18:55:06  getdatalist
18:55:13  getdatalist
18:55:24  getdatalist
18:55:41  getdatalist
18:55:48  getdatalist
18:55:59  getdatalist
18:56:08  getdatalist
18:56:11  getdatalist
18:56:15  getdatalist
18:56:16  getdatalist
18:56:17  getdatalist
18:56:23  getdatalist
18:56:46  getdatalist
18:56:57  getdatalist
18:56:58  getdatalist
18:57:53  getdatalist
18:58:03  getdatalist
18:58:03  getdatalist
18:58:16  getdatalist
18:58:17  getdatalist
18:58:42  getdatalist
18:58:59  getdatalist
18:59:05  getdatalist
18:59:36  getdatalist
18:59:49  getdatalist
18:59:58  getdatalist
19:00:12  getdatalist
19:00:16  getdatalist
19:00:22  getdatalist
19:00:50  getdatalist
19:01:11  getdatalist
19:01:17  getdatalist
19:01:17  getdatalist
19:01:46  getdatalist
19:02:00  getdatalist
19:02:09  getdatalist
19:02:21  getdatalist
19:02:53  getdatalist
19:02:56  getdatalist
19:03:00  getdatalist
19:03:01  getdatalist
19:03:01  getdatalist
19:03:46  getdatalist
19:03:59  getdatalist
19:04:02  getdatalist
19:04:07  getdatalist
19:04:22  getbusparklist
19:04:22  getlinelist
19:04:37  getdatalist
19:04:37  getdatalist
19:04:40  getbusparklist
19:04:42  getlinelist
19:05:12  getdatalist
19:05:38  getdatalist
19:05:39  getdatalist
19:05:49  getdatalist
19:06:06  getdatalist
19:06:36  getdatalist
19:07:08  getdatalist
19:07:15  getdatalist
19:07:33  getdatalist
19:07:41  getdatalist
19:08:16  getdatalist
19:08:28  getdatalist
19:08:32  getdatalist
19:08:41  getdatalist
19:08:42  getdatalist
19:08:42  getdatalist
19:08:44  getdatalist
19:09:36  getdatalist
19:09:37  getdatalist
19:09:44  getdatalist
19:10:01  getdatalist
19:10:11  getdatalist
19:10:12  getdatalist
19:10:29  getdatalist
19:10:33  getdatalist
19:10:51  getdatalist
19:10:55  getdatalist
19:11:03  getdatalist
19:11:30  getdatalist
19:11:52  getdatalist
19:12:07  getdatalist
19:12:47  getdatalist
19:12:51  getdatalist
19:12:56  getdatalist
19:13:10  getdatalist
19:13:10  getdatalist
19:13:17  getdatalist
19:13:41  getdatalist
19:13:42  getdatalist
19:13:47  getdatalist
19:14:10  getdatalist
19:14:14  getdatalist
19:14:15  getdatalist
19:14:42  getdatalist
19:14:56  getdatalist
19:15:11  getdatalist
19:15:15  getdatalist
19:15:49  getdatalist
19:16:00  getdatalist
19:16:01  getdatalist
19:16:12  getdatalist
19:16:30  getdatalist
19:16:38  getdatalist
19:16:45  getdatalist
19:17:33  getdatalist
19:17:38  getdatalist
19:17:41  getdatalist
19:17:47  getdatalist
19:17:55  getdatalist
19:18:02  getdatalist
19:18:13  getdatalist
19:18:16  getdatalist
19:18:19  getdatalist
19:18:27  getdatalist
19:18:29  getdatalist
19:18:59  getdatalist
19:19:06  getdatalist
19:19:07  getdatalist
19:19:37  getdatalist
19:19:49  getdatalist
19:19:54  getdatalist
19:20:01  getdatalist
19:20:05  getdatalist
19:20:34  getdatalist
19:20:42  getdatalist
19:20:54  getdatalist
19:21:06  getdatalist
19:21:14  getdatalist
19:21:18  getdatalist
19:21:48  getdatalist
19:21:49  getdatalist
19:22:29  getdatalist
19:22:34  getdatalist
19:22:45  getdatalist
19:22:47  getdatalist
19:22:48  getdatalist
19:22:54  getdatalist
19:23:00  getdatalist
19:23:05  getdatalist
19:23:08  getdatalist
19:23:08  getdatalist
19:23:10  getdatalist
19:23:18  getbusparklist
19:23:19  getlinelist
19:23:20  getdatalist
19:23:23  getdatalist
19:23:43  getdatalist
19:24:21  getdatalist
19:25:28  getdatalist
19:25:36  getdatalist
19:25:42  getdatalist
19:25:52  getdatalist
19:26:04  getdatalist
19:26:21  getdatalist
19:26:27  getdatalist
19:26:40  getdatalist
19:26:49  getdatalist
19:27:00  getdatalist
19:27:10  getdatalist
19:27:13  getdatalist
19:27:33  getdatalist
19:27:42  getdatalist
19:27:49  getdatalist
19:28:05  getdatalist
19:28:11  getdatalist
19:28:30  getdatalist
19:28:36  getdatalist
19:28:42  getbusparklist
19:28:53  getdatalist
19:28:55  getdatalist
19:29:03  getbusparklist
19:29:09  getdatalist
19:29:10  getlinelist
19:29:10  getlinelist
19:29:27  getdatalist
19:30:01  getdatalist
19:30:39  getdatalist
19:30:43  getbusparklist
19:30:51  getlinelist
19:30:55  getdatalist
19:31:40  getdatalist
19:32:57  getdatalist
19:32:59  getdatalist
19:33:22  getdatalist
19:39:15  getbusparklist
19:39:16  getdatalist
19:40:13  getdatalist
19:40:51  getdatalist
19:41:03  getdatalist
19:41:25  getdatalist
19:41:25  getdatalist
19:41:38  getdatalist
19:42:46  getdatalist
19:43:07  getdatalist
19:43:09  getdatalist
19:43:13  getdatalist
19:43:15  getdatalist
19:43:50  getdatalist
19:43:55  getdatalist
19:44:00  getdatalist
19:44:06  getdatalist
19:44:31  getdatalist
19:44:44  getdatalist
19:44:57  getdatalist
19:45:14  getdatalist
19:45:15  getdatalist
19:45:15  getdatalist
19:45:34  getdatalist
19:45:51  getdatalist
19:45:53  getdatalist
19:46:04  getdatalist
19:46:27  getdatalist
19:46:31  getdatalist
19:46:49  getdatalist
19:46:55  getdatalist
19:47:19  getdatalist
19:47:31  getdatalist
19:47:49  getdatalist
19:48:03  getdatalist
19:48:06  getdatalist
19:48:15  getdatalist
19:48:17  getdatalist
19:48:19  getdatalist
19:48:23  getdatalist
19:48:50  getdatalist
19:48:59  getdatalist
19:49:00  getbusparklist
19:49:03  getlinelist
19:49:07  getdatalist
19:49:09  getdatalist
19:49:27  getdatalist
19:49:30  getdatalist
19:49:37  getdatalist
19:49:46  getdatalist
19:50:33  getdatalist
19:50:49  getdatalist
19:51:25  getdatalist
19:51:32  getdatalist
19:51:36  getdatalist
19:51:37  getdatalist
19:51:38  getbusparklist
19:51:39  getlinelist
19:51:57  getdatalist
19:52:25  getdatalist
19:52:32  getdatalist
19:52:49  getdatalist
19:52:50  getdatalist
19:53:08  getdatalist
19:53:18  getdatalist
19:53:25  getdatalist
19:53:32  getdatalist
19:53:37  getdatalist
19:53:37  getdatalist
19:53:40  getdatalist
19:53:53  getdatalist
19:54:11  getdatalist
19:54:18  getdatalist
19:54:36  getdatalist
19:54:38  getdatalist
19:55:06  getdatalist
19:55:24  getdatalist
19:55:26  getbusparklist
19:55:31  getlinelist
19:55:43  getdatalist
19:56:12  getdatalist
19:56:29  getdatalist
19:56:34  getdatalist
19:56:42  getdatalist
19:56:48  getdatalist
19:56:50  getdatalist
19:56:56  getdatalist
19:57:00  getdatalist
19:57:09  getdatalist
19:57:29  getdatalist
19:57:33  getdatalist
19:57:40  getdatalist
19:57:41  getdatalist
19:58:18  getdatalist
19:58:41  getdatalist
19:58:58  getdatalist
19:59:05  getdatalist
19:59:12  getdatalist
19:59:24  getdatalist
19:59:32  getdatalist
19:59:38  getdatalist
20:00:14  getdatalist
20:00:18  getdatalist
20:00:24  getdatalist
20:00:29  getdatalist
20:00:30  getdatalist
20:00:32  getdatalist
20:00:33  getdatalist
20:00:53  getdatalist
20:00:57  getdatalist
20:01:24  getdatalist
20:01:26  getdatalist
20:01:42  getdatalist
20:01:53  getdatalist
20:02:06  getdatalist
20:02:10  getdatalist
20:02:13  getdatalist
20:02:22  getdatalist
20:02:51  getdatalist
20:03:06  getdatalist
20:03:19  getdatalist
20:03:19  getdatalist
20:03:32  getdatalist
20:03:43  getdatalist
20:03:56  getdatalist
20:03:59  getdatalist
20:04:09  getdatalist
20:04:13  getdatalist
20:04:25  getdatalist
20:05:19  getdatalist
20:05:39  getdatalist
20:06:28  getdatalist
20:06:58  getdatalist
20:07:09  getdatalist
20:07:33  getdatalist
20:07:40  getdatalist
20:07:45  getdatalist
20:08:06  getdatalist
20:08:21  getbusparklist
20:08:21  getlinelist
20:08:30  getdatalist
20:08:33  getdatalist
20:08:37  getdatalist
20:08:48  getdatalist
20:09:28  getdatalist
20:09:48  getdatalist
20:10:02  getdatalist
20:10:24  getdatalist
20:10:49  getdatalist
20:11:37  getdatalist
20:11:59  getdatalist
20:12:04  getdatalist
20:12:18  getdatalist
20:12:30  getdatalist
20:12:36  getdatalist
20:12:58  getdatalist
20:13:03  getdatalist
20:13:09  getdatalist
20:13:15  getdatalist
20:13:30  getdatalist
20:13:40  getdatalist
20:13:40  getdatalist
20:14:03  getdatalist
20:14:27  getdatalist
20:14:49  getdatalist
20:14:51  getdatalist
20:15:17  getdatalist
20:15:32  getdatalist
20:15:33  getdatalist
20:15:35  getdatalist
20:15:35  getdatalist
20:15:39  getdatalist
20:15:42  getdatalist
20:15:54  getdatalist
20:16:09  getdatalist
20:16:20  getdatalist
20:17:14  getdatalist
20:17:15  getdatalist
20:17:20  getdatalist
20:17:28  getdatalist
20:17:47  getdatalist
20:17:50  getdatalist
20:17:54  getdatalist
20:17:55  getdatalist
20:18:00  getdatalist
20:18:17  getdatalist
20:18:33  getdatalist
20:18:45  getdatalist
20:18:56  getdatalist
20:18:59  getdatalist
20:18:59  getdatalist
20:19:01  getdatalist
20:19:03  getdatalist
20:19:13  getdatalist
20:19:13  getdatalist
20:19:17  getdatalist
20:19:19  getdatalist
20:19:46  getdatalist
20:19:48  getdatalist
20:20:00  getdatalist
20:20:07  getdatalist
20:20:46  getdatalist
20:20:49  getdatalist
20:20:59  getdatalist
20:21:06  getdatalist
20:21:45  getdatalist
20:21:47  getdatalist
20:22:00  getdatalist
20:22:00  getdatalist
20:22:44  getdatalist
20:22:47  getdatalist
20:22:59  getdatalist
20:23:08  getdatalist
20:24:00  getdatalist
20:24:13  getdatalist
20:24:14  getdatalist
20:24:32  getdatalist
20:24:42  getdatalist
20:24:48  getdatalist
20:25:00  getdatalist
20:25:05  getdatalist
20:25:44  getdatalist
20:25:44  getdatalist
20:26:04  getdatalist
20:26:10  getdatalist
20:26:43  getdatalist
20:26:44  getdatalist
20:26:48  getdatalist
20:26:59  getdatalist
20:27:59  getdatalist
20:27:59  getdatalist
20:28:09  getdatalist
20:28:21  getdatalist
20:28:31  getdatalist
20:28:54  getdatalist
20:29:00  getdatalist
20:29:09  getdatalist
20:29:36  getdatalist
20:29:48  getdatalist
20:29:51  getdatalist
20:30:03  getdatalist
20:30:38  getdatalist
20:30:48  getdatalist
20:30:49  getdatalist
20:31:32  getdatalist
20:31:39  getdatalist
20:31:44  getdatalist
20:31:56  getdatalist
20:32:14  getdatalist
20:32:19  getdatalist
20:32:30  getdatalist
20:32:41  getdatalist
20:33:12  getdatalist
20:33:17  getdatalist
20:33:34  getdatalist
20:33:47  getdatalist
20:34:27  getdatalist
20:34:34  getdatalist
20:34:35  getdatalist
20:34:45  getdatalist
20:35:17  getdatalist
20:35:21  getdatalist
20:35:34  getdatalist
20:35:45  getdatalist
20:36:16  getdatalist
20:36:19  getdatalist
20:36:30  getdatalist
20:36:41  getdatalist
20:37:18  getdatalist
20:37:21  getdatalist
20:37:30  getdatalist
20:37:41  getdatalist
20:38:20  getdatalist
20:38:22  getdatalist
20:38:30  getdatalist
20:38:39  getdatalist
20:39:23  getdatalist
20:39:26  getdatalist
20:39:33  getdatalist
20:39:44  getdatalist
20:40:22  getdatalist
20:40:22  getdatalist
20:40:30  getdatalist
20:40:44  getdatalist
20:40:46  getdatalist
20:40:50  getdatalist
20:41:24  getdatalist
20:41:24  getdatalist
20:41:34  getdatalist
20:41:42  getdatalist
20:41:45  getdatalist
20:42:23  getdatalist
20:42:24  getdatalist
20:42:34  getdatalist
20:42:41  getdatalist
20:43:24  getdatalist
20:43:25  getdatalist
20:43:34  getdatalist
20:43:42  getdatalist
20:44:23  getdatalist
20:44:26  getdatalist
20:44:34  getdatalist
20:44:51  getdatalist
20:45:23  getdatalist
20:45:27  getdatalist
20:45:33  getdatalist
20:45:43  getdatalist
20:46:22  getdatalist
20:46:26  getdatalist
20:46:33  getdatalist
20:46:43  getdatalist
20:46:56  getdatalist
20:47:22  getdatalist
20:47:27  getdatalist
20:47:48  getdatalist
20:47:56  getdatalist
20:48:20  getdatalist
20:48:28  getdatalist
20:48:49  getdatalist
20:48:55  getdatalist
20:49:25  getdatalist
20:49:30  getdatalist
20:49:47  getdatalist
20:49:55  getdatalist
20:50:25  getdatalist
20:50:31  getdatalist
20:50:56  getdatalist
20:50:58  getdatalist
20:51:25  getdatalist
20:51:29  getdatalist
20:51:36  getdatalist
20:52:01  getdatalist
20:52:32  getdatalist
20:52:32  getdatalist
20:52:43  getdatalist
20:53:02  getdatalist
20:53:42  getdatalist
20:54:21  getdatalist
20:54:33  getdatalist
20:54:51  getdatalist
20:54:53  getdatalist
20:55:14  getdatalist
20:55:17  getdatalist
20:55:36  getdatalist
20:55:37  getdatalist
20:55:44  getdatalist
20:56:01  getdatalist
20:56:02  getdatalist
20:56:16  getdatalist
20:56:21  getdatalist
20:56:35  getdatalist
20:56:38  getdatalist
20:56:54  getdatalist
20:56:55  getdatalist
20:57:07  getdatalist
20:57:20  getdatalist
20:57:36  getdatalist
20:57:58  getdatalist
20:57:58  getdatalist
20:58:22  getdatalist
20:58:31  getdatalist
20:58:35  getdatalist
20:58:44  getdatalist
20:58:58  getdatalist
20:59:06  getdatalist
20:59:19  getdatalist
20:59:34  getdatalist
21:00:03  getdatalist
21:00:16  getdatalist
21:00:28  getdatalist
21:00:39  getdatalist
21:01:05  getdatalist
21:01:11  getdatalist
21:01:28  getdatalist
21:01:38  getdatalist
21:02:06  getdatalist
21:02:08  getdatalist
21:02:19  getdatalist
21:02:35  getdatalist
21:03:07  getdatalist
21:03:09  getdatalist
21:03:19  getdatalist
21:03:41  getdatalist
21:04:04  getdatalist
21:04:44  getdatalist
21:04:44  getdatalist
21:05:39  getdatalist
21:06:40  getdatalist
21:07:43  getdatalist
21:07:44  getdatalist
21:08:48  getdatalist
21:08:52  getdatalist
21:09:45  getdatalist
21:09:46  getdatalist
21:10:45  getdatalist
21:10:47  getdatalist
21:11:44  getdatalist
21:11:51  getdatalist
21:12:44  getdatalist
21:12:49  getdatalist
21:13:47  getdatalist
21:13:57  getdatalist
21:14:48  getdatalist
21:14:58  getdatalist
21:15:44  getdatalist
21:15:51  getdatalist
21:16:45  getdatalist
21:16:53  getdatalist
21:17:44  getdatalist
21:17:57  getdatalist
21:18:43  getdatalist
21:18:53  getdatalist
21:19:42  getdatalist
21:19:53  getdatalist
21:20:43  getdatalist
21:20:55  getdatalist
21:21:40  getdatalist
21:21:54  getdatalist
21:22:42  getdatalist
21:23:00  getdatalist
21:23:41  getdatalist
21:24:01  getdatalist
21:24:40  getdatalist
21:25:02  getdatalist
21:25:40  getdatalist
21:25:59  getdatalist
21:26:41  getdatalist
21:26:59  getdatalist
21:27:43  getdatalist
21:28:04  getdatalist
21:28:42  getdatalist
21:29:01  getdatalist
21:29:43  getdatalist
21:30:08  getdatalist
21:30:42  getdatalist
21:31:04  getdatalist
21:31:43  getdatalist
21:32:05  getdatalist
21:32:42  getdatalist
21:33:06  getdatalist
21:33:43  getdatalist
21:34:11  getdatalist
21:34:41  getdatalist
21:35:09  getdatalist
21:36:09  getdatalist
21:37:15  getdatalist
21:38:11  getdatalist
21:39:11  getdatalist
21:40:13  getdatalist
21:41:19  getdatalist
21:42:15  getdatalist
21:43:21  getdatalist
21:44:23  getdatalist
21:45:19  getdatalist
21:46:19  getdatalist
21:47:24  getdatalist
21:48:26  getdatalist
21:49:26  getdatalist
21:50:23  getdatalist
21:51:24  getdatalist
21:52:29  getdatalist
21:53:32  getdatalist
21:54:33  getdatalist
21:55:29  getdatalist
21:56:29  getdatalist
21:57:31  getdatalist
21:58:33  getdatalist
21:59:46  getdatalist
22:00:47  getdatalist
22:01:35  getdatalist
22:02:39  getdatalist
22:03:39  getdatalist
22:04:41  getdatalist
22:05:42  getdatalist
22:06:43  getdatalist
22:07:44  getdatalist
22:08:45  getdatalist
22:09:47  getdatalist
22:10:48  getdatalist
22:11:48  getdatalist
22:12:49  getdatalist
22:13:51  getdatalist
22:14:51  getdatalist
22:15:52  getdatalist
22:16:53  getdatalist
22:17:56  getdatalist
22:18:58  getdatalist
22:19:58  getdatalist
22:21:00  getdatalist
22:22:01  getdatalist
22:23:00  getdatalist
22:24:00  getdatalist
22:25:02  getdatalist
22:26:04  getdatalist
22:27:04  getdatalist
22:28:05  getdatalist
22:29:06  getdatalist
22:30:08  getdatalist
22:31:08  getdatalist
22:32:09  getdatalist
22:33:11  getdatalist
22:34:12  getdatalist
22:35:13  getdatalist
22:36:16  getdatalist
22:37:15  getdatalist
22:38:16  getdatalist
22:39:17  getdatalist
22:40:18  getdatalist
22:41:17  getdatalist
22:42:19  getdatalist
22:43:18  getdatalist
22:44:21  getdatalist
22:45:21  getdatalist
22:46:22  getdatalist
22:47:23  getdatalist
22:48:25  getdatalist
22:49:27  getdatalist
22:50:28  getdatalist
22:51:29  getdatalist
22:52:28  getdatalist
22:53:30  getdatalist
22:54:31  getdatalist
22:55:31  getdatalist
22:56:32  getdatalist
22:57:34  getdatalist
22:58:35  getdatalist
22:59:37  getdatalist
23:00:41  getdatalist
23:01:39  getdatalist
23:02:42  getdatalist
23:03:43  getdatalist
23:04:42  getdatalist
23:05:45  getdatalist
23:06:46  getdatalist
23:07:45  getdatalist
23:08:46  getdatalist
23:09:52  getdatalist
23:10:49  getdatalist
23:11:52  getdatalist
23:12:51  getdatalist
23:13:52  getdatalist
23:14:52  getdatalist
23:15:54  getdatalist
23:16:54  getdatalist
23:17:59  getdatalist
23:18:59  getdatalist
23:20:00  getdatalist
23:21:01  getdatalist
23:22:06  getdatalist
23:23:05  getdatalist
23:24:07  getdatalist
23:25:08  getdatalist
23:26:09  getdatalist
23:27:09  getdatalist
23:28:07  getdatalist
23:29:08  getdatalist
23:30:14  getdatalist
23:31:15  getdatalist
23:32:13  getdatalist
23:33:12  getdatalist
23:34:18  getdatalist
23:35:18  getdatalist
23:36:19  getdatalist
23:37:19  getdatalist
23:38:24  getdatalist
23:39:24  getdatalist
23:40:25  getdatalist
23:41:26  getdatalist
23:42:25  getdatalist
23:43:26  getdatalist
23:44:31  getdatalist
23:45:29  getdatalist
23:46:30  getdatalist
23:47:31  getdatalist
23:48:32  getdatalist
23:49:34  getdatalist
23:50:30  getdatalist
23:51:34  getdatalist
23:52:33  getdatalist
23:53:34  getdatalist
23:54:33  getdatalist
23:55:36  getdatalist
23:56:36  getdatalist
23:57:36  getdatalist
23:58:40  getdatalist
23:59:40  getdatalist
