00:00:41  getdatalist
00:01:42  getdatalist
00:02:42  getdatalist
00:03:44  getdatalist
00:04:43  getdatalist
00:05:45  getdatalist
00:06:48  getdatalist
00:07:49  getdatalist
00:08:48  getdatalist
00:09:50  getdatalist
00:10:53  getdatalist
00:11:53  getdatalist
00:12:54  getdatalist
00:13:55  getdatalist
00:14:55  getdatalist
00:15:54  getdatalist
00:16:57  getdatalist
00:18:01  getdatalist
00:18:57  getdatalist
00:20:01  getdatalist
00:21:04  getdatalist
00:22:06  getdatalist
00:23:06  getdatalist
00:24:03  getdatalist
00:25:04  getdatalist
00:26:05  getdatalist
00:27:07  getdatalist
00:28:07  getdatalist
00:29:07  getdatalist
00:30:09  getdatalist
00:31:10  getdatalist
00:32:15  getdatalist
00:33:15  getdatalist
00:34:12  getdatalist
00:35:16  getdatalist
00:36:15  getdatalist
00:37:17  getdatalist
00:38:17  getdatalist
00:39:18  getdatalist
00:40:19  getdatalist
00:41:23  getdatalist
00:42:20  getdatalist
00:43:26  getdatalist
00:44:23  getdatalist
00:45:25  getdatalist
00:46:24  getdatalist
00:47:26  getdatalist
00:48:28  getdatalist
00:49:28  getdatalist
00:50:31  getdatalist
00:51:30  getdatalist
00:52:31  getdatalist
00:53:33  getdatalist
00:54:33  getdatalist
00:55:33  getdatalist
00:56:35  getdatalist
00:57:36  getdatalist
00:58:37  getdatalist
00:59:40  getdatalist
01:00:41  getdatalist
01:01:40  getdatalist
01:02:41  getdatalist
01:03:41  getdatalist
01:04:44  getdatalist
01:05:43  getdatalist
01:06:45  getdatalist
01:07:46  getdatalist
01:08:48  getdatalist
01:09:49  getdatalist
01:10:52  getdatalist
01:11:51  getdatalist
01:12:53  getdatalist
01:13:53  getdatalist
01:14:54  getdatalist
01:15:53  getdatalist
01:16:59  getdatalist
01:17:59  getdatalist
01:19:01  getdatalist
01:20:01  getdatalist
01:20:59  getdatalist
01:22:01  getdatalist
01:23:02  getdatalist
01:24:04  getdatalist
01:25:03  getdatalist
01:26:09  getdatalist
01:27:10  getdatalist
01:28:07  getdatalist
01:29:06  getdatalist
01:30:09  getdatalist
01:31:13  getdatalist
01:32:13  getdatalist
01:33:14  getdatalist
01:34:13  getdatalist
01:35:14  getdatalist
01:36:15  getdatalist
01:37:15  getdatalist
01:38:16  getdatalist
01:39:16  getdatalist
01:40:18  getdatalist
01:41:19  getdatalist
01:42:20  getdatalist
01:43:22  getdatalist
01:44:21  getdatalist
01:45:24  getdatalist
01:46:25  getdatalist
01:47:26  getdatalist
01:48:26  getdatalist
01:49:27  getdatalist
01:50:26  getdatalist
01:51:29  getdatalist
01:52:30  getdatalist
01:53:31  getdatalist
01:54:32  getdatalist
01:55:34  getdatalist
01:56:34  getdatalist
01:57:36  getdatalist
01:58:36  getdatalist
01:59:38  getdatalist
02:00:38  getdatalist
02:01:41  getdatalist
02:02:40  getdatalist
02:03:41  getdatalist
02:04:42  getdatalist
02:05:43  getdatalist
02:06:44  getdatalist
02:07:43  getdatalist
02:08:48  getdatalist
02:09:52  getdatalist
02:10:53  getdatalist
02:11:52  getdatalist
02:12:56  getdatalist
02:13:56  getdatalist
02:14:57  getdatalist
02:15:58  getdatalist
02:16:58  getdatalist
02:18:01  getdatalist
02:18:59  getdatalist
02:20:00  getdatalist
02:21:01  getdatalist
02:22:06  getdatalist
02:23:03  getdatalist
02:24:05  getdatalist
02:25:08  getdatalist
02:26:09  getdatalist
02:27:08  getdatalist
02:28:08  getdatalist
02:29:12  getdatalist
02:30:09  getdatalist
02:31:12  getdatalist
02:32:12  getdatalist
02:33:12  getdatalist
02:34:16  getdatalist
02:35:12  getdatalist
02:36:18  getdatalist
02:37:18  getdatalist
02:38:17  getdatalist
02:39:20  getdatalist
02:40:19  getdatalist
02:41:21  getdatalist
02:42:22  getdatalist
02:43:24  getdatalist
02:44:26  getdatalist
02:45:25  getdatalist
02:46:26  getdatalist
02:47:27  getdatalist
02:48:29  getdatalist
02:49:31  getdatalist
02:50:28  getdatalist
02:51:27  getdatalist
02:52:29  getdatalist
02:53:31  getdatalist
02:54:31  getdatalist
02:55:31  getdatalist
02:56:32  getdatalist
02:57:34  getdatalist
02:58:35  getdatalist
02:59:36  getdatalist
03:00:36  getdatalist
03:01:38  getdatalist
03:02:38  getdatalist
03:03:39  getdatalist
03:04:42  getdatalist
03:05:40  getdatalist
03:06:43  getdatalist
03:07:43  getdatalist
03:08:44  getdatalist
03:09:48  getdatalist
03:10:46  getdatalist
03:11:47  getdatalist
03:12:49  getdatalist
03:13:50  getdatalist
03:14:51  getdatalist
03:15:52  getdatalist
03:16:54  getdatalist
03:17:53  getdatalist
03:18:56  getdatalist
03:19:57  getdatalist
03:20:59  getdatalist
03:21:58  getdatalist
03:22:59  getdatalist
03:24:01  getdatalist
03:25:01  getdatalist
03:26:02  getdatalist
03:27:02  getdatalist
03:28:04  getdatalist
03:29:05  getdatalist
03:30:06  getdatalist
03:31:07  getdatalist
03:32:08  getdatalist
03:33:09  getdatalist
03:34:10  getdatalist
03:35:09  getdatalist
03:36:12  getdatalist
03:37:11  getdatalist
03:38:14  getdatalist
03:39:15  getdatalist
03:40:16  getdatalist
03:41:17  getdatalist
03:42:20  getdatalist
03:43:18  getdatalist
03:44:19  getdatalist
03:45:22  getdatalist
03:46:22  getdatalist
03:47:23  getdatalist
03:48:23  getdatalist
03:49:26  getdatalist
03:50:25  getdatalist
03:51:26  getdatalist
03:52:29  getdatalist
03:53:27  getdatalist
03:54:28  getdatalist
03:55:30  getdatalist
03:56:32  getdatalist
03:57:34  getdatalist
03:58:33  getdatalist
03:59:35  getdatalist
04:00:36  getdatalist
04:01:36  getdatalist
04:02:37  getdatalist
04:03:38  getdatalist
04:04:39  getdatalist
04:05:41  getdatalist
04:06:40  getdatalist
04:07:43  getdatalist
04:08:47  getdatalist
04:09:47  getdatalist
04:10:50  getdatalist
04:11:50  getdatalist
04:12:51  getdatalist
04:13:51  getdatalist
04:14:56  getdatalist
04:15:55  getdatalist
04:16:58  getdatalist
04:17:54  getdatalist
04:18:54  getdatalist
04:19:55  getdatalist
04:20:57  getdatalist
04:21:57  getdatalist
04:22:59  getdatalist
04:24:01  getdatalist
04:25:01  getdatalist
04:26:01  getdatalist
04:27:02  getdatalist
04:28:03  getdatalist
04:29:04  getdatalist
04:30:06  getdatalist
04:31:06  getdatalist
04:32:06  getdatalist
04:33:08  getdatalist
04:34:10  getdatalist
04:35:09  getdatalist
04:36:12  getdatalist
04:37:13  getdatalist
04:38:13  getdatalist
04:39:13  getdatalist
04:40:14  getdatalist
04:41:18  getdatalist
04:42:19  getdatalist
04:43:19  getdatalist
04:44:19  getdatalist
04:45:20  getdatalist
04:46:22  getdatalist
04:47:21  getdatalist
04:48:23  getdatalist
04:49:25  getdatalist
04:50:26  getdatalist
04:51:26  getdatalist
04:52:26  getdatalist
04:53:29  getdatalist
04:54:30  getdatalist
04:55:30  getdatalist
04:56:29  getdatalist
04:57:32  getdatalist
04:58:33  getdatalist
04:59:35  getdatalist
05:00:35  getdatalist
05:01:37  getdatalist
05:02:38  getdatalist
05:03:39  getdatalist
05:04:40  getdatalist
05:05:40  getdatalist
05:06:41  getdatalist
05:07:42  getdatalist
05:08:45  getdatalist
05:09:45  getdatalist
05:10:46  getdatalist
05:11:46  getdatalist
05:12:48  getdatalist
05:13:47  getdatalist
05:14:50  getdatalist
05:15:49  getdatalist
05:16:56  getdatalist
05:17:54  getdatalist
05:18:54  getdatalist
05:19:54  getdatalist
05:20:55  getdatalist
05:21:58  getdatalist
05:22:55  getdatalist
05:23:58  getdatalist
05:24:58  getdatalist
05:26:00  getdatalist
05:27:03  getdatalist
05:28:01  getdatalist
05:29:03  getdatalist
05:30:03  getdatalist
05:31:04  getdatalist
05:32:06  getdatalist
05:33:09  getdatalist
05:34:07  getdatalist
05:35:11  getdatalist
05:36:11  getdatalist
05:37:11  getdatalist
05:38:12  getdatalist
05:39:13  getdatalist
05:40:15  getdatalist
05:41:15  getdatalist
05:42:15  getdatalist
05:43:16  getdatalist
05:44:18  getdatalist
05:45:18  getdatalist
05:46:19  getdatalist
05:47:21  getdatalist
05:48:22  getdatalist
05:49:23  getdatalist
05:50:25  getdatalist
05:51:25  getdatalist
05:52:26  getdatalist
05:53:26  getdatalist
05:54:28  getdatalist
05:55:30  getdatalist
05:56:29  getdatalist
05:57:30  getdatalist
05:58:32  getdatalist
05:59:32  getdatalist
06:00:33  getdatalist
06:01:33  getdatalist
06:02:37  getdatalist
06:03:37  getdatalist
06:04:38  getdatalist
06:05:38  getdatalist
06:06:41  getdatalist
06:07:43  getdatalist
06:08:41  getdatalist
06:09:43  getdatalist
06:10:45  getdatalist
06:11:46  getdatalist
06:12:46  getdatalist
06:13:46  getdatalist
06:14:48  getdatalist
06:15:49  getdatalist
06:16:52  getdatalist
06:17:50  getdatalist
06:18:50  getdatalist
06:19:54  getdatalist
06:20:53  getdatalist
06:21:54  getdatalist
06:22:54  getdatalist
06:23:59  getdatalist
06:24:59  getdatalist
06:25:59  getdatalist
06:27:00  getdatalist
06:28:00  getdatalist
06:29:00  getdatalist
06:30:03  getdatalist
06:31:05  getdatalist
06:32:05  getdatalist
06:33:05  getdatalist
06:34:06  getdatalist
06:35:10  getdatalist
06:36:10  getdatalist
06:37:09  getdatalist
06:38:12  getdatalist
06:39:12  getdatalist
06:40:13  getdatalist
06:41:14  getdatalist
06:42:14  getdatalist
06:43:18  getdatalist
06:44:18  getdatalist
06:45:17  getdatalist
06:46:20  getdatalist
06:47:20  getdatalist
06:48:21  getdatalist
06:49:23  getdatalist
06:50:24  getdatalist
06:51:23  getdatalist
06:52:26  getdatalist
06:53:25  getdatalist
06:54:26  getdatalist
06:55:28  getdatalist
06:56:27  getdatalist
06:57:29  getdatalist
06:58:30  getdatalist
06:59:31  getdatalist
07:00:36  getdatalist
07:01:38  getdatalist
07:02:40  getdatalist
07:03:39  getdatalist
07:04:39  getdatalist
07:05:45  getdatalist
07:06:43  getdatalist
07:07:43  getdatalist
07:08:46  getdatalist
07:09:47  getdatalist
07:10:49  getdatalist
07:11:49  getdatalist
07:12:49  getdatalist
07:13:49  getdatalist
07:14:50  getdatalist
07:15:51  getdatalist
07:16:52  getdatalist
07:17:55  getdatalist
07:18:55  getdatalist
07:19:55  getdatalist
07:20:59  getdatalist
07:21:58  getdatalist
07:22:58  getdatalist
07:23:58  getdatalist
07:25:02  getdatalist
07:26:01  getdatalist
07:27:02  getdatalist
07:28:04  getdatalist
07:29:00  getdatalist
07:30:01  getdatalist
07:31:02  getdatalist
07:32:04  getdatalist
07:33:05  getdatalist
07:34:06  getdatalist
07:35:06  getdatalist
07:36:08  getdatalist
07:37:08  getdatalist
07:38:11  getdatalist
07:39:10  getdatalist
07:40:12  getdatalist
07:41:12  getdatalist
07:42:14  getdatalist
07:43:14  getdatalist
07:44:17  getdatalist
07:45:16  getdatalist
07:46:19  getdatalist
07:47:19  getdatalist
07:48:20  getdatalist
07:49:20  getdatalist
07:50:22  getdatalist
07:51:22  getdatalist
07:52:22  getdatalist
07:53:25  getdatalist
07:54:28  getdatalist
07:55:26  getdatalist
07:56:28  getdatalist
07:57:28  getdatalist
07:58:29  getdatalist
07:59:30  getdatalist
08:00:32  getdatalist
08:01:33  getdatalist
08:02:35  getdatalist
08:02:46  getdatalist
08:03:16  getdatalist
08:03:25  getdatalist
08:03:40  getdatalist
08:04:16  getdatalist
08:04:37  getdatalist
08:05:15  getdatalist
08:05:36  getdatalist
08:06:14  getdatalist
08:06:37  getdatalist
08:07:10  getdatalist
08:07:39  getdatalist
08:08:02  getdatalist
08:08:39  getdatalist
08:09:02  getdatalist
08:09:43  getdatalist
08:10:02  getdatalist
08:10:44  getdatalist
08:11:02  getdatalist
08:11:12  getdatalist
08:11:12  getdatalist
08:11:13  getdatalist
08:11:13  getdatalist
08:11:43  getdatalist
08:12:13  getdatalist
08:12:44  getdatalist
08:13:13  getdatalist
08:13:23  getdatalist
08:13:23  getdatalist
08:13:45  getdatalist
08:14:23  getdatalist
08:14:45  getdatalist
08:15:23  getdatalist
08:15:48  getdatalist
08:16:23  getdatalist
08:16:48  getdatalist
08:17:23  getdatalist
08:17:48  getdatalist
08:18:23  getdatalist
08:18:50  getdatalist
08:19:23  getdatalist
08:19:52  getdatalist
08:20:23  getdatalist
08:20:52  getdatalist
08:21:23  getdatalist
08:21:52  getdatalist
08:22:23  getdatalist
08:22:53  getdatalist
08:23:23  getdatalist
08:23:54  getdatalist
08:24:23  getdatalist
08:24:57  getdatalist
08:25:23  getdatalist
08:25:56  getdatalist
08:26:23  getdatalist
08:26:58  getdatalist
08:27:23  getdatalist
08:27:59  getdatalist
08:28:23  getdatalist
08:29:01  getdatalist
08:29:23  getdatalist
08:30:01  getdatalist
08:30:23  getdatalist
08:31:05  getdatalist
08:31:23  getdatalist
08:32:02  getdatalist
08:32:23  getdatalist
08:33:04  getdatalist
08:33:23  getdatalist
08:34:06  getdatalist
08:34:23  getdatalist
08:35:05  getdatalist
08:35:23  getdatalist
08:36:05  getdatalist
08:36:23  getdatalist
08:37:09  getdatalist
08:37:23  getdatalist
08:38:09  getdatalist
08:38:23  getdatalist
08:39:10  getdatalist
08:39:23  getdatalist
08:40:13  getdatalist
08:40:23  getdatalist
08:41:12  getdatalist
08:41:23  getdatalist
08:42:13  getdatalist
08:42:23  getdatalist
08:42:46  getdatalist
08:42:46  getdatalist
08:43:10  getdatalist
08:43:10  getdatalist
08:43:14  getdatalist
08:44:10  getdatalist
08:44:15  getdatalist
08:44:36  getdatalist
08:45:10  getdatalist
08:45:17  getdatalist
08:46:10  getdatalist
08:46:17  getdatalist
08:46:21  getdatalist
08:46:22  getdatalist
08:46:22  getdatalist
08:46:23  getdatalist
08:47:18  getdatalist
08:47:22  getdatalist
08:47:29  getdatalist
08:47:35  getdatalist
08:47:35  getdatalist
08:47:35  getdatalist
08:47:36  getdatalist
08:47:37  getdatalist
08:47:37  getdatalist
08:47:37  getdatalist
08:48:19  getdatalist
08:48:37  getdatalist
08:49:19  getdatalist
08:49:37  getdatalist
08:50:22  getdatalist
08:50:37  getdatalist
08:51:21  getdatalist
08:51:24  getdatalist
08:52:09  getdatalist
08:52:23  getdatalist
08:53:09  getdatalist
08:53:14  getdatalist
08:53:15  getdatalist
08:53:24  getdatalist
08:53:33  getdatalist
08:53:33  getdatalist
08:54:24  getdatalist
08:54:33  getdatalist
08:55:16  getdatalist
08:55:16  getdatalist
08:55:24  getdatalist
08:55:39  getdatalist
08:55:51  getdatalist
08:55:52  getdatalist
08:55:53  getdatalist
08:55:53  getdatalist
08:56:11  getdatalist
08:56:13  getdatalist
08:56:13  getdatalist
08:56:27  getdatalist
08:56:46  getdatalist
08:57:21  getdatalist
08:57:22  getdatalist
08:57:22  getdatalist
08:57:23  getdatalist
08:57:23  getdatalist
08:57:24  getdatalist
08:57:24  getdatalist
08:57:26  getdatalist
08:58:24  getdatalist
08:58:29  getdatalist
08:58:31  getdatalist
08:58:33  getdatalist
08:59:28  getdatalist
08:59:33  getdatalist
08:59:48  getbusparklist
08:59:48  getlinelist
09:00:33  getdatalist
09:00:49  getdatalist
09:01:35  getdatalist
09:02:10  getdatalist
09:02:34  getdatalist
09:03:07  getbusparklist
09:03:08  getlinelist
09:03:37  getdatalist
09:04:15  getdatalist
09:04:36  getdatalist
09:05:05  getdatalist
09:06:00  getdatalist
09:07:17  getdatalist
09:08:21  getdatalist
09:08:38  getdatalist
09:08:50  getdatalist
09:08:53  getdatalist
09:09:04  getdatalist
09:09:20  getdatalist
09:10:35  getdatalist
09:12:09  getdatalist
09:13:45  getdatalist
09:13:51  getdatalist
09:13:57  getdatalist
09:14:18  getdatalist
09:15:01  getdatalist
09:15:14  getdatalist
09:15:49  getdatalist
09:16:19  getdatalist
09:17:07  getlinelist
09:17:38  超时时间已到。在操作完成之前超时时间已过或服务器未响应。
09:17:38  getdatalist
09:17:38  超时时间已到。在操作完成之前超时时间已过或服务器未响应。
09:17:38  getdatalist
09:18:00  getdatalist
09:18:18  getdatalist
09:18:53  getdatalist
09:18:54  getlinelist
09:18:54  getbusparklist
09:18:55  getdatalist
09:18:59  getdatalist
09:19:21  getdatalist
09:20:13  getdatalist
09:20:59  getdatalist
09:21:48  getdatalist
09:22:45  getdatalist
09:23:38  getdatalist
09:23:44  getdatalist
09:23:58  getdatalist
09:24:38  getdatalist
09:24:54  getdatalist
09:25:06  getdatalist
09:25:37  getdatalist
09:25:43  getdatalist
09:26:04  getdatalist
09:26:22  getdatalist
09:26:42  getdatalist
09:26:49  getdatalist
09:26:53  getdatalist
09:26:56  getdatalist
09:27:48  getdatalist
09:28:06  getdatalist
09:28:14  getdatalist
09:28:48  getdatalist
09:29:29  getdatalist
09:29:43  getdatalist
09:29:47  getdatalist
09:30:28  getdatalist
09:30:56  getdatalist
09:31:05  getdatalist
09:32:22  getdatalist
09:32:23  getdatalist
09:32:37  getdatalist
09:32:46  getdatalist
09:33:18  getdatalist
09:33:20  getdatalist
09:33:25  getdatalist
09:33:52  getdatalist
09:34:44  getdatalist
09:34:50  getdatalist
09:34:53  getdatalist
09:34:58  getdatalist
09:35:34  getdatalist
09:36:04  getdatalist
09:36:51  getdatalist
09:37:07  getdatalist
09:37:20  getdatalist
09:37:48  getdatalist
09:38:41  getdatalist
09:38:53  getdatalist
09:38:59  getdatalist
09:39:10  getdatalist
09:39:31  getdatalist
09:39:45  getdatalist
09:39:49  getdatalist
09:40:37  getdatalist
09:40:37  getdatalist
09:40:54  getdatalist
09:41:06  getdatalist
09:41:37  getdatalist
09:41:58  getdatalist
09:42:33  getdatalist
09:42:39  getdatalist
09:42:46  getdatalist
09:42:57  getdatalist
09:42:57  getdatalist
09:43:47  getdatalist
09:44:41  getdatalist
09:44:46  getdatalist
09:45:04  getdatalist
09:45:10  getdatalist
09:45:21  getdatalist
09:45:24  getdatalist
09:45:50  getdatalist
09:47:02  getdatalist
09:47:08  getdatalist
09:47:42  getdatalist
09:47:47  getdatalist
09:48:47  getdatalist
09:49:08  getdatalist
09:49:26  getdatalist
09:49:32  getdatalist
09:49:42  getdatalist
09:49:55  getdatalist
09:50:44  getdatalist
09:51:01  getdatalist
09:51:09  getdatalist
09:51:46  getdatalist
09:51:57  getdatalist
09:52:01  getdatalist
09:52:08  getdatalist
09:52:13  getdatalist
09:52:20  getdatalist
09:52:34  getdatalist
09:52:35  getdatalist
09:53:53  getdatalist
09:53:56  超时时间已到。在操作完成之前超时时间已过或服务器未响应。
09:54:11  getdatalist
09:54:20  getdatalist
09:54:21  getdatalist
09:54:26  超时时间已到。在操作完成之前超时时间已过或服务器未响应。
09:54:26  getdatalist
09:54:26  超时时间已到。在操作完成之前超时时间已过或服务器未响应。
09:54:26  getdatalist
09:54:42  getdatalist
09:54:54  getdatalist
09:54:55  超时时间已到。在操作完成之前超时时间已过或服务器未响应。
09:54:55  getdatalist
09:57:26  getdatalist
09:57:51  getdatalist
09:59:11  getdatalist
09:59:16  getdatalist
09:59:36  getdatalist
10:00:30  getdatalist
10:01:10  getdatalist
10:01:13  getdatalist
10:01:35  getdatalist
10:02:15  getdatalist
10:02:29  getdatalist
10:02:52  getdatalist
10:02:57  getdatalist
10:03:07  getdatalist
10:03:27  getdatalist
10:03:44  getdatalist
10:03:45  getdatalist
10:04:15  getdatalist
10:04:42  getdatalist
10:05:03  getdatalist
10:05:34  getdatalist
10:06:07  getdatalist
10:07:53  getdatalist
10:08:35  getdatalist
10:09:02  getdatalist
10:09:14  getdatalist
10:09:43  getdatalist
10:09:46  getdatalist
10:09:50  getdatalist
10:11:59  getdatalist
10:12:12  getdatalist
10:12:54  getdatalist
10:13:05  getdatalist
10:13:27  getdatalist
10:13:40  getdatalist
10:13:53  getdatalist
10:14:28  getdatalist
10:14:55  getdatalist
10:15:43  getdatalist
10:15:44  getdatalist
10:16:03  getdatalist
10:16:38  getdatalist
10:17:05  getdatalist
10:17:37  getlinelist
10:17:38  getdatalist
10:17:43  getdatalist
10:18:30  getdatalist
10:18:37  getdatalist
10:18:56  getdatalist
10:19:56  getdatalist
10:20:33  getdatalist
10:20:45  getdatalist
10:21:00  超时时间已到。在操作完成之前超时时间已过或服务器未响应。
10:21:00  getdatalist
10:21:07  超时时间已到。在操作完成之前超时时间已过或服务器未响应。
10:21:07  getdatalist
10:21:19  getdatalist
10:21:21  超时时间已到。在操作完成之前超时时间已过或服务器未响应。
10:21:25  getdatalist
10:22:16  超时时间已到。在操作完成之前超时时间已过或服务器未响应。
10:22:16  getdatalist
10:23:04  超时时间已到。在操作完成之前超时时间已过或服务器未响应。
10:23:04  getdatalist
10:23:48  getdatalist
10:23:48  getdatalist
10:23:52  getdatalist
10:24:39  getdatalist
10:25:29  getdatalist
10:28:00  getdatalist
10:29:11  getdatalist
10:29:55  getdatalist
10:32:14  getdatalist
10:32:47  getdatalist
10:32:58  getdatalist
10:33:51  getdatalist
10:34:09  getdatalist
10:34:25  getdatalist
10:36:51  getdatalist
10:37:32  getdatalist
10:39:29  getdatalist
10:39:52  getdatalist
10:39:56  getdatalist
10:40:23  getdatalist
10:41:31  getdatalist
10:44:06  getdatalist
10:44:30  getdatalist
10:44:48  getdatalist
10:44:53  getdatalist
10:44:56  getdatalist
10:45:26  getdatalist
10:45:36  getdatalist
10:45:47  getdatalist
10:46:12  getdatalist
10:46:28  getdatalist
10:47:04  getdatalist
10:48:07  getdatalist
10:48:17  getdatalist
10:48:29  getdatalist
10:49:10  getdatalist
10:49:28  getdatalist
10:50:30  getdatalist
10:51:06  getdatalist
10:52:09  getdatalist
10:53:11  getdatalist
10:53:13  getdatalist
10:53:14  getbusparklist
10:53:14  getlinelist
10:53:18  getlinelist
10:53:29  getdatalist
10:53:44  getdatalist
10:54:03  getdatalist
10:54:05  超时时间已到。在操作完成之前超时时间已过或服务器未响应。
10:54:14  getdatalist
10:54:37  超时时间已到。在操作完成之前超时时间已过或服务器未响应。
10:54:38  getdatalist
10:56:08  getdatalist
10:56:18  getdatalist
10:56:23  超时时间已到。在操作完成之前超时时间已过或服务器未响应。
10:56:23  getdatalist
10:56:23  超时时间已到。在操作完成之前超时时间已过或服务器未响应。
10:56:23  getdatalist
10:56:26  getdatalist
10:56:27  getdatalist
10:56:42  getdatalist
10:56:59  getdatalist
10:57:25  getdatalist
10:57:49  getdatalist
10:58:27  getdatalist
11:00:16  getdatalist
11:00:17  getdatalist
11:00:17  getdatalist
11:00:18  getdatalist
11:00:41  getdatalist
11:01:33  getdatalist
11:01:48  getdatalist
11:25:48  getlinelist
11:26:51  getdatalist
11:27:29  getdatalist
11:27:43  getdatalist
11:28:19  getbusparklist
11:39:35  getbusparklist
11:39:35  getlinelist
11:40:42  getdatalist
11:41:19  getdatalist
11:41:19  超时时间已到。在操作完成之前超时时间已过或服务器未响应。
11:41:19  getdatalist
11:42:57  getdatalist
11:43:14  getlinelist
11:43:14  getbusparklist
11:43:49  getdatalist
11:43:54  getdatalist
11:43:57  getdatalist
11:44:51  getdatalist
11:44:57  getdatalist
11:45:29  getdatalist
11:45:51  getdatalist
11:46:30  getdatalist
11:46:52  getdatalist
11:47:30  getdatalist
11:47:53  getdatalist
11:48:32  getdatalist
11:48:54  getdatalist
11:49:31  getdatalist
11:49:55  getdatalist
11:50:36  getdatalist
11:50:37  getdatalist
11:50:37  getbusparklist
11:50:38  getlinelist
11:50:39  getdatalist
11:50:56  getdatalist
11:50:58  getbusparklist
11:50:58  getlinelist
11:50:59  getdatalist
11:51:48  getlinelist
11:51:48  getdatalist
11:51:51  getdatalist
11:51:57  getdatalist
11:52:20  getdatalist
11:52:31  getdatalist
11:52:58  getdatalist
11:53:31  getdatalist
11:53:59  getdatalist
11:54:31  getdatalist
11:55:01  getdatalist
11:55:31  getdatalist
11:56:01  getdatalist
11:56:31  getdatalist
11:57:02  getdatalist
11:57:31  getdatalist
11:58:03  getdatalist
11:58:31  getdatalist
11:59:04  getdatalist
11:59:31  getdatalist
12:00:05  getdatalist
12:00:31  getdatalist
12:01:06  getdatalist
12:01:31  getdatalist
12:02:07  getdatalist
12:02:31  getdatalist
12:03:08  getdatalist
12:03:31  getdatalist
12:04:09  getdatalist
12:04:31  getdatalist
12:05:10  getdatalist
12:05:29  getdatalist
12:05:31  getdatalist
12:06:11  getdatalist
12:06:30  getdatalist
12:06:31  getdatalist
12:07:12  getdatalist
12:07:31  getdatalist
12:08:13  getdatalist
12:08:22  getdatalist
12:08:31  getdatalist
12:09:14  getdatalist
12:09:31  getdatalist
12:10:15  getdatalist
12:10:31  getdatalist
12:11:16  getdatalist
12:11:31  getdatalist
12:11:34  getdatalist
12:12:17  getdatalist
12:12:31  getdatalist
12:13:18  getdatalist
12:13:31  getdatalist
12:14:19  getdatalist
12:14:31  getdatalist
12:15:20  getdatalist
12:15:31  getdatalist
12:16:21  getdatalist
12:16:31  getdatalist
12:16:38  getdatalist
12:17:22  getdatalist
12:17:31  getdatalist
12:17:42  getdatalist
12:18:23  getdatalist
12:18:31  getdatalist
12:18:42  getdatalist
12:19:24  getdatalist
12:19:31  getdatalist
12:20:25  getdatalist
12:20:31  getdatalist
12:21:26  getdatalist
12:21:31  getdatalist
12:22:27  getdatalist
12:22:31  getdatalist
12:22:41  getdatalist
12:23:28  getdatalist
12:23:31  getdatalist
12:23:47  getdatalist
12:24:29  getdatalist
12:24:31  getdatalist
12:24:45  getdatalist
12:25:30  getdatalist
12:25:33  getdatalist
12:25:48  getdatalist
12:26:31  getdatalist
12:26:31  getdatalist
12:27:31  getdatalist
12:27:32  getdatalist
12:28:33  getdatalist
12:29:34  getdatalist
12:29:53  getdatalist
12:30:35  getdatalist
12:30:54  getdatalist
12:31:36  getdatalist
12:32:37  getdatalist
12:32:46  getdatalist
12:32:52  getdatalist
12:32:53  getdatalist
12:32:56  getdatalist
12:33:38  getdatalist
12:34:39  getdatalist
12:35:40  getdatalist
12:36:41  getdatalist
12:37:42  getdatalist
12:38:43  getdatalist
12:39:44  getdatalist
12:40:01  getdatalist
12:40:45  getdatalist
12:40:59  getdatalist
12:41:46  getdatalist
12:42:03  getdatalist
12:42:47  getdatalist
12:43:48  getdatalist
12:44:50  getdatalist
12:45:50  getdatalist
12:46:51  getdatalist
12:47:06  getdatalist
12:47:52  getdatalist
12:48:09  getdatalist
12:48:53  getdatalist
12:49:11  getdatalist
12:49:54  getdatalist
12:50:09  getdatalist
12:50:56  getdatalist
12:51:05  getdatalist
12:51:56  getdatalist
12:52:05  getdatalist
12:52:07  getdatalist
12:52:57  getdatalist
12:53:05  getdatalist
12:53:58  getdatalist
12:54:05  getdatalist
12:54:54  getdatalist
12:54:58  getdatalist
12:54:59  getdatalist
12:55:12  getdatalist
12:56:00  getdatalist
12:56:14  getdatalist
12:57:01  getdatalist
12:57:14  getdatalist
12:58:02  getdatalist
12:58:14  getdatalist
12:59:03  getdatalist
12:59:14  getdatalist
13:00:04  getdatalist
13:00:14  getdatalist
13:01:05  getdatalist
13:01:13  getdatalist
13:01:20  getdatalist
13:02:06  getdatalist
13:02:13  getdatalist
13:03:07  getdatalist
13:03:13  getdatalist
13:03:22  getdatalist
13:04:08  getdatalist
13:04:14  getdatalist
13:05:09  getdatalist
13:05:14  getdatalist
13:05:25  getdatalist
13:06:10  getdatalist
13:06:14  getdatalist
13:07:11  getdatalist
13:07:14  getdatalist
13:07:28  getdatalist
13:08:12  getdatalist
13:08:13  getdatalist
13:09:13  getdatalist
13:09:13  getdatalist
13:09:31  getdatalist
13:10:13  getdatalist
13:10:14  getdatalist
13:11:13  getdatalist
13:11:15  getdatalist
13:11:39  getdatalist
13:11:48  getdatalist
13:11:51  getdatalist
13:12:16  getdatalist
13:12:51  getdatalist
13:13:05  getdatalist
13:13:17  getdatalist
13:14:05  getdatalist
13:14:18  getdatalist
13:14:34  getdatalist
13:14:36  getdatalist
13:14:37  getdatalist
13:15:04  getdatalist
13:15:19  getdatalist
13:15:36  getdatalist
13:16:05  getdatalist
13:16:20  getdatalist
13:17:05  getdatalist
13:17:21  getdatalist
13:18:05  getdatalist
13:18:22  getdatalist
13:18:23  getdatalist
13:18:39  getdatalist
13:19:23  getdatalist
13:19:24  getdatalist
13:20:24  getdatalist
13:20:25  getdatalist
13:20:41  getdatalist
13:21:25  getdatalist
13:21:26  getdatalist
13:22:27  getdatalist
13:22:27  getdatalist
13:22:43  getdatalist
13:23:28  getdatalist
13:23:28  getdatalist
13:24:28  getdatalist
13:24:31  getdatalist
13:25:29  getdatalist
13:25:29  getdatalist
13:26:30  getdatalist
13:26:30  getdatalist
13:27:31  getdatalist
13:27:32  getdatalist
13:27:46  getdatalist
13:28:28  getdatalist
13:28:32  getdatalist
13:28:33  getdatalist
13:29:01  getdatalist
13:29:18  getdatalist
13:29:33  getdatalist
13:30:00  getdatalist
13:30:18  getdatalist
13:30:34  getdatalist
13:30:37  getbusparklist
13:30:37  getlinelist
13:30:37  getdatalist
13:30:43  getdatalist
13:30:44  getdatalist
13:31:00  getdatalist
13:31:18  getdatalist
13:31:36  getdatalist
13:31:42  getdatalist
13:32:03  getdatalist
13:32:10  getdatalist
13:32:17  getdatalist
13:32:37  getdatalist
13:32:37  getdatalist
13:32:43  getdatalist
13:33:11  getdatalist
13:33:27  getdatalist
13:33:38  getdatalist
13:33:43  getdatalist
13:34:11  getdatalist
13:34:26  getdatalist
13:34:40  getdatalist
13:34:43  getdatalist
13:34:45  getdatalist
13:34:53  getdatalist
13:35:18  getdatalist
13:35:32  getdatalist
13:35:41  getdatalist
13:35:43  getdatalist
13:36:02  getdatalist
13:36:25  getdatalist
13:36:40  getdatalist
13:36:42  getdatalist
13:37:02  getdatalist
13:37:02  getdatalist
13:37:17  getdatalist
13:37:25  getdatalist
13:37:42  getdatalist
13:37:43  getdatalist
13:37:50  getdatalist
13:37:50  getdatalist
13:37:58  getdatalist
13:38:25  getdatalist
13:38:45  getdatalist
13:38:45  getdatalist
13:38:50  getdatalist
13:38:58  getdatalist
13:39:26  getdatalist
13:39:42  getdatalist
13:39:44  getdatalist
13:39:51  getdatalist
13:40:00  getdatalist
13:40:26  getdatalist
13:40:44  getdatalist
13:40:52  getdatalist
13:40:53  getdatalist
13:40:57  getdatalist
13:41:19  getdatalist
13:41:25  getdatalist
13:41:44  getdatalist
13:41:46  getdatalist
13:41:47  getdatalist
13:41:55  getdatalist
13:42:04  getdatalist
13:42:41  getdatalist
13:42:42  getdatalist
13:42:43  getdatalist
13:42:44  getdatalist
13:42:46  getdatalist
13:42:46  getdatalist
13:43:02  getdatalist
13:43:42  getdatalist
13:43:42  getdatalist
13:43:47  getdatalist
13:43:47  getdatalist
13:43:48  getdatalist
13:43:49  getdatalist
13:43:59  getdatalist
13:44:15  getdatalist
13:44:27  getdatalist
13:44:44  getdatalist
13:44:48  getdatalist
13:45:16  getdatalist
13:45:26  getdatalist
13:45:44  getdatalist
13:45:54  getdatalist
13:46:09  getdatalist
13:46:14  getdatalist
13:46:27  getdatalist
13:46:44  getdatalist
13:46:52  getdatalist
13:47:14  getdatalist
13:47:27  getdatalist
13:47:44  getdatalist
13:47:53  getdatalist
13:48:14  getdatalist
13:48:26  getdatalist
13:48:43  getdatalist
13:48:51  getdatalist
13:48:54  getdatalist
13:49:08  getdatalist
13:49:15  getdatalist
13:49:27  getdatalist
13:49:51  getdatalist
13:49:54  getdatalist
13:50:35  getdatalist
13:50:47  getdatalist
13:50:53  getdatalist
13:50:55  getdatalist
13:51:15  getdatalist
13:51:21  getdatalist
13:51:21  getdatalist
13:51:30  getdatalist
13:51:54  getdatalist
13:51:59  getdatalist
13:52:06  getdatalist
13:52:15  getdatalist
13:52:31  getdatalist
13:52:54  getdatalist
13:52:58  getdatalist
13:53:15  getdatalist
13:53:30  getdatalist
13:53:32  getdatalist
13:53:55  getdatalist
13:53:58  getdatalist
13:54:04  getdatalist
13:54:09  getdatalist
13:54:12  getdatalist
13:54:12  getdatalist
13:54:32  getdatalist
13:54:34  getdatalist
13:54:56  getdatalist
13:54:59  getdatalist
13:55:14  getdatalist
13:55:25  getdatalist
13:55:28  getdatalist
13:55:30  getdatalist
13:55:44  超时时间已到。在操作完成之前超时时间已过或服务器未响应。
13:55:44  getdatalist
13:55:45  getdatalist
13:55:58  getdatalist
13:56:00  getdatalist
13:56:20  getdatalist
13:56:21  getdatalist
13:56:32  getdatalist
13:56:33  getdatalist
13:56:58  getdatalist
13:57:16  getdatalist
13:57:32  getdatalist
13:57:34  getdatalist
13:57:59  getdatalist
13:58:01  getdatalist
13:58:17  getdatalist
13:58:32  getdatalist
13:58:35  getdatalist
13:58:59  getdatalist
13:59:04  getdatalist
13:59:32  getdatalist
13:59:36  getdatalist
14:00:02  getdatalist
14:00:32  超时时间已到。在操作完成之前超时时间已过或服务器未响应。
14:00:32  getdatalist
14:00:39  getdatalist
14:00:53  getdatalist
14:01:12  getdatalist
14:01:23  getdatalist
14:01:43  getdatalist
14:01:45  getdatalist
14:01:53  getdatalist
14:02:09  getdatalist
14:02:11  getdatalist
14:02:25  getdatalist
14:02:30  getdatalist
14:02:40  getdatalist
14:03:04  getdatalist
14:03:08  getdatalist
14:03:30  getdatalist
14:03:40  getdatalist
14:04:03  getdatalist
14:04:03  getdatalist
14:04:09  getdatalist
14:04:21  getdatalist
14:04:42  getdatalist
14:04:57  getdatalist
14:04:58  getdatalist
14:05:33  超时时间已到。在操作完成之前超时时间已过或服务器未响应。
14:05:34  getdatalist
14:05:38  超时时间已到。在操作完成之前超时时间已过或服务器未响应。
14:05:38  getdatalist
14:05:51  超时时间已到。在操作完成之前超时时间已过或服务器未响应。
14:05:51  getdatalist
14:05:52  getdatalist
14:05:53  getdatalist
14:06:25  getdatalist
14:06:38  超时时间已到。在操作完成之前超时时间已过或服务器未响应。
14:06:38  getdatalist
14:06:49  getdatalist
14:07:03  超时时间已到。在操作完成之前超时时间已过或服务器未响应。
14:07:03  getdatalist
14:07:10  getdatalist
14:07:24  getdatalist
14:07:26  getdatalist
14:07:27  getdatalist
14:07:29  getdatalist
14:07:36  getdatalist
14:07:38  getdatalist
14:07:45  getdatalist
14:08:08  getdatalist
14:08:13  getdatalist
14:08:17  getdatalist
14:08:30  getdatalist
14:08:45  getdatalist
14:09:08  getdatalist
14:09:12  getdatalist
14:09:17  getdatalist
14:09:32  getdatalist
14:09:35  getdatalist
14:09:47  getdatalist
14:09:50  getbusparklist
14:09:50  getlinelist
14:09:52  getdatalist
14:09:54  getdatalist
14:10:00  getlinelist
14:10:18  getdatalist
14:10:29  getdatalist
14:10:30  getdatalist
14:10:58  getdatalist
14:11:02  getdatalist
14:11:16  getdatalist
14:11:17  getdatalist
14:11:49  getdatalist
14:12:17  getdatalist
14:12:18  getdatalist
14:12:19  getdatalist
14:12:50  getdatalist
14:12:54  getdatalist
14:13:16  getdatalist
14:13:23  getdatalist
14:13:37  getdatalist
14:13:51  getdatalist
14:13:55  getdatalist
14:14:04  getdatalist
14:14:12  getdatalist
14:14:17  getdatalist
14:14:33  getdatalist
14:14:52  getdatalist
14:14:54  getdatalist
14:15:10  getdatalist
14:15:11  getdatalist
14:15:35  getdatalist
14:15:52  getdatalist
14:15:53  getdatalist
14:15:55  getdatalist
14:16:09  getdatalist
14:16:20  getdatalist
14:16:36  getdatalist
14:16:53  getdatalist
14:17:02  getdatalist
14:17:21  getdatalist
14:17:40  getdatalist
14:17:53  getdatalist
14:17:54  getdatalist
14:18:10  getdatalist
14:18:22  getdatalist
14:18:40  getdatalist
14:18:55  getdatalist
14:18:56  getdatalist
14:19:09  getdatalist
14:19:22  getdatalist
14:19:41  getdatalist
14:19:54  getdatalist
14:19:57  getdatalist
14:20:15  getdatalist
14:20:22  getdatalist
14:20:22  getdatalist
14:20:23  getdatalist
14:20:40  getdatalist
14:20:55  getdatalist
14:20:59  getdatalist
14:21:19  getdatalist
14:21:20  getdatalist
14:21:25  getdatalist
14:22:00  getdatalist
14:22:01  getdatalist
14:22:10  getdatalist
14:22:25  getdatalist
14:22:53  getdatalist
14:22:59  getdatalist
14:23:09  getdatalist
14:23:27  getdatalist
14:23:54  getdatalist
14:24:00  getdatalist
14:24:09  getdatalist
14:24:27  getdatalist
14:24:53  getdatalist
14:25:01  getdatalist
14:25:09  getdatalist
14:25:28  getdatalist
14:25:42  getdatalist
14:25:53  getdatalist
14:26:02  getdatalist
14:26:09  getdatalist
14:26:29  getdatalist
14:26:54  getdatalist
14:27:03  getdatalist
14:27:09  getdatalist
14:27:30  getdatalist
14:27:46  getdatalist
14:27:53  getdatalist
14:28:04  getdatalist
14:28:09  getdatalist
14:28:09  getdatalist
14:28:31  getdatalist
14:28:40  getdatalist
14:28:54  getdatalist
14:29:09  getdatalist
14:29:32  getdatalist
14:29:53  getdatalist
14:30:09  getdatalist
14:30:11  getdatalist
14:30:33  getdatalist
14:30:53  getdatalist
14:31:09  getdatalist
14:31:12  getdatalist
14:31:34  getdatalist
14:31:48  getdatalist
14:31:53  getdatalist
14:32:09  getdatalist
14:32:35  getdatalist
14:32:53  getdatalist
14:32:53  getdatalist
14:33:09  getdatalist
14:33:09  getdatalist
14:33:09  getdatalist
14:33:10  getdatalist
14:33:11  getdatalist
14:33:36  getdatalist
14:33:53  getdatalist
14:33:58  getdatalist
14:33:58  getdatalist
14:34:37  getdatalist
14:34:53  getdatalist
14:34:53  getdatalist
14:34:58  getdatalist
14:35:11  getdatalist
14:35:38  getdatalist
14:35:53  getdatalist
14:35:58  getdatalist
14:36:39  getdatalist
14:36:41  getdatalist
14:36:53  getdatalist
14:37:09  getdatalist
14:37:40  getdatalist
14:37:41  getdatalist
14:37:54  getdatalist
14:38:09  getdatalist
14:38:41  getdatalist
14:38:41  getdatalist
14:38:54  getdatalist
14:39:03  getdatalist
14:39:10  getdatalist
14:39:12  getdatalist
14:39:12  getdatalist
14:39:41  getdatalist
14:39:42  getdatalist
14:39:55  getdatalist
14:40:04  getdatalist
14:40:41  getdatalist
14:40:43  getdatalist
14:40:56  getdatalist
14:41:01  getdatalist
14:41:41  getdatalist
14:41:44  getdatalist
14:41:57  getdatalist
14:42:01  getdatalist
14:42:14  getdatalist
14:42:38  getdatalist
14:42:45  getdatalist
14:42:58  getdatalist
14:43:38  getdatalist
14:43:46  getdatalist
14:43:59  getdatalist
14:44:03  getdatalist
14:44:16  getdatalist
14:44:47  getdatalist
14:45:00  getdatalist
14:45:03  getdatalist
14:45:48  getdatalist
14:46:01  getdatalist
14:46:03  getdatalist
14:46:10  getdatalist
14:46:49  getdatalist
14:47:02  getdatalist
14:47:03  getdatalist
14:47:50  getdatalist
14:48:03  getdatalist
14:48:03  getdatalist
14:48:05  getdatalist
14:48:51  getdatalist
14:49:04  getdatalist
14:49:04  getdatalist
14:49:13  getdatalist
14:49:52  getdatalist
14:50:01  getdatalist
14:50:04  getdatalist
14:50:05  getdatalist
14:50:53  getdatalist
14:51:04  getdatalist
14:51:06  getdatalist
14:51:11  getdatalist
14:51:37  getdatalist
14:51:54  getdatalist
14:52:00  getdatalist
14:52:07  getdatalist
14:52:07  getdatalist
14:52:55  getdatalist
14:53:04  getdatalist
14:53:08  getdatalist
14:53:56  getdatalist
14:54:04  getdatalist
14:54:05  getdatalist
14:54:09  getdatalist
14:54:57  getdatalist
14:55:04  getdatalist
14:55:10  getdatalist
14:55:15  getdatalist
14:55:25  getdatalist
14:55:58  getdatalist
14:56:04  getdatalist
14:56:11  getdatalist
14:56:59  getdatalist
14:57:04  getdatalist
14:57:12  getdatalist
14:58:00  getdatalist
14:58:04  getdatalist
14:58:09  getdatalist
14:58:13  getdatalist
14:59:01  getdatalist
14:59:04  getdatalist
14:59:14  getdatalist
14:59:19  getdatalist
15:00:02  getdatalist
15:00:04  getdatalist
15:00:13  getdatalist
15:00:15  getdatalist
15:00:33  getdatalist
15:01:03  getdatalist
15:01:13  getdatalist
15:01:16  getdatalist
15:01:33  getdatalist
15:02:04  getdatalist
15:02:13  getdatalist
15:02:17  getdatalist
15:02:33  getdatalist
15:03:05  getdatalist
15:03:13  getdatalist
15:03:18  getdatalist
15:03:32  getdatalist
15:04:06  getdatalist
15:04:13  getdatalist
15:04:16  getdatalist
15:04:19  getdatalist
15:05:07  getdatalist
15:05:13  getdatalist
15:05:14  getdatalist
15:05:20  getdatalist
15:06:08  getdatalist
15:06:14  getdatalist
15:06:21  getdatalist
15:06:35  getdatalist
15:07:09  getdatalist
15:07:14  getdatalist
15:07:18  getdatalist
15:07:18  getdatalist
15:07:22  getdatalist
15:07:26  getdatalist
15:07:27  getdatalist
15:08:10  getdatalist
15:08:14  getdatalist
15:08:23  getdatalist
15:09:11  getdatalist
15:09:14  getdatalist
15:09:24  getdatalist
15:10:12  getdatalist
15:10:14  getdatalist
15:10:25  getdatalist
15:10:28  getdatalist
15:11:13  getdatalist
15:11:14  getdatalist
15:11:26  getdatalist
15:11:28  getdatalist
15:11:44  getdatalist
15:12:14  getdatalist
15:12:14  getdatalist
15:12:27  getdatalist
15:12:30  getdatalist
15:13:14  getdatalist
15:13:15  getdatalist
15:13:28  getdatalist
15:14:14  getdatalist
15:14:16  getdatalist
15:14:29  getdatalist
15:15:14  getdatalist
15:15:17  getdatalist
15:15:30  getdatalist
15:15:32  getdatalist
15:16:14  getdatalist
15:16:18  getdatalist
15:16:31  getdatalist
15:16:33  getdatalist
15:16:45  getdatalist
15:17:12  getdatalist
15:17:19  getdatalist
15:17:32  getdatalist
15:18:12  getdatalist
15:18:20  getdatalist
15:18:33  getdatalist
15:18:35  getdatalist
15:19:11  getdatalist
15:19:21  getdatalist
15:19:34  getdatalist
15:19:39  getdatalist
15:20:11  getdatalist
15:20:22  getdatalist
15:20:35  getdatalist
15:20:50  getdatalist
15:21:11  getdatalist
15:21:23  getdatalist
15:21:36  getdatalist
15:22:11  getdatalist
15:22:24  getdatalist
15:22:37  getdatalist
15:23:11  getdatalist
15:23:25  getdatalist
15:23:38  getdatalist
15:24:11  getdatalist
15:24:26  getdatalist
15:24:39  getdatalist
15:24:56  getdatalist
15:25:11  getdatalist
15:25:27  getdatalist
15:25:40  getdatalist
15:25:57  getdatalist
15:26:11  getdatalist
15:26:28  getdatalist
15:26:41  getdatalist
15:26:47  getdatalist
15:26:56  getdatalist
15:27:11  getdatalist
15:27:29  getdatalist
15:27:42  getdatalist
15:28:11  getdatalist
15:28:30  getdatalist
15:28:43  getdatalist
15:29:11  getdatalist
15:29:31  getdatalist
15:29:44  getdatalist
15:29:44  getdatalist
15:30:32  getdatalist
15:30:44  getdatalist
15:30:45  getdatalist
15:30:47  getdatalist
15:30:47  getdatalist
15:30:49  getdatalist
15:30:50  getdatalist
15:30:58  getdatalist
15:31:04  getdatalist
15:31:06  getdatalist
15:31:08  getdatalist
15:31:33  getdatalist
15:31:44  getdatalist
15:31:46  getdatalist
15:31:47  getdatalist
15:31:48  getdatalist
15:32:16  getdatalist
15:32:34  getdatalist
15:32:47  getdatalist
15:32:49  getdatalist
15:32:49  getdatalist
15:32:49  getdatalist
15:33:35  getdatalist
15:33:46  getdatalist
15:33:48  getdatalist
15:33:53  getdatalist
15:34:05  getdatalist
15:34:36  getdatalist
15:34:46  getdatalist
15:34:49  getdatalist
15:34:55  getdatalist
15:35:37  getdatalist
15:35:46  getdatalist
15:35:50  getdatalist
15:36:06  getdatalist
15:36:38  getdatalist
15:36:46  getdatalist
15:36:51  getdatalist
15:36:55  getdatalist
15:37:07  getdatalist
15:37:39  getdatalist
15:37:46  getdatalist
15:37:52  getdatalist
15:38:11  getdatalist
15:38:40  getdatalist
15:38:46  getdatalist
15:38:53  getdatalist
15:38:58  getdatalist
15:39:10  getdatalist
15:39:41  getdatalist
15:39:46  getdatalist
15:39:54  getdatalist
15:39:59  getdatalist
15:40:42  getdatalist
15:40:46  getdatalist
15:40:55  getdatalist
15:41:43  getdatalist
15:41:46  getdatalist
15:41:56  getdatalist
15:42:44  getdatalist
15:42:46  getdatalist
15:42:57  getdatalist
15:43:45  getdatalist
15:43:46  getdatalist
15:43:58  getdatalist
15:44:46  getdatalist
15:44:46  getdatalist
15:44:59  getdatalist
15:45:11  getdatalist
15:45:29  getdatalist
15:45:29  getdatalist
15:45:47  getdatalist
15:45:58  getdatalist
15:45:59  getdatalist
15:46:00  getdatalist
15:46:04  getdatalist
15:46:05  getdatalist
15:46:05  getdatalist
15:46:05  getdatalist
15:46:06  getdatalist
15:46:48  getdatalist
15:46:54  getdatalist
15:46:58  getdatalist
15:46:59  getdatalist
15:47:01  getdatalist
15:47:14  getdatalist
15:47:15  getdatalist
15:47:49  getdatalist
15:47:50  getdatalist
15:47:50  getdatalist
15:48:02  getdatalist
15:48:50  getdatalist
15:48:50  getdatalist
15:49:03  getdatalist
15:49:13  getdatalist
15:49:22  getdatalist
15:49:51  getdatalist
15:50:04  getdatalist
15:50:12  getdatalist
15:50:16  getdatalist
15:50:16  getdatalist
15:50:46  getdatalist
15:50:52  getdatalist
15:51:05  getdatalist
15:51:42  getdatalist
15:51:53  getdatalist
15:52:06  getdatalist
15:52:18  getdatalist
15:52:25  getdatalist
15:52:47  getdatalist
15:52:47  getdatalist
15:52:54  getdatalist
15:53:08  getdatalist
15:53:12  getdatalist
15:53:35  getdatalist
15:53:35  getdatalist
15:53:55  getdatalist
15:54:08  getdatalist
15:54:35  getdatalist
15:54:56  getdatalist
15:55:09  getdatalist
15:55:35  getdatalist
15:55:57  getdatalist
15:56:11  getdatalist
15:56:35  getdatalist
15:56:58  getdatalist
15:57:11  getdatalist
15:57:35  getdatalist
15:57:59  getdatalist
15:58:12  getdatalist
15:58:35  getdatalist
15:59:00  getdatalist
15:59:13  getdatalist
15:59:19  getdatalist
15:59:41  getdatalist
16:00:01  getdatalist
16:00:11  getdatalist
16:00:14  getdatalist
16:00:42  getdatalist
16:01:02  getdatalist
16:01:15  getdatalist
16:01:42  getdatalist
16:02:03  getdatalist
16:02:09  getdatalist
16:02:16  getdatalist
16:02:54  getbusparklist
16:02:54  getlinelist
16:02:55  getdatalist
16:03:04  getdatalist
16:03:09  getdatalist
16:03:17  getdatalist
16:03:55  getdatalist
16:04:05  getdatalist
16:04:09  getdatalist
16:04:18  getdatalist
16:04:55  getdatalist
16:05:06  getdatalist
16:05:09  getdatalist
16:05:14  getbusparklist
16:05:14  getlinelist
16:05:14  getdatalist
16:05:15  getbusparklist
16:05:15  getdatalist
16:05:19  getdatalist
16:05:20  getdatalist
16:05:55  getdatalist
16:06:07  getdatalist
16:06:20  getdatalist
16:06:20  getdatalist
16:07:08  getdatalist
16:07:20  getdatalist
16:07:21  getdatalist
16:07:49  getbusparklist
16:07:49  getlinelist
16:07:49  getdatalist
16:07:56  getdatalist
16:07:59  getdatalist
16:08:09  getdatalist
16:08:20  getdatalist
16:08:22  getdatalist
16:09:10  getdatalist
16:09:20  getdatalist
16:09:23  getdatalist
16:09:31  getdatalist
16:10:11  getdatalist
16:10:14  getdatalist
16:10:24  getdatalist
16:11:12  getdatalist
16:11:15  getdatalist
16:11:25  getdatalist
16:12:13  getdatalist
16:12:15  getdatalist
16:12:26  getdatalist
16:13:14  getdatalist
16:13:15  getdatalist
16:13:27  getdatalist
16:14:15  getdatalist
16:14:15  getdatalist
16:14:28  getdatalist
16:15:14  getdatalist
16:15:16  getdatalist
16:15:29  getdatalist
16:16:14  getdatalist
16:16:17  getdatalist
16:16:30  getdatalist
16:17:15  getdatalist
16:17:18  getdatalist
16:17:31  getdatalist
16:18:15  getdatalist
16:18:19  getdatalist
16:18:19  getdatalist
16:18:32  getdatalist
16:19:19  getdatalist
16:19:20  getdatalist
16:19:33  getdatalist
16:20:19  getdatalist
16:20:21  getdatalist
16:20:34  getdatalist
16:21:19  getdatalist
16:21:22  getdatalist
16:21:35  getdatalist
16:22:19  getdatalist
16:22:23  getdatalist
16:22:36  getdatalist
16:23:19  getdatalist
16:23:24  getdatalist
16:23:37  getdatalist
16:23:47  getdatalist
16:24:01  getdatalist
16:24:25  getdatalist
16:24:38  getdatalist
16:25:01  getdatalist
16:25:26  getdatalist
16:25:39  getdatalist
16:25:42  getdatalist
16:25:43  getdatalist
16:26:27  getdatalist
16:26:37  getdatalist
16:26:40  getdatalist
16:27:28  getdatalist
16:27:37  getdatalist
16:27:41  getdatalist
16:28:29  getdatalist
16:28:37  getdatalist
16:28:42  getdatalist
16:29:30  getdatalist
16:29:37  getdatalist
16:29:43  getdatalist
16:30:08  getdatalist
16:30:31  getdatalist
16:30:44  getdatalist
16:31:08  getdatalist
16:31:13  getdatalist
16:31:32  getdatalist
16:31:45  getdatalist
16:32:13  getdatalist
16:32:33  getdatalist
16:32:46  getdatalist
16:33:13  getdatalist
16:33:34  getdatalist
16:33:47  getdatalist
16:34:13  getdatalist
16:34:35  getdatalist
16:34:48  getdatalist
16:35:13  getdatalist
16:35:36  getdatalist
16:35:49  getdatalist
16:36:13  getdatalist
16:36:37  getdatalist
16:36:50  getdatalist
16:37:13  getdatalist
16:37:27  getdatalist
16:37:38  getdatalist
16:37:51  getdatalist
16:38:16  getdatalist
16:38:16  getdatalist
16:38:39  getdatalist
16:38:52  getdatalist
16:39:15  getdatalist
16:39:21  getdatalist
16:39:40  getdatalist
16:39:53  getdatalist
16:40:20  getdatalist
16:40:41  getdatalist
16:40:54  getdatalist
16:41:20  getdatalist
16:41:42  getdatalist
16:41:55  getdatalist
16:42:20  getdatalist
16:42:43  getdatalist
16:42:56  getdatalist
16:43:21  getdatalist
16:43:44  getdatalist
16:43:57  getdatalist
16:44:21  getdatalist
16:44:45  getdatalist
16:44:58  getdatalist
16:45:13  getlinelist
16:45:13  getbusparklist
16:45:17  getdatalist
16:45:20  getdatalist
16:45:27  getdatalist
16:45:46  getdatalist
16:45:59  getdatalist
16:46:01  getdatalist
16:46:21  getdatalist
16:46:25  getdatalist
16:46:47  getdatalist
16:46:57  getdatalist
16:47:00  getdatalist
16:47:04  getdatalist
16:47:04  getdatalist
16:47:48  getdatalist
16:47:57  getdatalist
16:48:01  getdatalist
16:48:04  getdatalist
16:48:49  getdatalist
16:48:57  getdatalist
16:49:02  getdatalist
16:49:04  getdatalist
16:49:50  getdatalist
16:49:57  getdatalist
16:50:03  getdatalist
16:50:04  getdatalist
16:50:51  getdatalist
16:50:57  getdatalist
16:51:04  getdatalist
16:51:04  getdatalist
16:51:52  getdatalist
16:51:56  getdatalist
16:52:04  getdatalist
16:52:05  getdatalist
16:52:53  getdatalist
16:52:56  getdatalist
16:53:04  getdatalist
16:53:06  getdatalist
16:53:54  getdatalist
16:53:56  getdatalist
16:54:04  getdatalist
16:54:07  getdatalist
16:54:55  getdatalist
16:54:56  getdatalist
16:55:04  getdatalist
16:55:08  getdatalist
16:55:20  getdatalist
16:55:56  getdatalist
16:55:56  getdatalist
16:56:03  getdatalist
16:56:09  getdatalist
16:56:56  getdatalist
16:56:57  getdatalist
16:57:10  getdatalist
16:57:26  getdatalist
16:57:56  getdatalist
16:57:58  getdatalist
16:58:03  getdatalist
16:58:11  getdatalist
16:58:57  getdatalist
16:58:59  getdatalist
16:59:03  getdatalist
16:59:12  getdatalist
16:59:58  getdatalist
17:00:00  getdatalist
17:00:03  getdatalist
17:00:13  getdatalist
17:00:59  getdatalist
17:01:01  getdatalist
17:01:03  getdatalist
17:01:14  getdatalist
17:02:00  getdatalist
17:02:02  getdatalist
17:02:03  getdatalist
17:02:15  getdatalist
17:03:01  getdatalist
17:03:03  getdatalist
17:03:03  getdatalist
17:03:16  getdatalist
17:04:03  getdatalist
17:04:04  getdatalist
17:04:04  getdatalist
17:04:17  getdatalist
17:05:03  getdatalist
17:05:04  getdatalist
17:05:05  getdatalist
17:05:18  getdatalist
17:06:03  getdatalist
17:06:04  getdatalist
17:06:06  getdatalist
17:06:19  getdatalist
17:07:03  getdatalist
17:07:06  getdatalist
17:07:07  getdatalist
17:07:20  getdatalist
17:08:03  getdatalist
17:08:07  getdatalist
17:08:08  getdatalist
17:08:21  getdatalist
17:09:03  getdatalist
17:09:07  getdatalist
17:09:09  getdatalist
17:09:22  getdatalist
17:10:03  getdatalist
17:10:09  getdatalist
17:10:10  getdatalist
17:10:23  getdatalist
17:11:03  getdatalist
17:11:11  getdatalist
17:11:24  getdatalist
17:12:03  getdatalist
17:12:11  getdatalist
17:12:12  getdatalist
17:12:25  getdatalist
17:13:03  getdatalist
17:13:11  getdatalist
17:13:13  getdatalist
17:13:26  getdatalist
17:14:03  getdatalist
17:14:14  getdatalist
17:14:27  getdatalist
17:15:03  getdatalist
17:15:15  getdatalist
17:15:28  getdatalist
17:16:03  getdatalist
17:16:16  getdatalist
17:16:29  getdatalist
17:17:03  getdatalist
17:17:17  getdatalist
17:17:30  getdatalist
17:18:03  getdatalist
17:18:18  getdatalist
17:18:31  getdatalist
17:19:03  getdatalist
17:19:19  getdatalist
17:19:32  getdatalist
17:20:03  getdatalist
17:20:20  getdatalist
17:20:33  getdatalist
17:21:03  getdatalist
17:21:21  getdatalist
17:21:34  getdatalist
17:22:03  getdatalist
17:22:22  getdatalist
17:22:35  getdatalist
17:23:03  getdatalist
17:23:23  getdatalist
17:23:36  getdatalist
17:24:03  getdatalist
17:24:24  getdatalist
17:24:37  getdatalist
17:25:03  getdatalist
17:25:25  getdatalist
17:25:38  getdatalist
17:26:03  getdatalist
17:26:26  getdatalist
17:26:39  getdatalist
17:27:03  getdatalist
17:27:27  getdatalist
17:27:40  getdatalist
17:28:03  getdatalist
17:28:28  getdatalist
17:28:41  getdatalist
17:29:03  getdatalist
17:29:29  getdatalist
17:29:42  getdatalist
17:30:30  getdatalist
17:30:43  getdatalist
17:31:31  getdatalist
17:31:44  getdatalist
17:32:32  getdatalist
17:32:45  getdatalist
17:33:33  getdatalist
17:33:46  getdatalist
17:34:34  getdatalist
17:34:47  getdatalist
17:35:35  getdatalist
17:35:48  getdatalist
17:36:36  getdatalist
17:36:49  getdatalist
17:37:37  getdatalist
17:37:50  getdatalist
17:38:38  getdatalist
17:38:51  getdatalist
17:39:39  getdatalist
17:39:52  getdatalist
17:40:40  getdatalist
17:40:53  getdatalist
17:41:41  getdatalist
17:41:54  getdatalist
17:42:42  getdatalist
17:42:55  getdatalist
17:43:43  getdatalist
17:43:56  getdatalist
17:44:44  getdatalist
17:44:57  getdatalist
17:45:45  getdatalist
17:45:58  getdatalist
17:46:46  getdatalist
17:46:59  getdatalist
17:47:47  getdatalist
17:48:00  getdatalist
17:48:48  getdatalist
17:49:01  getdatalist
17:49:49  getdatalist
17:50:02  getdatalist
17:50:50  getdatalist
17:51:03  getdatalist
17:51:51  getdatalist
17:52:04  getdatalist
17:52:52  getdatalist
17:53:05  getdatalist
17:53:53  getdatalist
17:54:06  getdatalist
17:54:54  getdatalist
17:55:07  getdatalist
17:55:55  getdatalist
17:56:08  getdatalist
17:56:56  getdatalist
17:57:09  getdatalist
17:57:57  getdatalist
17:58:10  getdatalist
17:58:58  getdatalist
17:59:11  getdatalist
17:59:59  getdatalist
18:00:12  getdatalist
18:01:00  getdatalist
18:01:13  getdatalist
18:02:01  getdatalist
18:02:14  getdatalist
18:03:02  getdatalist
18:03:15  getdatalist
18:04:03  getdatalist
18:04:16  getdatalist
18:05:04  getdatalist
18:05:17  getdatalist
18:06:05  getdatalist
18:06:18  getdatalist
18:07:06  getdatalist
18:07:19  getdatalist
18:08:07  getdatalist
18:08:20  getdatalist
18:09:08  getdatalist
18:09:21  getdatalist
18:10:09  getdatalist
18:10:22  getdatalist
18:11:10  getdatalist
18:11:23  getdatalist
18:12:11  getdatalist
18:12:24  getdatalist
18:13:12  getdatalist
18:13:25  getdatalist
18:14:13  getdatalist
18:14:26  getdatalist
18:15:14  getdatalist
18:15:27  getdatalist
18:16:15  getdatalist
18:16:28  getdatalist
18:17:16  getdatalist
18:17:29  getdatalist
18:18:17  getdatalist
18:18:30  getdatalist
18:19:18  getdatalist
18:19:31  getdatalist
18:20:19  getdatalist
18:20:32  getdatalist
18:21:20  getdatalist
18:21:33  getdatalist
18:22:21  getdatalist
18:22:34  getdatalist
18:23:22  getdatalist
18:23:35  getdatalist
18:24:23  getdatalist
18:24:36  getdatalist
18:25:24  getdatalist
18:25:37  getdatalist
18:26:25  getdatalist
18:26:38  getdatalist
18:27:26  getdatalist
18:27:39  getdatalist
18:28:27  getdatalist
18:28:40  getdatalist
18:29:28  getdatalist
18:29:41  getdatalist
18:30:29  getdatalist
18:30:42  getdatalist
18:31:30  getdatalist
18:31:43  getdatalist
18:32:31  getdatalist
18:32:44  getdatalist
18:33:32  getdatalist
18:33:45  getdatalist
18:34:33  getdatalist
18:34:46  getdatalist
18:35:34  getdatalist
18:35:47  getdatalist
18:36:35  getdatalist
18:36:48  getdatalist
18:37:36  getdatalist
18:37:49  getdatalist
18:38:37  getdatalist
18:38:50  getdatalist
18:39:38  getdatalist
18:39:51  getdatalist
18:40:39  getdatalist
18:40:52  getdatalist
18:41:40  getdatalist
18:41:53  getdatalist
18:42:41  getdatalist
18:42:54  getdatalist
18:43:42  getdatalist
18:43:55  getdatalist
18:44:43  getdatalist
18:44:56  getdatalist
18:45:44  getdatalist
18:45:57  getdatalist
18:46:45  getdatalist
18:46:58  getdatalist
18:47:46  getdatalist
18:47:59  getdatalist
18:48:47  getdatalist
18:49:00  getdatalist
18:49:48  getdatalist
18:50:01  getdatalist
18:50:49  getdatalist
18:51:02  getdatalist
18:51:50  getdatalist
18:52:03  getdatalist
18:52:51  getdatalist
18:53:04  getdatalist
18:53:52  getdatalist
18:54:05  getdatalist
18:54:53  getdatalist
18:55:06  getdatalist
18:55:54  getdatalist
18:56:07  getdatalist
18:56:55  getdatalist
18:57:08  getdatalist
18:57:56  getdatalist
18:58:09  getdatalist
18:58:57  getdatalist
18:59:10  getdatalist
18:59:58  getdatalist
19:00:11  getdatalist
19:00:59  getdatalist
19:01:12  getdatalist
19:02:00  getdatalist
19:02:13  getdatalist
19:03:01  getdatalist
19:03:14  getdatalist
19:03:51  getlinelist
19:03:56  getdatalist
19:03:59  getdatalist
19:04:02  getdatalist
19:04:15  getdatalist
19:04:59  getdatalist
19:05:03  getdatalist
19:05:16  getdatalist
19:05:59  getdatalist
19:06:04  getdatalist
19:06:17  getdatalist
19:06:59  getdatalist
19:07:05  getdatalist
19:07:18  getdatalist
19:07:59  getdatalist
19:08:06  getdatalist
19:08:19  getdatalist
19:08:59  getdatalist
19:09:07  getdatalist
19:09:20  getdatalist
19:09:59  getdatalist
19:10:08  getdatalist
19:10:21  getdatalist
19:10:59  getdatalist
19:11:09  getdatalist
19:11:22  getdatalist
19:11:59  getdatalist
19:12:09  getdatalist
19:12:23  getdatalist
19:12:59  getdatalist
19:13:10  getdatalist
19:13:23  getdatalist
19:13:59  getdatalist
19:14:11  getdatalist
19:14:24  getdatalist
19:14:59  getdatalist
19:15:12  getdatalist
19:15:25  getdatalist
19:15:59  getdatalist
19:16:13  getdatalist
19:16:26  getdatalist
19:16:59  getdatalist
19:17:14  getdatalist
19:17:27  getdatalist
19:17:59  getdatalist
19:18:15  getdatalist
19:18:28  getdatalist
19:18:59  getdatalist
19:19:16  getdatalist
19:19:29  getdatalist
19:19:59  getdatalist
19:20:17  getdatalist
19:20:30  getdatalist
19:20:59  getdatalist
19:21:18  getdatalist
19:21:31  getdatalist
19:21:59  getdatalist
19:22:19  getdatalist
19:22:32  getdatalist
19:22:59  getdatalist
19:23:20  getdatalist
19:23:33  getdatalist
19:23:59  getdatalist
19:24:21  getdatalist
19:24:34  getdatalist
19:24:59  getdatalist
19:25:22  getdatalist
19:25:35  getdatalist
19:25:59  getdatalist
19:26:23  getdatalist
19:26:36  getdatalist
19:26:59  getdatalist
19:27:24  getdatalist
19:27:37  getdatalist
19:27:59  getdatalist
19:28:25  getdatalist
19:28:39  getdatalist
19:28:59  getdatalist
19:29:26  getdatalist
19:29:39  getdatalist
19:29:59  getdatalist
19:30:27  getdatalist
19:30:40  getdatalist
19:30:59  getdatalist
19:31:28  getdatalist
19:31:42  getdatalist
19:31:59  getdatalist
19:32:29  getdatalist
19:32:42  getdatalist
19:32:59  getdatalist
19:33:30  getdatalist
19:33:43  getdatalist
19:33:59  getdatalist
19:34:31  getdatalist
19:34:44  getdatalist
19:34:59  getdatalist
19:35:32  getdatalist
19:35:45  getdatalist
19:35:59  getdatalist
19:36:12  getbusparklist
19:36:12  getlinelist
19:36:12  getdatalist
19:36:33  getdatalist
19:36:46  getdatalist
19:37:12  getdatalist
19:37:34  getdatalist
19:37:47  getdatalist
19:38:35  getdatalist
19:38:48  getdatalist
19:39:36  getdatalist
19:39:49  getdatalist
19:40:37  getdatalist
19:40:50  getdatalist
19:41:38  getdatalist
19:41:51  getdatalist
19:42:39  getdatalist
19:42:52  getdatalist
19:43:40  getdatalist
19:43:53  getdatalist
19:44:41  getdatalist
19:44:54  getdatalist
19:45:42  getdatalist
19:45:55  getdatalist
19:46:43  getdatalist
19:46:56  getdatalist
19:47:44  getdatalist
19:47:57  getdatalist
19:48:45  getdatalist
19:48:58  getdatalist
19:49:46  getdatalist
19:49:59  getdatalist
19:50:47  getdatalist
19:51:00  getdatalist
19:51:48  getdatalist
19:52:01  getdatalist
19:52:49  getdatalist
19:53:02  getdatalist
19:53:50  getdatalist
19:54:04  getdatalist
19:54:51  getdatalist
19:55:04  getdatalist
19:55:52  getdatalist
19:56:05  getdatalist
19:56:53  getdatalist
19:57:06  getdatalist
19:57:54  getdatalist
19:58:07  getdatalist
19:58:55  getdatalist
19:59:08  getdatalist
19:59:56  getdatalist
20:00:09  getdatalist
20:00:57  getdatalist
20:01:10  getdatalist
20:01:58  getdatalist
20:02:11  getdatalist
20:02:59  getdatalist
20:03:12  getdatalist
20:04:00  getdatalist
20:04:13  getdatalist
20:05:01  getdatalist
20:05:14  getdatalist
20:06:02  getdatalist
20:06:15  getdatalist
20:07:03  getdatalist
20:07:16  getdatalist
20:08:04  getdatalist
20:08:17  getdatalist
20:09:05  getdatalist
20:09:18  getdatalist
20:10:06  getdatalist
20:10:19  getdatalist
20:11:07  getdatalist
20:11:20  getdatalist
20:12:08  getdatalist
20:12:21  getdatalist
20:13:09  getdatalist
20:13:22  getdatalist
20:14:10  getdatalist
20:14:23  getdatalist
20:15:11  getdatalist
20:15:24  getdatalist
20:16:12  getdatalist
20:16:25  getdatalist
20:17:13  getdatalist
20:17:26  getdatalist
20:18:14  getdatalist
20:18:28  getdatalist
20:19:15  getdatalist
20:19:28  getdatalist
20:20:16  getdatalist
20:20:29  getdatalist
20:21:17  getdatalist
20:21:30  getdatalist
20:22:18  getdatalist
20:22:31  getdatalist
20:23:19  getdatalist
20:23:32  getdatalist
20:24:20  getdatalist
20:24:33  getdatalist
20:25:21  getdatalist
20:25:34  getdatalist
20:26:22  getdatalist
20:26:35  getdatalist
20:27:23  getdatalist
20:27:36  getdatalist
20:28:24  getdatalist
20:28:37  getdatalist
20:29:25  getdatalist
20:29:38  getdatalist
20:30:26  getdatalist
20:30:39  getdatalist
20:31:27  getdatalist
20:31:40  getdatalist
20:32:28  getdatalist
20:32:41  getdatalist
20:33:29  getdatalist
20:33:42  getdatalist
20:34:30  getdatalist
20:34:43  getdatalist
20:35:31  getdatalist
20:35:44  getdatalist
20:36:32  getdatalist
20:36:45  getdatalist
20:37:33  getdatalist
20:37:46  getdatalist
20:38:34  getdatalist
20:38:47  getdatalist
20:39:35  getdatalist
20:39:48  getdatalist
20:40:36  getdatalist
20:40:49  getdatalist
20:41:37  getdatalist
20:41:50  getdatalist
20:42:38  getdatalist
20:42:51  getdatalist
20:43:39  getdatalist
20:43:52  getdatalist
20:44:40  getdatalist
20:44:53  getdatalist
20:45:41  getdatalist
20:45:54  getdatalist
20:46:42  getdatalist
20:46:55  getdatalist
20:47:43  getdatalist
20:47:56  getdatalist
20:48:44  getdatalist
20:48:57  getdatalist
20:49:45  getdatalist
20:49:58  getdatalist
20:50:46  getdatalist
20:50:59  getdatalist
20:51:47  getdatalist
20:52:00  getdatalist
20:52:48  getdatalist
20:53:01  getdatalist
20:53:49  getdatalist
20:54:02  getdatalist
20:54:50  getdatalist
20:55:03  getdatalist
20:55:51  getdatalist
20:56:04  getdatalist
20:56:52  getdatalist
20:57:05  getdatalist
20:57:53  getdatalist
20:58:06  getdatalist
20:58:54  getdatalist
20:59:07  getdatalist
20:59:55  getdatalist
21:00:08  getdatalist
21:00:56  getdatalist
21:01:09  getdatalist
21:01:57  getdatalist
21:02:10  getdatalist
21:02:58  getdatalist
21:03:11  getdatalist
21:03:59  getdatalist
21:04:12  getdatalist
21:05:00  getdatalist
21:05:13  getdatalist
21:06:01  getdatalist
21:06:14  getdatalist
21:07:02  getdatalist
21:07:15  getdatalist
21:08:03  getdatalist
21:08:16  getdatalist
21:09:04  getdatalist
21:09:17  getdatalist
21:10:05  getdatalist
21:10:18  getdatalist
21:11:06  getdatalist
21:11:19  getdatalist
21:12:07  getdatalist
21:12:20  getdatalist
21:13:08  getdatalist
21:13:21  getdatalist
21:14:09  getdatalist
21:14:22  getdatalist
21:15:10  getdatalist
21:15:23  getdatalist
21:16:11  getdatalist
21:16:24  getdatalist
21:17:12  getdatalist
21:17:25  getdatalist
21:18:13  getdatalist
21:18:26  getdatalist
21:19:14  getdatalist
21:19:27  getdatalist
21:20:15  getdatalist
21:20:28  getdatalist
21:21:16  getdatalist
21:21:29  getdatalist
21:22:17  getdatalist
21:22:30  getdatalist
21:23:18  getdatalist
21:23:31  getdatalist
21:24:19  getdatalist
21:24:32  getdatalist
21:25:20  getdatalist
21:25:33  getdatalist
21:26:21  getdatalist
21:26:34  getdatalist
21:27:22  getdatalist
21:27:35  getdatalist
21:28:23  getdatalist
21:28:36  getdatalist
21:29:24  getdatalist
21:29:37  getdatalist
21:30:25  getdatalist
21:30:38  getdatalist
21:31:26  getdatalist
21:31:39  getdatalist
21:32:27  getdatalist
21:32:40  getdatalist
21:33:28  getdatalist
21:33:41  getdatalist
21:34:29  getdatalist
21:34:42  getdatalist
21:35:30  getdatalist
21:35:43  getdatalist
21:36:31  getdatalist
21:36:44  getdatalist
21:37:32  getdatalist
21:37:45  getdatalist
21:38:33  getdatalist
21:38:46  getdatalist
21:39:34  getdatalist
21:39:47  getdatalist
21:40:35  getdatalist
21:40:48  getdatalist
21:41:36  getdatalist
21:41:49  getdatalist
21:42:37  getdatalist
21:42:50  getdatalist
21:43:38  getdatalist
21:43:51  getdatalist
21:44:39  getdatalist
21:44:52  getdatalist
21:45:40  getdatalist
21:45:53  getdatalist
21:46:41  getdatalist
21:46:54  getdatalist
21:47:42  getdatalist
21:47:55  getdatalist
21:48:43  getdatalist
21:48:56  getdatalist
21:49:44  getdatalist
21:49:57  getdatalist
21:50:45  getdatalist
21:50:58  getdatalist
21:51:46  getdatalist
21:51:59  getdatalist
21:52:47  getdatalist
21:53:00  getdatalist
21:53:48  getdatalist
21:54:01  getdatalist
21:54:49  getdatalist
21:55:02  getdatalist
21:55:50  getdatalist
21:56:03  getdatalist
21:56:51  getdatalist
21:57:04  getdatalist
21:57:52  getdatalist
21:58:05  getdatalist
21:58:53  getdatalist
21:59:06  getdatalist
21:59:54  getdatalist
22:00:07  getdatalist
22:00:25  getdatalist
22:00:55  getdatalist
22:01:08  getdatalist
22:01:13  getdatalist
22:01:25  getdatalist
22:01:57  getdatalist
22:02:09  getdatalist
22:02:10  getdatalist
22:02:28  getdatalist
22:02:58  getdatalist
22:03:11  getdatalist
22:03:29  getdatalist
22:03:59  getdatalist
22:04:12  getdatalist
22:04:27  getdatalist
22:05:00  getdatalist
22:05:13  getdatalist
22:05:29  getdatalist
22:06:01  getdatalist
22:06:14  getdatalist
22:07:02  getdatalist
22:07:15  getdatalist
22:07:34  getdatalist
22:08:03  getdatalist
22:08:16  getdatalist
22:08:22  getdatalist
22:09:04  getdatalist
22:09:17  getdatalist
22:10:05  getdatalist
22:10:18  getdatalist
22:10:37  getdatalist
22:11:06  getdatalist
22:11:19  getdatalist
22:11:24  getdatalist
22:12:07  getdatalist
22:12:20  getdatalist
22:13:08  getdatalist
22:13:21  getdatalist
22:14:09  getdatalist
22:14:22  getdatalist
22:14:26  getdatalist
22:14:41  getdatalist
22:15:10  getdatalist
22:15:23  getdatalist
22:15:24  getdatalist
22:15:40  getdatalist
22:16:11  getdatalist
22:16:24  getdatalist
22:16:33  getdatalist
22:17:12  getdatalist
22:17:25  getdatalist
22:18:13  getdatalist
22:18:26  getdatalist
22:18:30  getdatalist
22:18:32  getbusparklist
22:18:36  getdatalist
22:18:44  getdatalist
22:18:49  getlinelist
22:18:50  getbusparklist
22:19:14  getdatalist
22:19:27  getdatalist
22:19:30  getdatalist
22:19:36  getdatalist
22:19:44  getdatalist
22:19:54  getdatalist
22:20:15  getdatalist
22:20:28  getdatalist
22:20:31  getdatalist
22:20:36  getdatalist
22:21:16  getdatalist
22:21:29  getdatalist
22:21:36  getdatalist
22:21:45  getdatalist
22:21:54  getdatalist
22:22:17  getdatalist
22:22:27  getdatalist
22:22:30  getdatalist
22:22:36  getdatalist
22:22:39  getdatalist
22:22:51  getdatalist
22:23:18  getdatalist
22:23:31  getdatalist
22:23:35  getdatalist
22:23:36  getdatalist
22:23:40  getdatalist
22:23:53  getdatalist
22:24:19  getdatalist
22:24:32  getdatalist
22:24:37  getdatalist
22:25:20  getdatalist
22:25:29  getdatalist
22:25:33  getdatalist
22:25:51  getdatalist
22:26:21  getdatalist
22:26:34  getdatalist
22:26:50  getdatalist
22:27:22  getdatalist
22:27:35  getdatalist
22:27:51  getdatalist
22:28:23  getdatalist
22:28:36  getdatalist
22:28:41  getdatalist
22:28:50  getdatalist
22:28:51  getdatalist
22:28:51  getdatalist
22:28:53  getdatalist
22:29:24  getdatalist
22:29:37  getdatalist
22:29:55  getdatalist
22:30:25  getdatalist
22:30:38  getdatalist
22:30:43  getdatalist
22:31:26  getdatalist
22:31:39  getdatalist
22:31:48  getdatalist
22:32:27  getdatalist
22:32:40  getdatalist
22:32:59  getdatalist
22:33:28  getdatalist
22:33:41  getdatalist
22:33:45  getdatalist
22:34:29  getdatalist
22:34:38  getdatalist
22:34:42  getdatalist
22:35:30  getdatalist
22:35:43  getdatalist
22:35:46  getdatalist
22:35:59  getdatalist
22:36:31  getdatalist
22:36:44  getdatalist
22:37:00  getdatalist
22:37:32  getdatalist
22:37:45  getdatalist
22:37:47  getdatalist
22:38:04  getdatalist
22:38:33  getdatalist
22:38:46  getdatalist
22:39:05  getdatalist
22:39:34  getdatalist
22:39:47  getdatalist
22:40:07  getdatalist
22:40:35  getdatalist
22:40:48  getdatalist
22:40:51  getdatalist
22:41:04  getdatalist
22:41:36  getdatalist
22:41:49  getdatalist
22:42:37  getdatalist
22:42:50  getdatalist
22:42:54  getdatalist
22:43:38  getdatalist
22:43:51  getdatalist
22:44:08  getdatalist
22:44:39  getdatalist
22:44:52  getdatalist
22:45:07  getdatalist
22:45:40  getdatalist
22:45:53  getdatalist
22:46:02  getdatalist
22:46:41  getdatalist
22:46:54  getdatalist
22:47:42  getdatalist
22:47:55  getdatalist
22:48:04  getdatalist
22:48:43  getdatalist
22:48:56  getdatalist
22:48:59  getdatalist
22:49:44  getdatalist
22:49:53  getdatalist
22:49:57  getdatalist
22:50:16  getdatalist
22:50:44  getdatalist
22:50:57  getdatalist
22:51:07  getdatalist
22:51:45  getdatalist
22:51:58  getdatalist
22:52:01  getdatalist
22:52:46  getdatalist
22:52:59  getdatalist
22:53:04  getdatalist
22:53:19  getdatalist
22:53:47  getdatalist
22:54:00  getdatalist
22:54:19  getdatalist
22:54:48  getdatalist
22:55:01  getdatalist
22:55:49  getdatalist
22:56:02  getdatalist
22:56:06  getdatalist
22:56:50  getdatalist
22:57:00  getdatalist
22:57:03  getdatalist
22:57:06  getdatalist
22:57:09  getdatalist
22:57:09  getdatalist
22:57:51  getdatalist
22:58:04  getdatalist
22:58:52  getdatalist
22:59:05  getdatalist
22:59:11  getdatalist
22:59:20  getdatalist
22:59:53  getdatalist
23:00:06  getdatalist
23:00:12  getdatalist
23:00:25  getdatalist
23:00:54  getdatalist
23:01:07  getdatalist
23:01:23  getdatalist
23:01:55  getdatalist
23:02:08  getdatalist
23:02:10  getdatalist
23:02:25  getdatalist
23:02:56  getdatalist
23:03:09  getdatalist
23:03:57  getdatalist
23:04:10  getdatalist
23:04:15  getdatalist
23:04:59  getdatalist
23:05:12  getdatalist
23:05:15  getdatalist
23:06:00  getdatalist
23:06:13  getdatalist
23:06:28  getdatalist
23:07:01  getdatalist
23:07:14  getdatalist
23:07:32  getdatalist
23:08:02  getdatalist
23:08:11  getdatalist
23:08:15  getdatalist
23:08:24  getdatalist
23:09:03  getdatalist
23:09:16  getdatalist
23:09:17  getdatalist
23:09:32  getdatalist
23:10:04  getdatalist
23:10:17  getdatalist
23:10:21  getdatalist
23:10:34  getdatalist
23:11:05  getdatalist
23:11:18  getdatalist
23:11:22  getdatalist
23:11:33  getdatalist
23:12:06  getdatalist
23:12:19  getdatalist
23:12:21  getdatalist
23:12:35  getdatalist
23:13:07  getdatalist
23:13:20  getdatalist
23:13:35  getdatalist
23:14:08  getdatalist
23:14:21  getdatalist
23:15:09  getdatalist
23:15:22  getdatalist
23:15:24  getdatalist
23:15:39  getdatalist
23:16:10  getdatalist
23:16:23  getdatalist
23:16:41  getdatalist
23:17:11  getdatalist
23:17:24  getdatalist
23:17:25  getdatalist
23:17:39  getdatalist
23:18:12  getdatalist
23:18:25  getdatalist
23:18:29  getdatalist
23:19:13  getdatalist
23:19:26  getdatalist
23:20:14  getdatalist
23:20:27  getdatalist
23:20:30  getdatalist
23:20:42  getdatalist
23:21:14  getdatalist
23:21:27  getdatalist
23:22:15  getdatalist
23:22:28  getdatalist
23:23:16  getdatalist
23:23:29  getdatalist
23:23:34  getdatalist
23:24:17  getdatalist
23:24:30  getdatalist
23:24:36  getdatalist
23:24:40  getdatalist
23:25:18  getdatalist
23:25:31  getdatalist
23:26:19  getdatalist
23:26:32  getdatalist
23:26:34  getdatalist
23:27:20  getdatalist
23:27:33  getdatalist
23:28:21  getdatalist
23:28:34  getdatalist
23:28:36  getdatalist
23:28:37  getdatalist
23:28:38  getdatalist
23:28:40  getdatalist
23:28:44  getdatalist
23:29:22  getdatalist
23:29:35  getdatalist
23:30:23  getdatalist
23:30:36  getdatalist
23:30:38  getdatalist
23:30:53  getdatalist
23:31:24  getdatalist
23:31:37  getdatalist
23:31:43  getdatalist
23:31:53  getdatalist
23:32:25  getdatalist
23:32:38  getdatalist
23:32:41  getdatalist
23:32:57  getdatalist
23:33:26  getdatalist
23:33:39  getdatalist
23:33:45  getdatalist
23:33:55  getdatalist
23:34:27  getdatalist
23:34:40  getdatalist
23:34:50  getdatalist
23:35:28  getdatalist
23:35:41  getdatalist
23:36:00  getdatalist
23:36:29  getdatalist
23:36:42  getdatalist
23:36:49  getdatalist
23:36:52  getdatalist
23:36:57  getdatalist
23:36:59  getdatalist
23:37:00  getdatalist
23:37:30  getdatalist
23:37:43  getdatalist
23:37:47  getdatalist
23:38:31  getdatalist
23:38:44  getdatalist
23:39:32  getdatalist
23:39:45  getdatalist
23:40:03  getdatalist
23:40:34  getdatalist
23:40:47  getdatalist
23:41:02  getdatalist
23:41:35  getdatalist
23:41:48  getdatalist
23:42:36  getdatalist
23:42:49  getdatalist
23:42:51  getdatalist
23:43:06  getdatalist
23:43:37  getdatalist
23:43:50  getdatalist
23:43:53  getdatalist
23:44:38  getdatalist
23:44:51  getdatalist
23:44:53  getdatalist
23:45:00  getdatalist
23:45:39  getdatalist
23:45:52  getdatalist
23:45:57  getdatalist
23:46:09  getdatalist
23:46:40  getdatalist
23:46:53  getdatalist
23:46:57  getdatalist
23:47:41  getdatalist
23:47:54  getdatalist
23:48:42  getdatalist
23:48:55  getdatalist
23:49:13  getdatalist
23:49:43  getdatalist
23:49:56  getdatalist
23:50:01  getdatalist
23:50:11  getdatalist
23:50:12  getdatalist
23:50:12  getdatalist
23:50:14  getdatalist
23:50:44  getdatalist
23:50:57  getdatalist
23:50:58  getdatalist
23:51:14  getdatalist
23:51:15  getdatalist
23:51:15  getdatalist
23:51:15  getdatalist
23:51:45  getdatalist
23:51:58  getdatalist
23:52:00  getdatalist
23:52:45  getdatalist
23:52:58  getdatalist
23:53:04  getdatalist
23:53:47  getdatalist
23:53:59  getdatalist
23:54:48  getdatalist
23:55:01  getdatalist
23:55:03  getdatalist
23:55:06  getdatalist
23:55:07  getdatalist
23:55:07  getdatalist
23:55:49  getdatalist
23:56:02  getdatalist
23:56:49  getdatalist
23:57:02  getdatalist
23:57:17  getdatalist
23:57:50  getdatalist
23:58:03  getdatalist
23:58:51  getdatalist
23:59:04  getdatalist
23:59:52  getdatalist
