18:17:16  login
18:17:18  getbusparklist
18:17:19  getlinelist
18:17:19  getdatalist
18:19:07  getbusparklist
18:19:36  getlinelist
18:19:36  getdatalist
18:19:36  getbusparklist
18:20:07  getdatalist
18:20:09  getdatalist
19:12:59  getdatalist
19:12:59  getbusparklist
19:12:59  getlinelist
19:12:59  getdatalist
19:13:14  
19:13:14  getdatalist
19:13:44  
19:13:44  getdatalist
19:13:46  getbusparklist
19:13:47  getlinelist
19:13:47  getdatalist
19:13:56  getdatalist
19:14:10  getbusparklist
19:14:11  getlinelist
19:14:11  getdatalist
19:14:15  
19:14:15  getdatalist
19:14:57  
19:14:57  getdatalist
19:15:11  getdatalist
19:15:16  
19:15:16  getdatalist
19:15:31  getlinelist
19:15:31  getdatalist
19:15:31  getbusparklist
19:15:39  getlinelist
19:15:39  getdatalist
19:15:40  getbusparklist
19:15:46  getbusparklist
19:15:47  getlinelist
19:15:47  getdatalist
19:15:52  getbusparklist
19:15:53  getlinelist
19:15:58  
19:15:58  getdatalist
19:16:03  
19:16:03  getdatalist
19:16:17  getdatalist
19:16:52  getbusparklist
19:16:52  getlinelist
19:16:52  getdatalist
19:17:01  getbusparklist
19:17:01  
19:17:01  getdatalist
19:17:01  getbusparklist
19:17:02  getlinelist
19:17:02  getlinelist
19:17:02  getdatalist
19:17:03  getbusparklist
19:17:04  getlinelist
19:17:04  getdatalist
19:17:18  
19:17:18  getdatalist
19:17:41  getbusparklist
19:17:41  getlinelist
19:17:41  getdatalist
19:17:43  getlinelist
19:17:43  getdatalist
19:17:44  getbusparklist
19:18:00  
19:18:00  getdatalist
19:18:19  
19:18:19  getdatalist
19:18:43  getdatalist
19:19:01  
19:19:01  getdatalist
19:19:20  
19:19:20  getdatalist
19:19:25  getbusparklist
19:19:26  getlinelist
19:19:26  参数不正确
19:19:26  
19:19:26  getdatalist
19:19:28  参数不正确
19:19:28  
19:19:28  getdatalist
19:19:32  getbusparklist
19:19:33  getlinelist
19:19:33  参数不正确
19:19:33  
19:19:33  getdatalist
19:19:39  getbusparklist
19:19:39  getlinelist
19:19:39  参数不正确
19:19:39  
19:19:39  getdatalist
19:19:46  参数不正确
19:19:46  
19:19:46  getdatalist
19:20:02  getdatalist
19:20:21  
19:20:21  getdatalist
19:20:46  参数不正确
19:20:46  
19:20:46  getdatalist
19:28:42  '>' 附近有语法错误。
19:28:42  参数不正确
19:28:43  
19:28:43  getdatalist
19:28:43  
19:28:43  getdatalist
19:28:43  参数不正确
19:28:43  
19:28:43  getdatalist
19:28:43  参数不正确
19:28:43  
19:28:43  getdatalist
19:28:43  参数不正确
19:28:51  
19:28:51  getdatalist
19:28:51  
19:28:51  getdatalist
19:28:51  
19:28:51  getdatalist
19:28:51  getdatalist
19:28:51  getdatalist
19:28:51  
19:28:51  getdatalist
19:28:51  
19:28:51  getdatalist
19:30:00  '>' 附近有语法错误。
19:30:00  
19:30:00  getdatalist
19:30:00  getdatalist
19:30:00  参数不正确
19:30:00  
19:30:00  getdatalist
19:30:00  getdatalist
19:30:00  
19:30:00  getdatalist
19:30:00  参数不正确
19:30:00  
19:30:00  getdatalist
19:30:00  参数不正确
19:30:01  getdatalist
19:30:01  
19:30:01  getdatalist
19:30:01  
19:30:01  getdatalist
19:30:01  
19:30:01  getdatalist
19:30:01  
19:30:01  getdatalist
19:30:01  参数不正确
19:30:01  
19:30:01  getdatalist
19:30:01  参数不正确
19:30:01  
19:30:01  getdatalist
19:30:01  
19:30:01  getdatalist
19:30:01  参数不正确
19:30:01  
19:30:01  getdatalist
19:30:01  
19:30:01  getdatalist
19:30:01  参数不正确
19:30:01  
19:30:01  getdatalist
19:30:05  getbusparklist
19:30:05  getlinelist
19:30:05  参数不正确
19:30:05  
19:30:05  getdatalist
19:30:16  getdatalist
19:30:24  参数不正确
19:30:24  
19:30:24  getdatalist
19:30:28  getbusparklist
19:30:29  getlinelist
19:30:42  参数不正确
19:30:42  
19:30:42  getdatalist
19:30:48  
19:30:48  getdatalist
19:30:58  getbusparklist
19:30:59  getlinelist
19:30:59  参数不正确
19:30:59  
19:30:59  getdatalist
19:31:05  参数不正确
19:31:05  
19:31:05  getdatalist
19:31:08  getbusparklist
19:31:08  getbusparklist
19:31:09  getbusparklist
19:31:09  getbusparklist
19:31:09  getlinelist
19:31:09  getlinelist
19:31:09  getlinelist
19:31:09  getlinelist
19:31:09  参数不正确
19:31:09  
19:31:09  getdatalist
19:31:21  getdatalist
19:31:30  getbusparklist
19:31:31  getbusparklist
19:31:31  getlinelist
19:31:31  getlinelist
19:31:31  getbusparklist
19:31:40  
19:31:40  getdatalist
19:31:40  getlinelist
19:31:40  参数不正确
19:31:40  
19:31:40  getdatalist
19:31:41  getlinelist
19:31:41  参数不正确
19:31:41  
19:31:41  getdatalist
19:31:42  getbusparklist
19:32:03  getbusparklist
19:32:03  getlinelist
19:32:09  
19:32:09  getdatalist
19:32:41  getdatalist
19:32:41  参数不正确
19:32:41  
19:32:41  getdatalist
19:32:41  参数不正确
19:32:41  
19:32:41  getdatalist
19:32:44  
19:32:44  getdatalist
19:33:28  getdatalist
19:34:12  参数不正确
19:34:12  
19:34:12  getdatalist
19:34:14  
19:34:14  getdatalist
19:34:16  参数不正确
19:34:16  
19:34:16  getdatalist
19:34:16  参数不正确
19:34:16  
19:34:16  getdatalist
19:34:24  
19:34:24  getdatalist
19:34:24  getbusparklist
19:34:25  getlinelist
19:34:25  getdatalist
19:34:29  getbusparklist
19:34:29  getlinelist
19:34:29  getdatalist
19:34:35  参数不正确
19:34:35  
19:34:35  getdatalist
19:34:44  
19:34:44  getdatalist
19:34:51  getbusparklist
19:34:52  getlinelist
19:35:17  getdatalist
19:35:18  参数不正确
19:35:18  
19:35:18  getdatalist
19:35:36  参数不正确
19:35:36  
19:35:36  getdatalist
19:35:45  
19:35:45  getdatalist
19:35:52  getdatalist
19:35:55  getbusparklist
19:35:55  getlinelist
19:35:55  getdatalist
19:36:08  getbusparklist
19:36:08  getlinelist
19:36:08  getdatalist
19:36:18  参数不正确
19:36:18  
19:36:18  getdatalist
19:36:35  getbusparklist
19:36:35  getlinelist
19:36:37  参数不正确
19:36:37  
19:36:37  getdatalist
19:36:40  
19:36:40  getdatalist
19:36:46  getdatalist
19:36:54  getbusparklist
19:36:54  getlinelist
19:37:19  
19:37:19  getdatalist
19:37:21  getdatalist
19:37:21  参数不正确
19:37:21  
19:37:21  getdatalist
19:37:38  参数不正确
19:37:38  
19:37:38  getdatalist
19:37:47  
19:37:47  getdatalist
19:37:58  
19:37:58  getdatalist
19:38:20  参数不正确
19:38:20  
19:38:20  getdatalist
19:38:39  参数不正确
19:38:39  
19:38:39  getdatalist
19:38:48  
19:38:48  getdatalist
19:38:58  
19:38:58  getdatalist
19:39:21  参数不正确
19:39:21  
19:39:21  getdatalist
19:39:40  参数不正确
19:39:40  
19:39:40  getdatalist
19:39:49  
19:39:49  getdatalist
19:39:58  
19:39:58  getdatalist
19:40:22  参数不正确
19:40:22  
19:40:22  getdatalist
19:40:41  参数不正确
19:40:41  
19:40:41  getdatalist
19:40:44  getbusparklist
19:40:45  
19:40:45  getdatalist
19:40:45  getlinelist
19:40:46  getdatalist
19:40:50  
19:40:50  getdatalist
19:41:23  参数不正确
19:41:23  
19:41:23  getdatalist
19:41:42  参数不正确
19:41:42  
19:41:42  getdatalist
19:41:46  
19:41:46  getdatalist
19:41:51  
19:41:51  getdatalist
19:42:24  参数不正确
19:42:24  
19:42:24  getdatalist
19:42:43  参数不正确
19:42:43  
19:42:43  getdatalist
19:42:47  
19:42:47  getdatalist
19:42:52  
19:42:52  getdatalist
19:43:25  参数不正确
19:43:25  
19:43:25  getdatalist
19:43:44  参数不正确
19:43:44  
19:43:44  getdatalist
19:43:48  
19:43:48  getdatalist
19:43:53  
19:43:53  getdatalist
19:44:26  参数不正确
19:44:26  
19:44:26  getdatalist
19:44:45  参数不正确
19:44:45  
19:44:45  getdatalist
19:44:49  
19:44:49  getdatalist
19:44:54  
19:44:54  getdatalist
19:45:27  参数不正确
19:45:27  
19:45:27  getdatalist
19:45:46  参数不正确
19:45:46  
19:45:46  getdatalist
19:45:50  
19:45:50  getdatalist
19:45:55  
19:45:55  getdatalist
19:46:28  参数不正确
19:46:28  
19:46:28  getdatalist
19:46:47  参数不正确
19:46:47  
19:46:47  getdatalist
19:46:51  
19:46:51  getdatalist
19:46:56  
19:46:56  getdatalist
19:47:29  参数不正确
19:47:29  
19:47:29  getdatalist
19:47:48  参数不正确
19:47:48  
19:47:48  getdatalist
19:47:52  
19:47:52  getdatalist
19:47:57  
19:47:57  getdatalist
19:48:30  参数不正确
19:48:30  
19:48:30  getdatalist
19:48:49  参数不正确
19:48:49  
19:48:49  getdatalist
19:48:53  
19:48:53  getdatalist
19:48:58  
19:48:58  getdatalist
19:49:31  参数不正确
19:49:31  
19:49:31  getdatalist
19:49:50  参数不正确
19:49:50  
19:49:50  getdatalist
19:49:54  
19:49:54  getdatalist
19:49:59  
19:49:59  getdatalist
19:50:32  参数不正确
19:50:32  
19:50:32  getdatalist
19:50:51  参数不正确
19:50:51  
19:50:51  getdatalist
19:50:55  
19:50:55  getdatalist
19:51:00  
19:51:00  getdatalist
19:51:33  参数不正确
19:51:33  
19:51:33  getdatalist
19:51:52  参数不正确
19:51:52  
19:51:52  getdatalist
19:51:56  
19:51:56  getdatalist
19:52:01  
19:52:01  getdatalist
19:52:34  参数不正确
19:52:34  
19:52:34  getdatalist
19:52:53  参数不正确
19:52:53  
19:52:53  getdatalist
19:52:57  
19:52:57  getdatalist
19:53:02  
19:53:02  getdatalist
19:53:35  参数不正确
19:53:35  
19:53:35  getdatalist
19:53:54  参数不正确
19:53:54  
19:53:54  getdatalist
19:53:58  
19:53:58  getdatalist
19:54:03  
19:54:03  getdatalist
19:54:36  参数不正确
19:54:36  
19:54:36  getdatalist
19:54:55  参数不正确
19:54:55  
19:54:55  getdatalist
19:54:58  
19:54:58  getdatalist
19:55:04  
19:55:04  getdatalist
19:55:37  参数不正确
19:55:37  
19:55:37  getdatalist
19:55:56  参数不正确
19:55:56  
19:55:56  getdatalist
19:55:58  
19:55:58  getdatalist
19:56:05  
19:56:05  getdatalist
19:56:38  参数不正确
19:56:38  
19:56:38  getdatalist
19:56:57  参数不正确
19:56:57  
19:56:57  getdatalist
19:56:58  
19:56:58  getdatalist
19:57:06  
19:57:06  getdatalist
19:57:39  参数不正确
19:57:39  
19:57:39  getdatalist
19:57:58  
19:57:58  getdatalist
19:57:58  参数不正确
19:57:58  
19:57:58  getdatalist
19:58:07  
19:58:07  getdatalist
19:58:40  参数不正确
19:58:40  
19:58:40  getdatalist
19:58:58  
19:58:58  getdatalist
19:58:59  参数不正确
19:58:59  
19:58:59  getdatalist
19:59:08  
19:59:08  getdatalist
19:59:41  参数不正确
19:59:41  
19:59:41  getdatalist
19:59:58  
19:59:58  getdatalist
20:00:00  参数不正确
20:00:00  
20:00:00  getdatalist
20:00:09  
20:00:09  getdatalist
20:00:17  getbusparklist
20:00:18  getlinelist
20:00:19  
20:00:19  getdatalist
20:00:42  参数不正确
20:00:42  
20:00:42  getdatalist
20:01:01  参数不正确
20:01:01  
20:01:01  getdatalist
20:01:04  getbusparklist
20:01:05  getlinelist
20:01:06  
20:01:06  getdatalist
20:01:10  
20:01:10  getdatalist
20:01:20  getbusparklist
20:01:20  getlinelist
20:01:21  
20:01:21  getdatalist
20:01:43  参数不正确
20:01:43  
20:01:43  getdatalist
20:01:53  getbusparklist
20:01:53  getlinelist
20:01:54  
20:01:54  getdatalist
20:01:57  getdatalist
20:02:02  参数不正确
20:02:02  
20:02:02  getdatalist
20:02:03  
20:02:03  getdatalist
20:02:05  getdatalist
20:02:10  getdatalist
20:02:12  getdatalist
20:02:12  
20:02:12  getdatalist
20:02:44  参数不正确
20:02:44  
20:02:44  getdatalist
20:02:46  getlinelist
20:02:46  
20:02:46  getdatalist
20:02:46  getbusparklist
20:03:03  参数不正确
20:03:03  
20:03:03  getdatalist
20:03:12  
20:03:12  getdatalist
20:03:45  参数不正确
20:03:45  
20:03:45  getdatalist
20:03:47  
20:03:47  getdatalist
20:04:04  参数不正确
20:04:04  
20:04:04  getdatalist
20:04:13  
20:04:13  getdatalist
20:04:47  
20:04:47  getdatalist
20:04:47  参数不正确
20:04:47  
20:04:47  getdatalist
20:05:05  参数不正确
20:05:05  
20:05:05  getdatalist
20:05:09  getbusparklist
20:05:09  getlinelist
20:05:10  
20:05:10  getdatalist
20:05:14  
20:05:14  getdatalist
20:05:47  参数不正确
20:05:47  
20:05:47  getdatalist
20:06:01  getbusparklist
20:06:01  getlinelist
20:06:02  
20:06:02  getdatalist
20:06:05  getdatalist
20:06:06  getdatalist
20:06:06  getdatalist
20:06:07  getdatalist
20:06:08  getdatalist
20:06:09  getdatalist
20:06:09  参数不正确
20:06:09  
20:06:09  getdatalist
20:06:15  
20:06:15  getdatalist
20:06:48  参数不正确
20:06:48  
20:06:48  getdatalist
20:07:07  
20:07:07  getdatalist
20:07:07  参数不正确
20:07:07  
20:07:07  getdatalist
20:07:16  
20:07:16  getdatalist
20:07:49  参数不正确
20:07:49  
20:07:49  getdatalist
20:08:07  
20:08:07  getdatalist
20:08:08  参数不正确
20:08:08  
20:08:08  getdatalist
20:08:17  
20:08:17  getdatalist
20:08:32  getbusparklist
20:08:33  getlinelist
20:09:24  getdatalist
20:09:51  参数不正确
20:09:52  getdatalist
20:10:14  getdatalist
20:10:23  getdatalist
20:10:24  getdatalist
20:10:28  参数不正确
20:10:28  getdatalist
20:10:28  参数不正确
20:10:28  getdatalist
20:10:29  getdatalist
20:10:29  参数不正确
20:10:29  getdatalist
20:10:31  getdatalist
20:10:52  参数不正确
20:10:52  getdatalist
20:10:58  getlinelist
20:10:58  getdatalist
20:10:58  getbusparklist
20:11:11  参数不正确
20:11:11  getdatalist
20:11:20  getdatalist
20:11:22  getbusparklist
20:11:22  getlinelist
20:11:23  getdatalist
20:11:53  参数不正确
20:11:53  getdatalist
20:11:58  getbusparklist
20:11:59  getlinelist
20:11:59  getdatalist
20:12:12  参数不正确
20:12:12  getdatalist
20:12:21  getdatalist
20:12:52  getlinelist
20:12:53  getbusparklist
20:12:53  
20:12:53  getdatalist
20:12:54  参数不正确
20:12:54  
20:12:54  getdatalist
20:13:42  参数不正确
20:13:42  
20:13:42  getdatalist
20:13:43  
20:13:43  getdatalist
20:14:01  getlinelist
20:14:01  getdatalist
20:14:01  getbusparklist
20:14:04  getdatalist
20:14:14  参数不正确
20:14:14  getdatalist
20:14:23  getdatalist
20:14:45  getdatalist
20:14:56  参数不正确
20:14:56  getdatalist
20:14:59  getbusparklist
20:14:59  getlinelist
20:15:00  getdatalist
20:15:08  getdatalist
20:15:11  getlinelist
20:15:11  getbusparklist
20:15:11  getdatalist
20:15:15  参数不正确
20:15:15  getdatalist
20:15:24  getdatalist
20:15:57  getlinelist
20:15:57  getbusparklist
20:15:57  getdatalist
20:15:57  参数不正确
20:15:57  getdatalist
20:15:59  getdatalist
20:16:01  getdatalist
20:16:05  getbusparklist
20:16:05  getdatalist
20:16:55  getlinelist
20:16:55  getbusparklist
20:16:55  getdatalist
20:16:57  getdatalist
20:16:58  参数不正确
20:16:58  getdatalist
20:16:59  getdatalist
20:17:16  getbusparklist
20:17:16  getlinelist
20:17:17  参数不正确
20:17:17  getdatalist
20:17:17  getdatalist
20:17:18  getdatalist
20:17:26  getdatalist
20:17:39  getlinelist
20:17:39  getbusparklist
20:17:39  getdatalist
20:17:41  getdatalist
20:17:59  参数不正确
20:17:59  getdatalist
20:18:00  getdatalist
20:18:18  参数不正确
20:18:18  getdatalist
20:18:27  getdatalist
20:18:41  getdatalist
20:18:54  getbusparklist
20:18:54  getlinelist
20:18:54  getdatalist
20:18:57  getdatalist
20:19:00  参数不正确
20:19:00  getdatalist
20:19:01  getdatalist
20:19:19  参数不正确
20:19:19  getdatalist
20:19:28  getdatalist
20:19:57  getdatalist
20:20:01  参数不正确
20:20:01  getdatalist
20:20:02  getdatalist
20:20:20  参数不正确
20:20:20  getdatalist
20:20:29  getdatalist
20:20:57  getdatalist
20:21:02  参数不正确
20:21:02  getdatalist
20:21:03  getdatalist
20:21:13  getlinelist
20:21:13  getbusparklist
20:21:13  getdatalist
20:21:37  getbusparklist
20:21:37  getlinelist
20:21:37  getdatalist
20:21:38  getdatalist
20:22:03  参数不正确
20:22:03  getdatalist
20:22:04  getdatalist
20:22:14  getdatalist
20:22:22  参数不正确
20:22:22  getdatalist
20:22:31  getdatalist
20:22:36  getlinelist
20:22:36  getbusparklist
20:22:36  getdatalist
20:22:40  getdatalist
20:22:57  getlinelist
20:22:57  getbusparklist
20:22:57  getdatalist
20:22:59  getdatalist
20:23:04  参数不正确
20:23:04  getdatalist
20:23:05  getdatalist
20:23:14  getlinelist
20:23:14  getdatalist
20:23:14  getbusparklist
20:23:15  getdatalist
20:23:16  getdatalist
20:23:23  参数不正确
20:23:23  getdatalist
20:24:09  参数不正确
20:24:09  getdatalist
20:24:09  getlinelist
20:24:09  getbusparklist
20:24:09  getdatalist
20:24:10  getdatalist
20:24:12  getdatalist
20:24:17  getdatalist
20:24:24  参数不正确
20:24:24  getdatalist
20:24:24  getbusparklist
20:24:24  getlinelist
20:24:25  getdatalist
20:24:33  getdatalist
20:24:40  getlinelist
20:24:40  getbusparklist
20:24:40  getdatalist
20:24:42  getdatalist
20:24:49  getdatalist
20:25:01  getdatalist
20:25:06  参数不正确
20:25:06  getdatalist
20:25:08  getdatalist
20:25:18  getdatalist
20:25:25  参数不正确
20:25:25  getdatalist
20:25:34  getdatalist
20:25:43  getdatalist
20:25:49  getdatalist
20:25:51  getbusparklist
20:25:51  getlinelist
20:25:52  getdatalist
20:25:53  getdatalist
20:25:56  getdatalist
20:26:02  getdatalist
20:26:07  参数不正确
20:26:07  getdatalist
20:26:09  getdatalist
20:26:33  参数不正确
20:26:33  getdatalist
20:26:34  getdatalist
20:26:35  getdatalist
20:26:36  getdatalist
20:26:44  getdatalist
20:27:03  getdatalist
20:27:08  getdatalist
20:27:08  参数不正确
20:27:08  getdatalist
20:27:10  getdatalist
20:27:20  getdatalist
20:27:27  参数不正确
20:27:27  getdatalist
20:27:36  getdatalist
20:27:45  getdatalist
20:28:04  getdatalist
20:28:08  getdatalist
20:28:09  参数不正确
20:28:09  getdatalist
20:28:11  getdatalist
20:28:21  getdatalist
20:28:28  参数不正确
20:28:28  getdatalist
20:28:37  getdatalist
20:28:46  getdatalist
