08:59:53  getlinelist
08:59:53  密码不正确
08:59:53  getdatalist
09:00:10  getdatalist
09:00:14  getdatalist
09:00:14  getdatalist
09:00:14  getdatalist
09:00:14  getdatalist
09:00:14  getdatalist
09:00:15  getdatalist
09:00:15  getdatalist
09:00:15  getdatalist
09:00:15  getdatalist
09:00:15  getdatalist
09:00:15  getdatalist
09:00:16  getdatalist
09:00:17  getdatalist
09:00:19  getbusparklist
09:00:20  getlinelist
09:00:20  密码不正确
09:00:20  getdatalist
09:00:27  getdatalist
09:01:15  getdatalist
09:01:15  getdatalist
09:01:16  getdatalist
09:01:16  getdatalist
09:01:16  getdatalist
09:01:17  getdatalist
09:01:17  getdatalist
09:01:17  getdatalist
09:01:18  getdatalist
09:01:18  getdatalist
09:01:19  getdatalist
09:01:19  getdatalist
09:01:19  getdatalist
10:19:14  getbusparklist
10:19:14  日期或时间不正确
10:19:14  getdatalist
10:21:07  getbusparklist
10:21:07  getlinelist
10:21:10  密码不正确
10:21:10  getdatalist
10:21:39  getbusparklist
10:21:39  密码不正确
10:21:39  getdatalist
10:22:08  getbusparklist
10:22:08  getlinelist
10:22:08  密码不正确
10:22:08  getdatalist
10:22:50  getdatalist
10:23:18  getlinelist
10:23:18  getbusparklist
10:23:18  密码不正确
10:23:18  getdatalist
10:23:41  getdatalist
